This file contains any messages produced by compilers while
running configure, to aid debugging if configure makes a mistake.

It was created by Suscoin Core configure 0.18.1, which was
generated by GNU Autoconf 2.69.  Invocation command line was

  $ ./configure --with-incompatible-bdb --disable-shared --with-pic --with-bignum=no --enable-module-recovery --disable-jni --no-create --no-recursion

## --------- ##
## Platform. ##
## --------- ##

hostname = DESKTOP-7K0ITBL
uname -m = x86_64
uname -r = 5.4.72-microsoft-standard-WSL2
uname -s = Linux
uname -v = #1 SMP Wed Oct 28 23:40:43 UTC 2020

/usr/bin/uname -p = x86_64
/bin/uname -X     = unknown

/bin/arch              = x86_64
/usr/bin/arch -k       = unknown
/usr/convex/getsysinfo = unknown
/usr/bin/hostinfo      = unknown
/bin/machine           = unknown
/usr/bin/oslevel       = unknown
/bin/universe          = unknown

PATH: /usr/local/sbin
PATH: /usr/local/bin
PATH: /usr/sbin
PATH: /usr/bin
PATH: /sbin
PATH: /bin
PATH: /snap/bin


## ----------- ##
## Core tests. ##
## ----------- ##

configure:3119: checking build system type
configure:3133: result: x86_64-pc-linux-gnu
configure:3153: checking host system type
configure:3166: result: x86_64-pc-linux-gnu
configure:3209: checking for a BSD-compatible install
configure:3277: result: /usr/bin/install -c
configure:3288: checking whether build environment is sane
configure:3343: result: yes
configure:3492: checking for a thread-safe mkdir -p
configure:3531: result: /usr/bin/mkdir -p
configure:3538: checking for gawk
configure:3554: found /usr/bin/gawk
configure:3565: result: gawk
configure:3576: checking whether make sets $(MAKE)
configure:3598: result: yes
configure:3627: checking whether make supports nested variables
configure:3644: result: yes
configure:3763: checking whether to enable maintainer-specific portions of Makefiles
configure:3772: result: yes
configure:3797: checking whether make supports nested variables
configure:3814: result: yes
configure:3889: checking for g++
configure:3905: found /usr/bin/g++
configure:3916: result: g++
configure:3943: checking for C++ compiler version
configure:3952: g++ --version >&5
g++ (Ubuntu 9.3.0-17ubuntu1~20.04) 9.3.0
Copyright (C) 2019 Free Software Foundation, Inc.
This is free software; see the source for copying conditions.  There is NO
warranty; not even for MERCHANTABILITY or FITNESS FOR A PARTICULAR PURPOSE.

configure:3963: $? = 0
configure:3952: g++ -v >&5
Using built-in specs.
COLLECT_GCC=g++
COLLECT_LTO_WRAPPER=/usr/lib/gcc/x86_64-linux-gnu/9/lto-wrapper
OFFLOAD_TARGET_NAMES=nvptx-none:hsa
OFFLOAD_TARGET_DEFAULT=1
Target: x86_64-linux-gnu
Configured with: ../src/configure -v --with-pkgversion='Ubuntu 9.3.0-17ubuntu1~20.04' --with-bugurl=file:///usr/share/doc/gcc-9/README.Bugs --enable-languages=c,ada,c++,go,brig,d,fortran,objc,obj-c++,gm2 --prefix=/usr --with-gcc-major-version-only --program-suffix=-9 --program-prefix=x86_64-linux-gnu- --enable-shared --enable-linker-build-id --libexecdir=/usr/lib --without-included-gettext --enable-threads=posix --libdir=/usr/lib --enable-nls --enable-clocale=gnu --enable-libstdcxx-debug --enable-libstdcxx-time=yes --with-default-libstdcxx-abi=new --enable-gnu-unique-object --disable-vtable-verify --enable-plugin --enable-default-pie --with-system-zlib --with-target-system-zlib=auto --enable-objc-gc=auto --enable-multiarch --disable-werror --with-arch-32=i686 --with-abi=m64 --with-multilib-list=m32,m64,mx32 --enable-multilib --with-tune=generic --enable-offload-targets=nvptx-none=/build/gcc-9-HskZEa/gcc-9-9.3.0/debian/tmp-nvptx/usr,hsa --without-cuda-driver --enable-checking=release --build=x86_64-linux-gnu --host=x86_64-linux-gnu --target=x86_64-linux-gnu
Thread model: posix
gcc version 9.3.0 (Ubuntu 9.3.0-17ubuntu1~20.04) 
configure:3963: $? = 0
configure:3952: g++ -V >&5
g++: error: unrecognized command line option '-V'
g++: fatal error: no input files
compilation terminated.
configure:3963: $? = 1
configure:3952: g++ -qversion >&5
g++: error: unrecognized command line option '-qversion'; did you mean '--version'?
g++: fatal error: no input files
compilation terminated.
configure:3963: $? = 1
configure:3983: checking whether the C++ compiler works
configure:4005: g++    conftest.cpp  >&5
configure:4009: $? = 0
configure:4057: result: yes
configure:4060: checking for C++ compiler default output file name
configure:4062: result: a.out
configure:4068: checking for suffix of executables
configure:4075: g++ -o conftest    conftest.cpp  >&5
configure:4079: $? = 0
configure:4101: result: 
configure:4123: checking whether we are cross compiling
configure:4131: g++ -o conftest    conftest.cpp  >&5
configure:4135: $? = 0
configure:4142: ./conftest
configure:4146: $? = 0
configure:4134: result: no
configure:4139: checking for suffix of object files
configure:4161: g++ -c   conftest.cpp >&5
configure:4165: $? = 0
configure:4186: result: o
configure:4190: checking whether we are using the GNU C++ compiler
configure:4209: g++ -c   conftest.cpp >&5
configure:4209: $? = 0
configure:4218: result: yes
configure:4227: checking whether g++ accepts -g
configure:4247: g++ -c -g  conftest.cpp >&5
configure:4247: $? = 0
configure:4288: result: yes
configure:4314: checking whether make supports the include directive
configure:4329: make -f confmf.GNU && cat confinc.out
make[1]: Entering directory '/mnt/e/Projekty/susCoin/litecoin'
make[1]: Warning: File 'confinc.mk' has modification time 1 s in the future
make[1]: warning:  Clock skew detected.  Your build may be incomplete.
make[1]: Leaving directory '/mnt/e/Projekty/susCoin/litecoin'
this is the am__doit target
configure:4332: $? = 0
configure:4351: result: yes (GNU style)
configure:4376: checking dependency style of g++
configure:4487: result: gcc3
configure:4525: checking whether g++ supports C++11 features with -std=c++11
configure:4821: g++ -std=c++11 -c -g -O2  conftest.cpp >&5
configure:4821: $? = 0
configure:4830: result: yes
configure:4874: checking whether std::atomic can be used without link library
configure:4892: g++ -std=c++11 -o conftest -g -O2   conftest.cpp  >&5
configure:4892: $? = 0
configure:4894: result: yes
configure:5059: checking for Objective C++ compiler version
configure:5068: g++ -std=c++11 --version >&5
g++ (Ubuntu 9.3.0-17ubuntu1~20.04) 9.3.0
Copyright (C) 2019 Free Software Foundation, Inc.
This is free software; see the source for copying conditions.  There is NO
warranty; not even for MERCHANTABILITY or FITNESS FOR A PARTICULAR PURPOSE.

configure:5079: $? = 0
configure:5068: g++ -std=c++11 -v >&5
Using built-in specs.
COLLECT_GCC=g++
COLLECT_LTO_WRAPPER=/usr/lib/gcc/x86_64-linux-gnu/9/lto-wrapper
OFFLOAD_TARGET_NAMES=nvptx-none:hsa
OFFLOAD_TARGET_DEFAULT=1
Target: x86_64-linux-gnu
Configured with: ../src/configure -v --with-pkgversion='Ubuntu 9.3.0-17ubuntu1~20.04' --with-bugurl=file:///usr/share/doc/gcc-9/README.Bugs --enable-languages=c,ada,c++,go,brig,d,fortran,objc,obj-c++,gm2 --prefix=/usr --with-gcc-major-version-only --program-suffix=-9 --program-prefix=x86_64-linux-gnu- --enable-shared --enable-linker-build-id --libexecdir=/usr/lib --without-included-gettext --enable-threads=posix --libdir=/usr/lib --enable-nls --enable-clocale=gnu --enable-libstdcxx-debug --enable-libstdcxx-time=yes --with-default-libstdcxx-abi=new --enable-gnu-unique-object --disable-vtable-verify --enable-plugin --enable-default-pie --with-system-zlib --with-target-system-zlib=auto --enable-objc-gc=auto --enable-multiarch --disable-werror --with-arch-32=i686 --with-abi=m64 --with-multilib-list=m32,m64,mx32 --enable-multilib --with-tune=generic --enable-offload-targets=nvptx-none=/build/gcc-9-HskZEa/gcc-9-9.3.0/debian/tmp-nvptx/usr,hsa --without-cuda-driver --enable-checking=release --build=x86_64-linux-gnu --host=x86_64-linux-gnu --target=x86_64-linux-gnu
Thread model: posix
gcc version 9.3.0 (Ubuntu 9.3.0-17ubuntu1~20.04) 
configure:5079: $? = 0
configure:5068: g++ -std=c++11 -V >&5
g++: error: unrecognized command line option '-V'
g++: fatal error: no input files
compilation terminated.
configure:5079: $? = 1
configure:5068: g++ -std=c++11 -qversion >&5
g++: error: unrecognized command line option '-qversion'; did you mean '--version'?
g++: fatal error: no input files
compilation terminated.
configure:5079: $? = 1
configure:5083: checking whether we are using the GNU Objective C++ compiler
configure:5102: g++ -std=c++11 -c   conftest.mm >&5
g++: fatal error: cannot execute 'cc1objplus': execvp: No such file or directory
compilation terminated.
configure:5102: $? = 1
configure: failed program was:
| /* confdefs.h */
| #define PACKAGE_NAME "Suscoin Core"
| #define PACKAGE_TARNAME "suscoin"
| #define PACKAGE_VERSION "0.18.1"
| #define PACKAGE_STRING "Suscoin Core 0.18.1"
| #define PACKAGE_BUGREPORT "https://github.com/suscoin-project/suscoin/issues"
| #define PACKAGE_URL "https://suscoin.org/"
| #define HAVE_CXX11 1
| /* end confdefs.h.  */
| 
| int
| main ()
| {
| #ifndef __GNUC__
|        choke me
| #endif
| 
|   ;
|   return 0;
| }
configure:5111: result: no
configure:5120: checking whether g++ -std=c++11 accepts -g
configure:5140: g++ -std=c++11 -c -g  conftest.mm >&5
g++: fatal error: cannot execute 'cc1objplus': execvp: No such file or directory
compilation terminated.
configure:5140: $? = 1
configure: failed program was:
| /* confdefs.h */
| #define PACKAGE_NAME "Suscoin Core"
| #define PACKAGE_TARNAME "suscoin"
| #define PACKAGE_VERSION "0.18.1"
| #define PACKAGE_STRING "Suscoin Core 0.18.1"
| #define PACKAGE_BUGREPORT "https://github.com/suscoin-project/suscoin/issues"
| #define PACKAGE_URL "https://suscoin.org/"
| #define HAVE_CXX11 1
| /* end confdefs.h.  */
| 
| int
| main ()
| {
| 
|   ;
|   return 0;
| }
configure:5155: g++ -std=c++11 -c   conftest.mm >&5
g++: fatal error: cannot execute 'cc1objplus': execvp: No such file or directory
compilation terminated.
configure:5155: $? = 1
configure: failed program was:
| /* confdefs.h */
| #define PACKAGE_NAME "Suscoin Core"
| #define PACKAGE_TARNAME "suscoin"
| #define PACKAGE_VERSION "0.18.1"
| #define PACKAGE_STRING "Suscoin Core 0.18.1"
| #define PACKAGE_BUGREPORT "https://github.com/suscoin-project/suscoin/issues"
| #define PACKAGE_URL "https://suscoin.org/"
| #define HAVE_CXX11 1
| /* end confdefs.h.  */
| 
| int
| main ()
| {
| 
|   ;
|   return 0;
| }
configure:5171: g++ -std=c++11 -c -g  conftest.mm >&5
g++: fatal error: cannot execute 'cc1objplus': execvp: No such file or directory
compilation terminated.
configure:5171: $? = 1
configure: failed program was:
| /* confdefs.h */
| #define PACKAGE_NAME "Suscoin Core"
| #define PACKAGE_TARNAME "suscoin"
| #define PACKAGE_VERSION "0.18.1"
| #define PACKAGE_STRING "Suscoin Core 0.18.1"
| #define PACKAGE_BUGREPORT "https://github.com/suscoin-project/suscoin/issues"
| #define PACKAGE_URL "https://suscoin.org/"
| #define HAVE_CXX11 1
| /* end confdefs.h.  */
| 
| int
| main ()
| {
| 
|   ;
|   return 0;
| }
configure:5181: result: no
configure:5206: checking dependency style of g++ -std=c++11
configure:5315: result: gcc3
configure:5378: checking how to print strings
configure:5405: result: printf
configure:5474: checking for gcc
configure:5490: found /usr/bin/gcc
configure:5501: result: gcc
configure:5730: checking for C compiler version
configure:5739: gcc --version >&5
gcc (Ubuntu 9.3.0-17ubuntu1~20.04) 9.3.0
Copyright (C) 2019 Free Software Foundation, Inc.
This is free software; see the source for copying conditions.  There is NO
warranty; not even for MERCHANTABILITY or FITNESS FOR A PARTICULAR PURPOSE.

configure:5750: $? = 0
configure:5739: gcc -v >&5
Using built-in specs.
COLLECT_GCC=gcc
COLLECT_LTO_WRAPPER=/usr/lib/gcc/x86_64-linux-gnu/9/lto-wrapper
OFFLOAD_TARGET_NAMES=nvptx-none:hsa
OFFLOAD_TARGET_DEFAULT=1
Target: x86_64-linux-gnu
Configured with: ../src/configure -v --with-pkgversion='Ubuntu 9.3.0-17ubuntu1~20.04' --with-bugurl=file:///usr/share/doc/gcc-9/README.Bugs --enable-languages=c,ada,c++,go,brig,d,fortran,objc,obj-c++,gm2 --prefix=/usr --with-gcc-major-version-only --program-suffix=-9 --program-prefix=x86_64-linux-gnu- --enable-shared --enable-linker-build-id --libexecdir=/usr/lib --without-included-gettext --enable-threads=posix --libdir=/usr/lib --enable-nls --enable-clocale=gnu --enable-libstdcxx-debug --enable-libstdcxx-time=yes --with-default-libstdcxx-abi=new --enable-gnu-unique-object --disable-vtable-verify --enable-plugin --enable-default-pie --with-system-zlib --with-target-system-zlib=auto --enable-objc-gc=auto --enable-multiarch --disable-werror --with-arch-32=i686 --with-abi=m64 --with-multilib-list=m32,m64,mx32 --enable-multilib --with-tune=generic --enable-offload-targets=nvptx-none=/build/gcc-9-HskZEa/gcc-9-9.3.0/debian/tmp-nvptx/usr,hsa --without-cuda-driver --enable-checking=release --build=x86_64-linux-gnu --host=x86_64-linux-gnu --target=x86_64-linux-gnu
Thread model: posix
gcc version 9.3.0 (Ubuntu 9.3.0-17ubuntu1~20.04) 
configure:5750: $? = 0
configure:5739: gcc -V >&5
gcc: error: unrecognized command line option '-V'
gcc: fatal error: no input files
compilation terminated.
configure:5750: $? = 1
configure:5739: gcc -qversion >&5
gcc: error: unrecognized command line option '-qversion'; did you mean '--version'?
gcc: fatal error: no input files
compilation terminated.
configure:5750: $? = 1
configure:5754: checking whether we are using the GNU C compiler
configure:5773: gcc -c   conftest.c >&5
configure:5773: $? = 0
configure:5782: result: yes
configure:5791: checking whether gcc accepts -g
configure:5811: gcc -c -g  conftest.c >&5
configure:5811: $? = 0
configure:5852: result: yes
configure:5869: checking for gcc option to accept ISO C89
configure:5932: gcc  -c -g -O2  conftest.c >&5
configure:5932: $? = 0
configure:5945: result: none needed
configure:5970: checking whether gcc understands -c and -o together
configure:5992: gcc -c conftest.c -o conftest2.o
configure:5995: $? = 0
configure:5992: gcc -c conftest.c -o conftest2.o
configure:5995: $? = 0
configure:6007: result: yes
configure:6026: checking dependency style of gcc
configure:6137: result: gcc3
configure:6152: checking for a sed that does not truncate output
configure:6216: result: /usr/bin/sed
configure:6234: checking for grep that handles long lines and -e
configure:6292: result: /usr/bin/grep
configure:6297: checking for egrep
configure:6359: result: /usr/bin/grep -E
configure:6364: checking for fgrep
configure:6426: result: /usr/bin/grep -F
configure:6461: checking for ld used by gcc
configure:6528: result: /usr/bin/ld
configure:6535: checking if the linker (/usr/bin/ld) is GNU ld
configure:6550: result: yes
configure:6562: checking for BSD- or MS-compatible name lister (nm)
configure:6616: result: /usr/bin/nm -B
configure:6746: checking the name lister (/usr/bin/nm -B) interface
configure:6753: gcc -c -g -O2  conftest.c >&5
configure:6756: /usr/bin/nm -B "conftest.o"
configure:6759: output
0000000000000000 B some_variable
configure:6760: result: BSD nm
configure:6763: checking whether ln -s works
configure:6767: result: yes
configure:6775: checking the maximum length of command line arguments
configure:6906: result: 1572864
configure:6954: checking how to convert x86_64-pc-linux-gnu file names to x86_64-pc-linux-gnu format
configure:6994: result: func_convert_file_noop
configure:7001: checking how to convert x86_64-pc-linux-gnu file names to toolchain format
configure:7021: result: func_convert_file_noop
configure:7028: checking for /usr/bin/ld option to reload object files
configure:7035: result: -r
configure:7109: checking for objdump
configure:7125: found /usr/bin/objdump
configure:7136: result: objdump
configure:7168: checking how to recognize dependent libraries
configure:7368: result: pass_all
configure:7453: checking for dlltool
configure:7483: result: no
configure:7513: checking how to associate runtime and link libraries
configure:7540: result: printf %s\n
configure:7601: checking for ar
configure:7617: found /usr/bin/ar
configure:7628: result: ar
configure:7665: checking for archiver @FILE support
configure:7682: gcc -c -g -O2  conftest.c >&5
configure:7682: $? = 0
configure:7685: ar cr libconftest.a @conftest.lst >&5
configure:7688: $? = 0
configure:7693: ar cr libconftest.a @conftest.lst >&5
ar: conftest.o: No such file or directory
configure:7696: $? = 1
configure:7695: result: @
configure:7753: checking for strip
configure:7769: found /usr/bin/strip
configure:7780: result: strip
configure:7852: checking for ranlib
configure:7868: found /usr/bin/ranlib
configure:7879: result: ranlib
configure:7981: checking command to parse /usr/bin/nm -B output from gcc object
configure:8134: gcc -c -g -O2  conftest.c >&5
configure:8137: $? = 0
configure:8141: /usr/bin/nm -B conftest.o | sed -n -e 's/^.*[	 ]\([ABCDGIRSTW][ABCDGIRSTW]*\)[	 ][	 ]*\([_A-Za-z][_A-Za-z0-9]*\)$/\1 \2 \2/p' | sed '/ __gnu_lto/d' > conftest.nm
configure:8207: gcc -o conftest -g -O2   conftest.c conftstm.o >&5
configure:8210: $? = 0
configure:8248: result: ok
configure:8295: checking for sysroot
configure:8325: result: no
configure:8332: checking for a working dd
configure:8370: result: /usr/bin/dd
configure:8374: checking how to truncate binary pipes
configure:8389: result: /usr/bin/dd bs=4096 count=1
configure:8525: gcc -c -g -O2  conftest.c >&5
configure:8528: $? = 0
configure:8718: checking for mt
configure:8734: found /usr/bin/mt
configure:8745: result: mt
configure:8768: checking if mt is a manifest tool
configure:8774: mt '-?'
configure:8782: result: no
configure:9459: checking how to run the C preprocessor
configure:9490: gcc -E  conftest.c
configure:9490: $? = 0
configure:9504: gcc -E  conftest.c
conftest.c:10:10: fatal error: ac_nonexistent.h: No such file or directory
   10 | #include <ac_nonexistent.h>
      |          ^~~~~~~~~~~~~~~~~~
compilation terminated.
configure:9504: $? = 1
configure: failed program was:
| /* confdefs.h */
| #define PACKAGE_NAME "Suscoin Core"
| #define PACKAGE_TARNAME "suscoin"
| #define PACKAGE_VERSION "0.18.1"
| #define PACKAGE_STRING "Suscoin Core 0.18.1"
| #define PACKAGE_BUGREPORT "https://github.com/suscoin-project/suscoin/issues"
| #define PACKAGE_URL "https://suscoin.org/"
| #define HAVE_CXX11 1
| /* end confdefs.h.  */
| #include <ac_nonexistent.h>
configure:9529: result: gcc -E
configure:9549: gcc -E  conftest.c
configure:9549: $? = 0
configure:9563: gcc -E  conftest.c
conftest.c:10:10: fatal error: ac_nonexistent.h: No such file or directory
   10 | #include <ac_nonexistent.h>
      |          ^~~~~~~~~~~~~~~~~~
compilation terminated.
configure:9563: $? = 1
configure: failed program was:
| /* confdefs.h */
| #define PACKAGE_NAME "Suscoin Core"
| #define PACKAGE_TARNAME "suscoin"
| #define PACKAGE_VERSION "0.18.1"
| #define PACKAGE_STRING "Suscoin Core 0.18.1"
| #define PACKAGE_BUGREPORT "https://github.com/suscoin-project/suscoin/issues"
| #define PACKAGE_URL "https://suscoin.org/"
| #define HAVE_CXX11 1
| /* end confdefs.h.  */
| #include <ac_nonexistent.h>
configure:9592: checking for ANSI C header files
configure:9612: gcc -c -g -O2  conftest.c >&5
configure:9612: $? = 0
configure:9685: gcc -o conftest -g -O2   conftest.c  >&5
configure:9685: $? = 0
configure:9685: ./conftest
configure:9685: $? = 0
configure:9696: result: yes
configure:9709: checking for sys/types.h
configure:9709: gcc -c -g -O2  conftest.c >&5
configure:9709: $? = 0
configure:9709: result: yes
configure:9709: checking for sys/stat.h
configure:9709: gcc -c -g -O2  conftest.c >&5
configure:9709: $? = 0
configure:9709: result: yes
configure:9709: checking for stdlib.h
configure:9709: gcc -c -g -O2  conftest.c >&5
configure:9709: $? = 0
configure:9709: result: yes
configure:9709: checking for string.h
configure:9709: gcc -c -g -O2  conftest.c >&5
configure:9709: $? = 0
configure:9709: result: yes
configure:9709: checking for memory.h
configure:9709: gcc -c -g -O2  conftest.c >&5
configure:9709: $? = 0
configure:9709: result: yes
configure:9709: checking for strings.h
configure:9709: gcc -c -g -O2  conftest.c >&5
configure:9709: $? = 0
configure:9709: result: yes
configure:9709: checking for inttypes.h
configure:9709: gcc -c -g -O2  conftest.c >&5
configure:9709: $? = 0
configure:9709: result: yes
configure:9709: checking for stdint.h
configure:9709: gcc -c -g -O2  conftest.c >&5
configure:9709: $? = 0
configure:9709: result: yes
configure:9709: checking for unistd.h
configure:9709: gcc -c -g -O2  conftest.c >&5
configure:9709: $? = 0
configure:9709: result: yes
configure:9723: checking for dlfcn.h
configure:9723: gcc -c -g -O2  conftest.c >&5
configure:9723: $? = 0
configure:9723: result: yes
configure:9988: checking for objdir
configure:10003: result: .libs
configure:10267: checking if gcc supports -fno-rtti -fno-exceptions
configure:10285: gcc -c -g -O2  -fno-rtti -fno-exceptions conftest.c >&5
cc1: warning: command line option '-fno-rtti' is valid for C++/D/ObjC++ but not for C
configure:10289: $? = 0
configure:10302: result: no
configure:10666: checking for gcc option to produce PIC
configure:10673: result: -fPIC -DPIC
configure:10681: checking if gcc PIC flag -fPIC -DPIC works
configure:10699: gcc -c -g -O2  -fPIC -DPIC -DPIC conftest.c >&5
configure:10703: $? = 0
configure:10716: result: yes
configure:10745: checking if gcc static flag -static works
configure:10773: result: yes
configure:10788: checking if gcc supports -c -o file.o
configure:10809: gcc -c -g -O2  -o out/conftest2.o conftest.c >&5
configure:10813: $? = 0
configure:10835: result: yes
configure:10843: checking if gcc supports -c -o file.o
configure:10890: result: yes
configure:10923: checking whether the gcc linker (/usr/bin/ld -m elf_x86_64) supports shared libraries
configure:12186: result: yes
configure:12426: checking dynamic linker characteristics
configure:13007: gcc -o conftest -g -O2   -Wl,-rpath -Wl,/foo conftest.c  >&5
configure:13007: $? = 0
configure:13256: result: GNU/Linux ld.so
configure:13378: checking how to hardcode library paths into programs
configure:13403: result: immediate
configure:13951: checking whether stripping libraries is possible
configure:13956: result: yes
configure:13991: checking if libtool supports shared libraries
configure:13993: result: yes
configure:13996: checking whether to build shared libraries
configure:14021: result: no
configure:14024: checking whether to build static libraries
configure:14028: result: yes
configure:10827: checking how to run the C++ preprocessor
configure:10854: g++ -std=c++11 -E  conftest.cpp
configure:10854: $? = 0
configure:10868: g++ -std=c++11 -E  conftest.cpp
conftest.cpp:22:10: fatal error: ac_nonexistent.h: No such file or directory
   22 | #include <ac_nonexistent.h>
      |          ^~~~~~~~~~~~~~~~~~
compilation terminated.
configure:10868: $? = 1
configure: failed program was:
| /* confdefs.h */
| #define PACKAGE_NAME "Suscoin Core"
| #define PACKAGE_TARNAME "suscoin"
| #define PACKAGE_VERSION "0.18.1"
| #define PACKAGE_STRING "Suscoin Core 0.18.1"
| #define PACKAGE_BUGREPORT "https://github.com/suscoin-project/suscoin/issues"
| #define PACKAGE_URL "https://suscoin.org/"
| #define HAVE_CXX11 1
| #define STDC_HEADERS 1
| #define HAVE_SYS_TYPES_H 1
| #define HAVE_SYS_STAT_H 1
| #define HAVE_STDLIB_H 1
| #define HAVE_STRING_H 1
| #define HAVE_MEMORY_H 1
| #define HAVE_STRINGS_H 1
| #define HAVE_INTTYPES_H 1
| #define HAVE_STDINT_H 1
| #define HAVE_UNISTD_H 1
| #define HAVE_DLFCN_H 1
| #define LT_OBJDIR ".libs/"
| /* end confdefs.h.  */
| #include <ac_nonexistent.h>
configure:10893: result: g++ -std=c++11 -E
configure:10913: g++ -std=c++11 -E  conftest.cpp
configure:10913: $? = 0
configure:10927: g++ -std=c++11 -E  conftest.cpp
conftest.cpp:22:10: fatal error: ac_nonexistent.h: No such file or directory
   22 | #include <ac_nonexistent.h>
      |          ^~~~~~~~~~~~~~~~~~
compilation terminated.
configure:10927: $? = 1
configure: failed program was:
| /* confdefs.h */
| #define PACKAGE_NAME "Suscoin Core"
| #define PACKAGE_TARNAME "suscoin"
| #define PACKAGE_VERSION "0.18.1"
| #define PACKAGE_STRING "Suscoin Core 0.18.1"
| #define PACKAGE_BUGREPORT "https://github.com/suscoin-project/suscoin/issues"
| #define PACKAGE_URL "https://suscoin.org/"
| #define HAVE_CXX11 1
| #define STDC_HEADERS 1
| #define HAVE_SYS_TYPES_H 1
| #define HAVE_SYS_STAT_H 1
| #define HAVE_STDLIB_H 1
| #define HAVE_STRING_H 1
| #define HAVE_MEMORY_H 1
| #define HAVE_STRINGS_H 1
| #define HAVE_INTTYPES_H 1
| #define HAVE_STDINT_H 1
| #define HAVE_UNISTD_H 1
| #define HAVE_DLFCN_H 1
| #define LT_OBJDIR ".libs/"
| /* end confdefs.h.  */
| #include <ac_nonexistent.h>
configure:11089: checking for ld used by g++ -std=c++11
configure:11156: result: /usr/bin/ld -m elf_x86_64
configure:11163: checking if the linker (/usr/bin/ld -m elf_x86_64) is GNU ld
configure:11178: result: yes
configure:11233: checking whether the g++ -std=c++11 linker (/usr/bin/ld -m elf_x86_64) supports shared libraries
configure:12306: result: yes
configure:12342: g++ -std=c++11 -c -g -O2  conftest.cpp >&5
configure:12345: $? = 0
configure:12826: checking for g++ -std=c++11 option to produce PIC
configure:12833: result: -fPIC -DPIC
configure:12841: checking if g++ -std=c++11 PIC flag -fPIC -DPIC works
configure:12859: g++ -std=c++11 -c -g -O2  -fPIC -DPIC -DPIC conftest.cpp >&5
configure:12863: $? = 0
configure:12876: result: yes
configure:12899: checking if g++ -std=c++11 static flag -static works
configure:12927: result: yes
configure:12939: checking if g++ -std=c++11 supports -c -o file.o
configure:12960: g++ -std=c++11 -c -g -O2  -o out/conftest2.o conftest.cpp >&5
configure:12964: $? = 0
configure:12986: result: yes
configure:12991: checking if g++ -std=c++11 supports -c -o file.o
configure:13038: result: yes
configure:13068: checking whether the g++ -std=c++11 linker (/usr/bin/ld -m elf_x86_64) supports shared libraries
configure:13111: result: yes
configure:13252: checking dynamic linker characteristics
configure:14009: result: GNU/Linux ld.so
configure:14074: checking how to hardcode library paths into programs
configure:14099: result: immediate
configure:13038: checking for ar
configure:13056: found /usr/bin/ar
configure:13068: result: /usr/bin/ar
configure:13136: checking for ranlib
configure:13154: found /usr/bin/ranlib
configure:13166: result: /usr/bin/ranlib
configure:13234: checking for strip
configure:13252: found /usr/bin/strip
configure:13264: result: /usr/bin/strip
configure:13332: checking for gcov
configure:13350: found /usr/bin/gcov
configure:13362: result: /usr/bin/gcov
configure:13386: checking for lcov
configure:13419: result: no
configure:13428: checking for python3.4
configure:13461: result: no
configure:13428: checking for python3.5
configure:13461: result: no
configure:13428: checking for python3.6
configure:13461: result: no
configure:13428: checking for python3.7
configure:13461: result: no
configure:13428: checking for python3
configure:13446: found /usr/bin/python3
configure:13458: result: /usr/bin/python3
configure:13471: checking for genhtml
configure:13504: result: no
configure:13511: checking for git
configure:13529: found /usr/bin/git
configure:13541: result: /usr/bin/git
configure:13551: checking for ccache
configure:13584: result: no
configure:13591: checking for xgettext
configure:13624: result: no
configure:13631: checking for hexdump
configure:13649: found /usr/bin/hexdump
configure:13661: result: /usr/bin/hexdump
configure:13715: checking for readelf
configure:13733: found /usr/bin/readelf
configure:13745: result: /usr/bin/readelf
configure:13813: checking for c++filt
configure:13831: found /usr/bin/c++filt
configure:13843: result: /usr/bin/c++filt
configure:13911: checking for objcopy
configure:13929: found /usr/bin/objcopy
configure:13941: result: /usr/bin/objcopy
configure:13965: checking for doxygen
configure:13998: result: no
configure:14004: WARNING: Doxygen not found
configure:14259: checking whether C++ compiler accepts -Werror
configure:14278: g++ -std=c++11 -c -g -O2  -Werror  conftest.cpp >&5
configure:14278: $? = 0
configure:14286: result: yes
configure:14739: checking whether C++ compiler accepts -Wall
configure:14758: g++ -std=c++11 -c -g -O2 -Werror -Wall  conftest.cpp >&5
configure:14758: $? = 0
configure:14767: result: yes
configure:14776: checking whether C++ compiler accepts -Wextra
configure:14795: g++ -std=c++11 -c -g -O2 -Werror -Wextra  conftest.cpp >&5
configure:14795: $? = 0
configure:14804: result: yes
configure:14813: checking whether C++ compiler accepts -Wformat
configure:14832: g++ -std=c++11 -c -g -O2 -Werror -Wformat  conftest.cpp >&5
configure:14832: $? = 0
configure:14841: result: yes
configure:14850: checking whether C++ compiler accepts -Wvla
configure:14869: g++ -std=c++11 -c -g -O2 -Werror -Wvla  conftest.cpp >&5
configure:14869: $? = 0
configure:14878: result: yes
configure:14887: checking whether C++ compiler accepts -Wformat-security
configure:14906: g++ -std=c++11 -c -g -O2 -Werror -Wformat-security  conftest.cpp >&5
configure:14906: $? = 0
configure:14915: result: yes
configure:14924: checking whether C++ compiler accepts -Wthread-safety-analysis
configure:14943: g++ -std=c++11 -c -g -O2 -Werror -Wthread-safety-analysis  conftest.cpp >&5
g++: error: unrecognized command line option '-Wthread-safety-analysis'
configure:14943: $? = 1
configure: failed program was:
| /* confdefs.h */
| #define PACKAGE_NAME "Suscoin Core"
| #define PACKAGE_TARNAME "suscoin"
| #define PACKAGE_VERSION "0.18.1"
| #define PACKAGE_STRING "Suscoin Core 0.18.1"
| #define PACKAGE_BUGREPORT "https://github.com/suscoin-project/suscoin/issues"
| #define PACKAGE_URL "https://suscoin.org/"
| #define HAVE_CXX11 1
| #define STDC_HEADERS 1
| #define HAVE_SYS_TYPES_H 1
| #define HAVE_SYS_STAT_H 1
| #define HAVE_STDLIB_H 1
| #define HAVE_STRING_H 1
| #define HAVE_MEMORY_H 1
| #define HAVE_STRINGS_H 1
| #define HAVE_INTTYPES_H 1
| #define HAVE_STDINT_H 1
| #define HAVE_UNISTD_H 1
| #define HAVE_DLFCN_H 1
| #define LT_OBJDIR ".libs/"
| #define USE_ASM 1
| /* end confdefs.h.  */
| 
| int
| main ()
| {
| 
|   ;
|   return 0;
| }
configure:14952: result: no
configure:14961: checking whether C++ compiler accepts -Wrange-loop-analysis
configure:14980: g++ -std=c++11 -c -g -O2 -Werror -Wrange-loop-analysis  conftest.cpp >&5
g++: error: unrecognized command line option '-Wrange-loop-analysis'
configure:14980: $? = 1
configure: failed program was:
| /* confdefs.h */
| #define PACKAGE_NAME "Suscoin Core"
| #define PACKAGE_TARNAME "suscoin"
| #define PACKAGE_VERSION "0.18.1"
| #define PACKAGE_STRING "Suscoin Core 0.18.1"
| #define PACKAGE_BUGREPORT "https://github.com/suscoin-project/suscoin/issues"
| #define PACKAGE_URL "https://suscoin.org/"
| #define HAVE_CXX11 1
| #define STDC_HEADERS 1
| #define HAVE_SYS_TYPES_H 1
| #define HAVE_SYS_STAT_H 1
| #define HAVE_STDLIB_H 1
| #define HAVE_STRING_H 1
| #define HAVE_MEMORY_H 1
| #define HAVE_STRINGS_H 1
| #define HAVE_INTTYPES_H 1
| #define HAVE_STDINT_H 1
| #define HAVE_UNISTD_H 1
| #define HAVE_DLFCN_H 1
| #define LT_OBJDIR ".libs/"
| #define USE_ASM 1
| /* end confdefs.h.  */
| 
| int
| main ()
| {
| 
|   ;
|   return 0;
| }
configure:14989: result: no
configure:14998: checking whether C++ compiler accepts -Wredundant-decls
configure:15017: g++ -std=c++11 -c -g -O2 -Werror -Wredundant-decls  conftest.cpp >&5
configure:15017: $? = 0
configure:15026: result: yes
configure:15039: checking whether C++ compiler accepts -Wunused-parameter
configure:15058: g++ -std=c++11 -c -g -O2 -Werror -Wunused-parameter  conftest.cpp >&5
configure:15058: $? = 0
configure:15067: result: yes
configure:15076: checking whether C++ compiler accepts -Wself-assign
configure:15095: g++ -std=c++11 -c -g -O2 -Werror -Wself-assign  conftest.cpp >&5
g++: error: unrecognized command line option '-Wself-assign'
configure:15095: $? = 1
configure: failed program was:
| /* confdefs.h */
| #define PACKAGE_NAME "Suscoin Core"
| #define PACKAGE_TARNAME "suscoin"
| #define PACKAGE_VERSION "0.18.1"
| #define PACKAGE_STRING "Suscoin Core 0.18.1"
| #define PACKAGE_BUGREPORT "https://github.com/suscoin-project/suscoin/issues"
| #define PACKAGE_URL "https://suscoin.org/"
| #define HAVE_CXX11 1
| #define STDC_HEADERS 1
| #define HAVE_SYS_TYPES_H 1
| #define HAVE_SYS_STAT_H 1
| #define HAVE_STDLIB_H 1
| #define HAVE_STRING_H 1
| #define HAVE_MEMORY_H 1
| #define HAVE_STRINGS_H 1
| #define HAVE_INTTYPES_H 1
| #define HAVE_STDINT_H 1
| #define HAVE_UNISTD_H 1
| #define HAVE_DLFCN_H 1
| #define LT_OBJDIR ".libs/"
| #define USE_ASM 1
| /* end confdefs.h.  */
| 
| int
| main ()
| {
| 
|   ;
|   return 0;
| }
configure:15104: result: no
configure:15113: checking whether C++ compiler accepts -Wunused-local-typedef
configure:15132: g++ -std=c++11 -c -g -O2 -Werror -Wunused-local-typedef  conftest.cpp >&5
g++: error: unrecognized command line option '-Wunused-local-typedef'; did you mean '-Wunused-local-typedefs'?
configure:15132: $? = 1
configure: failed program was:
| /* confdefs.h */
| #define PACKAGE_NAME "Suscoin Core"
| #define PACKAGE_TARNAME "suscoin"
| #define PACKAGE_VERSION "0.18.1"
| #define PACKAGE_STRING "Suscoin Core 0.18.1"
| #define PACKAGE_BUGREPORT "https://github.com/suscoin-project/suscoin/issues"
| #define PACKAGE_URL "https://suscoin.org/"
| #define HAVE_CXX11 1
| #define STDC_HEADERS 1
| #define HAVE_SYS_TYPES_H 1
| #define HAVE_SYS_STAT_H 1
| #define HAVE_STDLIB_H 1
| #define HAVE_STRING_H 1
| #define HAVE_MEMORY_H 1
| #define HAVE_STRINGS_H 1
| #define HAVE_INTTYPES_H 1
| #define HAVE_STDINT_H 1
| #define HAVE_UNISTD_H 1
| #define HAVE_DLFCN_H 1
| #define LT_OBJDIR ".libs/"
| #define USE_ASM 1
| /* end confdefs.h.  */
| 
| int
| main ()
| {
| 
|   ;
|   return 0;
| }
configure:15141: result: no
configure:15150: checking whether C++ compiler accepts -Wdeprecated-register
configure:15169: g++ -std=c++11 -c -g -O2 -Werror -Wdeprecated-register  conftest.cpp >&5
g++: error: unrecognized command line option '-Wdeprecated-register'; did you mean '-Wdeprecated-copy-dtor'?
configure:15169: $? = 1
configure: failed program was:
| /* confdefs.h */
| #define PACKAGE_NAME "Suscoin Core"
| #define PACKAGE_TARNAME "suscoin"
| #define PACKAGE_VERSION "0.18.1"
| #define PACKAGE_STRING "Suscoin Core 0.18.1"
| #define PACKAGE_BUGREPORT "https://github.com/suscoin-project/suscoin/issues"
| #define PACKAGE_URL "https://suscoin.org/"
| #define HAVE_CXX11 1
| #define STDC_HEADERS 1
| #define HAVE_SYS_TYPES_H 1
| #define HAVE_SYS_STAT_H 1
| #define HAVE_STDLIB_H 1
| #define HAVE_STRING_H 1
| #define HAVE_MEMORY_H 1
| #define HAVE_STRINGS_H 1
| #define HAVE_INTTYPES_H 1
| #define HAVE_STDINT_H 1
| #define HAVE_UNISTD_H 1
| #define HAVE_DLFCN_H 1
| #define LT_OBJDIR ".libs/"
| #define USE_ASM 1
| /* end confdefs.h.  */
| 
| int
| main ()
| {
| 
|   ;
|   return 0;
| }
configure:15178: result: no
configure:15187: checking whether C++ compiler accepts -Wimplicit-fallthrough
configure:15206: g++ -std=c++11 -c -g -O2 -Werror -Wimplicit-fallthrough  conftest.cpp >&5
configure:15206: $? = 0
configure:15215: result: yes
configure:15229: checking whether C++ compiler accepts -msse4.2
configure:15248: g++ -std=c++11 -c -g -O2 -Werror -msse4.2  conftest.cpp >&5
configure:15248: $? = 0
configure:15257: result: yes
configure:15266: checking whether C++ compiler accepts -msse4.1
configure:15285: g++ -std=c++11 -c -g -O2 -Werror -msse4.1  conftest.cpp >&5
configure:15285: $? = 0
configure:15294: result: yes
configure:15303: checking whether C++ compiler accepts -mavx -mavx2
configure:15322: g++ -std=c++11 -c -g -O2 -Werror -mavx -mavx2  conftest.cpp >&5
configure:15322: $? = 0
configure:15331: result: yes
configure:15340: checking whether C++ compiler accepts -msse4 -msha
configure:15359: g++ -std=c++11 -c -g -O2 -Werror -msse4 -msha  conftest.cpp >&5
configure:15359: $? = 0
configure:15368: result: yes
configure:15379: checking for assembler crc32 support
configure:15405: g++ -std=c++11 -c -g -O2 -msse4.2  conftest.cpp >&5
configure:15405: $? = 0
configure:15406: result: yes
configure:15418: checking for SSE4.1 intrinsics
configure:15437: g++ -std=c++11 -c -g -O2 -msse4.1  conftest.cpp >&5
configure:15437: $? = 0
configure:15438: result: yes
configure:15452: checking for AVX2 intrinsics
configure:15471: g++ -std=c++11 -c -g -O2 -mavx -mavx2  conftest.cpp >&5
configure:15471: $? = 0
configure:15472: result: yes
configure:15486: checking for SHA-NI intrinsics
configure:15507: g++ -std=c++11 -c -g -O2 -msse4 -msha  conftest.cpp >&5
configure:15507: $? = 0
configure:15508: result: yes
configure:17191: checking for pkg-config
configure:17209: found /usr/bin/pkg-config
configure:17221: result: /usr/bin/pkg-config
configure:17246: checking pkg-config is at least version 0.9.0
configure:17249: result: yes
configure:17364: checking whether byte ordering is bigendian
configure:17379: g++ -std=c++11 -c -g -O2  -DHAVE_BUILD_INFO -D__STDC_FORMAT_MACROS conftest.cpp >&5
conftest.cpp:27:9: error: expected unqualified-id before 'not' token
   27 |         not a universal capable compiler
      |         ^~~
configure:17379: $? = 1
configure: failed program was:
| /* confdefs.h */
| #define PACKAGE_NAME "Suscoin Core"
| #define PACKAGE_TARNAME "suscoin"
| #define PACKAGE_VERSION "0.18.1"
| #define PACKAGE_STRING "Suscoin Core 0.18.1"
| #define PACKAGE_BUGREPORT "https://github.com/suscoin-project/suscoin/issues"
| #define PACKAGE_URL "https://suscoin.org/"
| #define HAVE_CXX11 1
| #define STDC_HEADERS 1
| #define HAVE_SYS_TYPES_H 1
| #define HAVE_SYS_STAT_H 1
| #define HAVE_STDLIB_H 1
| #define HAVE_STRING_H 1
| #define HAVE_MEMORY_H 1
| #define HAVE_STRINGS_H 1
| #define HAVE_INTTYPES_H 1
| #define HAVE_STDINT_H 1
| #define HAVE_UNISTD_H 1
| #define HAVE_DLFCN_H 1
| #define LT_OBJDIR ".libs/"
| #define USE_ASM 1
| #define ENABLE_SSE41 1
| #define ENABLE_AVX2 1
| #define ENABLE_SHANI 1
| /* end confdefs.h.  */
| #ifndef __APPLE_CC__
| 	       not a universal capable compiler
| 	     #endif
| 	     typedef int dummy;
| 
configure:17424: g++ -std=c++11 -c -g -O2  -DHAVE_BUILD_INFO -D__STDC_FORMAT_MACROS conftest.cpp >&5
configure:17424: $? = 0
configure:17442: g++ -std=c++11 -c -g -O2  -DHAVE_BUILD_INFO -D__STDC_FORMAT_MACROS conftest.cpp >&5
conftest.cpp: In function 'int main()':
conftest.cpp:33:8: error: 'big' was not declared in this scope
   33 |    not big endian
      |        ^~~
configure:17442: $? = 1
configure: failed program was:
| /* confdefs.h */
| #define PACKAGE_NAME "Suscoin Core"
| #define PACKAGE_TARNAME "suscoin"
| #define PACKAGE_VERSION "0.18.1"
| #define PACKAGE_STRING "Suscoin Core 0.18.1"
| #define PACKAGE_BUGREPORT "https://github.com/suscoin-project/suscoin/issues"
| #define PACKAGE_URL "https://suscoin.org/"
| #define HAVE_CXX11 1
| #define STDC_HEADERS 1
| #define HAVE_SYS_TYPES_H 1
| #define HAVE_SYS_STAT_H 1
| #define HAVE_STDLIB_H 1
| #define HAVE_STRING_H 1
| #define HAVE_MEMORY_H 1
| #define HAVE_STRINGS_H 1
| #define HAVE_INTTYPES_H 1
| #define HAVE_STDINT_H 1
| #define HAVE_UNISTD_H 1
| #define HAVE_DLFCN_H 1
| #define LT_OBJDIR ".libs/"
| #define USE_ASM 1
| #define ENABLE_SSE41 1
| #define ENABLE_AVX2 1
| #define ENABLE_SHANI 1
| /* end confdefs.h.  */
| #include <sys/types.h>
| 		#include <sys/param.h>
| 
| int
| main ()
| {
| #if BYTE_ORDER != BIG_ENDIAN
| 		 not big endian
| 		#endif
| 
|   ;
|   return 0;
| }
configure:17570: result: no
configure:17772: checking whether gcc is Clang
configure:17797: result: no
configure:17920: checking whether pthreads work with -pthread
configure:18014: gcc -o conftest -g -O2 -pthread  -DHAVE_BUILD_INFO -D__STDC_FORMAT_MACROS  conftest.c   >&5
configure:18014: $? = 0
configure:18023: result: yes
configure:18042: checking for joinable pthread attribute
configure:18060: gcc -o conftest -g -O2 -pthread  -DHAVE_BUILD_INFO -D__STDC_FORMAT_MACROS  conftest.c   >&5
configure:18060: $? = 0
configure:18068: result: PTHREAD_CREATE_JOINABLE
configure:18082: checking whether more special flags are required for pthreads
configure:18095: result: no
configure:18103: checking for PTHREAD_PRIO_INHERIT
configure:18119: gcc -o conftest -g -O2 -pthread  -DHAVE_BUILD_INFO -D__STDC_FORMAT_MACROS  conftest.c   >&5
configure:18119: $? = 0
configure:18128: result: yes
configure:18241: checking for special C compiler options needed for large files
configure:18286: result: no
configure:18292: checking for _FILE_OFFSET_BITS value needed for large files
configure:18317: g++ -std=c++11 -c -g -O2  -DHAVE_BUILD_INFO -D__STDC_FORMAT_MACROS conftest.cpp >&5
configure:18317: $? = 0
configure:18349: result: no
configure:18435: checking whether strerror_r is declared
configure:18435: g++ -std=c++11 -c -g -O2  -DHAVE_BUILD_INFO -D__STDC_FORMAT_MACROS conftest.cpp >&5
configure:18435: $? = 0
configure:18435: result: yes
configure:18448: checking for strerror_r
configure:18448: g++ -std=c++11 -o conftest -g -O2  -DHAVE_BUILD_INFO -D__STDC_FORMAT_MACROS  conftest.cpp  >&5
configure:18448: $? = 0
configure:18448: result: yes
configure:18457: checking whether strerror_r returns char *
configure:18481: g++ -std=c++11 -c -g -O2  -DHAVE_BUILD_INFO -D__STDC_FORMAT_MACROS conftest.cpp >&5
configure:18481: $? = 0
configure:18519: result: yes
configure:18540: checking whether the linker accepts -Wl,--large-address-aware
configure:18559: g++ -std=c++11 -o conftest -g -O2  -DHAVE_BUILD_INFO -D__STDC_FORMAT_MACROS   -Wl,--large-address-aware conftest.cpp  >&5
/usr/bin/ld: unrecognized option '--large-address-aware'
/usr/bin/ld: use the --help option for usage information
collect2: error: ld returned 1 exit status
configure:18559: $? = 1
configure: failed program was:
| /* confdefs.h */
| #define PACKAGE_NAME "Suscoin Core"
| #define PACKAGE_TARNAME "suscoin"
| #define PACKAGE_VERSION "0.18.1"
| #define PACKAGE_STRING "Suscoin Core 0.18.1"
| #define PACKAGE_BUGREPORT "https://github.com/suscoin-project/suscoin/issues"
| #define PACKAGE_URL "https://suscoin.org/"
| #define HAVE_CXX11 1
| #define STDC_HEADERS 1
| #define HAVE_SYS_TYPES_H 1
| #define HAVE_SYS_STAT_H 1
| #define HAVE_STDLIB_H 1
| #define HAVE_STRING_H 1
| #define HAVE_MEMORY_H 1
| #define HAVE_STRINGS_H 1
| #define HAVE_INTTYPES_H 1
| #define HAVE_STDINT_H 1
| #define HAVE_UNISTD_H 1
| #define HAVE_DLFCN_H 1
| #define LT_OBJDIR ".libs/"
| #define USE_ASM 1
| #define ENABLE_SSE41 1
| #define ENABLE_AVX2 1
| #define ENABLE_SHANI 1
| #define HAVE_PTHREAD_PRIO_INHERIT 1
| #define HAVE_PTHREAD 1
| #define HAVE_DECL_STRERROR_R 1
| #define HAVE_STRERROR_R 1
| #define STRERROR_R_CHAR_P 1
| /* end confdefs.h.  */
| 
| int
| main ()
| {
| 
|   ;
|   return 0;
| }
configure:18568: result: no
configure:18580: checking for __attribute__((visibility))
configure:18604: g++ -std=c++11 -o conftest -g -O2  -DHAVE_BUILD_INFO -D__STDC_FORMAT_MACROS  conftest.cpp  >&5
configure:18604: $? = 0
configure:18617: result: yes
configure:18633: checking for __attribute__((dllexport))
configure:18654: g++ -std=c++11 -o conftest -g -O2  -DHAVE_BUILD_INFO -D__STDC_FORMAT_MACROS  conftest.cpp  >&5
conftest.cpp:34:62: warning: 'dllexport' attribute directive ignored [-Wattributes]
   34 |                     __attribute__((dllexport)) int foo( void ) { return 0; }
      |                                                              ^
configure:18654: $? = 0
configure:18667: result: no
configure:18683: checking for __attribute__((dllimport))
configure:18704: g++ -std=c++11 -o conftest -g -O2  -DHAVE_BUILD_INFO -D__STDC_FORMAT_MACROS  conftest.cpp  >&5
conftest.cpp:34:62: warning: 'dllimport' attribute directive ignored [-Wattributes]
   34 |                     int foo( void ) __attribute__((dllimport));
      |                                                              ^
configure:18704: $? = 0
configure:18717: result: no
configure:18889: checking for library containing clock_gettime
configure:18920: g++ -std=c++11 -o conftest -g -O2  -DHAVE_BUILD_INFO -D__STDC_FORMAT_MACROS  conftest.cpp  >&5
configure:18920: $? = 0
configure:18937: result: none required
configure:19069: checking whether C++ compiler accepts -fPIC
configure:19088: g++ -std=c++11 -c -g -O2  -fPIC  -DHAVE_BUILD_INFO -D__STDC_FORMAT_MACROS conftest.cpp >&5
configure:19088: $? = 0
configure:19096: result: yes
configure:19109: checking whether C++ compiler accepts -fstack-reuse=none
configure:19128: g++ -std=c++11 -c -g -O2  -fstack-reuse=none  -DHAVE_BUILD_INFO -D__STDC_FORMAT_MACROS conftest.cpp >&5
configure:19128: $? = 0
configure:19136: result: yes
configure:19146: checking whether C++ compiler accepts -Wstack-protector
configure:19165: g++ -std=c++11 -c -g -O2  -Wstack-protector  -DHAVE_BUILD_INFO -D__STDC_FORMAT_MACROS conftest.cpp >&5
configure:19165: $? = 0
configure:19173: result: yes
configure:19181: checking whether C++ compiler accepts -fstack-protector-all
configure:19200: g++ -std=c++11 -c -g -O2  -fstack-protector-all  -DHAVE_BUILD_INFO -D__STDC_FORMAT_MACROS conftest.cpp >&5
configure:19200: $? = 0
configure:19208: result: yes
configure:19217: checking whether C++ preprocessor accepts -D_FORTIFY_SOURCE=2
configure:19236: g++ -std=c++11 -E  -DHAVE_BUILD_INFO -D__STDC_FORMAT_MACROS  -D_FORTIFY_SOURCE=2 conftest.cpp
configure:19236: $? = 0
configure:19244: result: yes
configure:19248: checking whether C++ preprocessor accepts -U_FORTIFY_SOURCE
configure:19267: g++ -std=c++11 -E  -DHAVE_BUILD_INFO -D__STDC_FORMAT_MACROS  -U_FORTIFY_SOURCE conftest.cpp
configure:19267: $? = 0
configure:19275: result: yes
configure:19292: checking whether the linker accepts -Wl,--dynamicbase
configure:19311: g++ -std=c++11 -o conftest -g -O2  -DHAVE_BUILD_INFO -D__STDC_FORMAT_MACROS   -Wl,--dynamicbase conftest.cpp  >&5
/usr/bin/ld: unrecognized option '--dynamicbase'
/usr/bin/ld: use the --help option for usage information
collect2: error: ld returned 1 exit status
configure:19311: $? = 1
configure: failed program was:
| /* confdefs.h */
| #define PACKAGE_NAME "Suscoin Core"
| #define PACKAGE_TARNAME "suscoin"
| #define PACKAGE_VERSION "0.18.1"
| #define PACKAGE_STRING "Suscoin Core 0.18.1"
| #define PACKAGE_BUGREPORT "https://github.com/suscoin-project/suscoin/issues"
| #define PACKAGE_URL "https://suscoin.org/"
| #define HAVE_CXX11 1
| #define STDC_HEADERS 1
| #define HAVE_SYS_TYPES_H 1
| #define HAVE_SYS_STAT_H 1
| #define HAVE_STDLIB_H 1
| #define HAVE_STRING_H 1
| #define HAVE_MEMORY_H 1
| #define HAVE_STRINGS_H 1
| #define HAVE_INTTYPES_H 1
| #define HAVE_STDINT_H 1
| #define HAVE_UNISTD_H 1
| #define HAVE_DLFCN_H 1
| #define LT_OBJDIR ".libs/"
| #define USE_ASM 1
| #define ENABLE_SSE41 1
| #define ENABLE_AVX2 1
| #define ENABLE_SHANI 1
| #define HAVE_PTHREAD_PRIO_INHERIT 1
| #define HAVE_PTHREAD 1
| #define HAVE_DECL_STRERROR_R 1
| #define HAVE_STRERROR_R 1
| #define STRERROR_R_CHAR_P 1
| #define HAVE_FUNC_ATTRIBUTE_VISIBILITY 1
| /* end confdefs.h.  */
| 
| int
| main ()
| {
| 
|   ;
|   return 0;
| }
configure:19320: result: no
configure:19328: checking whether the linker accepts -Wl,--nxcompat
configure:19347: g++ -std=c++11 -o conftest -g -O2  -DHAVE_BUILD_INFO -D__STDC_FORMAT_MACROS   -Wl,--nxcompat conftest.cpp  >&5
/usr/bin/ld: unrecognized option '--nxcompat'
/usr/bin/ld: use the --help option for usage information
collect2: error: ld returned 1 exit status
configure:19347: $? = 1
configure: failed program was:
| /* confdefs.h */
| #define PACKAGE_NAME "Suscoin Core"
| #define PACKAGE_TARNAME "suscoin"
| #define PACKAGE_VERSION "0.18.1"
| #define PACKAGE_STRING "Suscoin Core 0.18.1"
| #define PACKAGE_BUGREPORT "https://github.com/suscoin-project/suscoin/issues"
| #define PACKAGE_URL "https://suscoin.org/"
| #define HAVE_CXX11 1
| #define STDC_HEADERS 1
| #define HAVE_SYS_TYPES_H 1
| #define HAVE_SYS_STAT_H 1
| #define HAVE_STDLIB_H 1
| #define HAVE_STRING_H 1
| #define HAVE_MEMORY_H 1
| #define HAVE_STRINGS_H 1
| #define HAVE_INTTYPES_H 1
| #define HAVE_STDINT_H 1
| #define HAVE_UNISTD_H 1
| #define HAVE_DLFCN_H 1
| #define LT_OBJDIR ".libs/"
| #define USE_ASM 1
| #define ENABLE_SSE41 1
| #define ENABLE_AVX2 1
| #define ENABLE_SHANI 1
| #define HAVE_PTHREAD_PRIO_INHERIT 1
| #define HAVE_PTHREAD 1
| #define HAVE_DECL_STRERROR_R 1
| #define HAVE_STRERROR_R 1
| #define STRERROR_R_CHAR_P 1
| #define HAVE_FUNC_ATTRIBUTE_VISIBILITY 1
| /* end confdefs.h.  */
| 
| int
| main ()
| {
| 
|   ;
|   return 0;
| }
configure:19356: result: no
configure:19364: checking whether the linker accepts -Wl,--high-entropy-va
configure:19383: g++ -std=c++11 -o conftest -g -O2  -DHAVE_BUILD_INFO -D__STDC_FORMAT_MACROS   -Wl,--high-entropy-va conftest.cpp  >&5
/usr/bin/ld: unrecognized option '--high-entropy-va'
/usr/bin/ld: use the --help option for usage information
collect2: error: ld returned 1 exit status
configure:19383: $? = 1
configure: failed program was:
| /* confdefs.h */
| #define PACKAGE_NAME "Suscoin Core"
| #define PACKAGE_TARNAME "suscoin"
| #define PACKAGE_VERSION "0.18.1"
| #define PACKAGE_STRING "Suscoin Core 0.18.1"
| #define PACKAGE_BUGREPORT "https://github.com/suscoin-project/suscoin/issues"
| #define PACKAGE_URL "https://suscoin.org/"
| #define HAVE_CXX11 1
| #define STDC_HEADERS 1
| #define HAVE_SYS_TYPES_H 1
| #define HAVE_SYS_STAT_H 1
| #define HAVE_STDLIB_H 1
| #define HAVE_STRING_H 1
| #define HAVE_MEMORY_H 1
| #define HAVE_STRINGS_H 1
| #define HAVE_INTTYPES_H 1
| #define HAVE_STDINT_H 1
| #define HAVE_UNISTD_H 1
| #define HAVE_DLFCN_H 1
| #define LT_OBJDIR ".libs/"
| #define USE_ASM 1
| #define ENABLE_SSE41 1
| #define ENABLE_AVX2 1
| #define ENABLE_SHANI 1
| #define HAVE_PTHREAD_PRIO_INHERIT 1
| #define HAVE_PTHREAD 1
| #define HAVE_DECL_STRERROR_R 1
| #define HAVE_STRERROR_R 1
| #define STRERROR_R_CHAR_P 1
| #define HAVE_FUNC_ATTRIBUTE_VISIBILITY 1
| /* end confdefs.h.  */
| 
| int
| main ()
| {
| 
|   ;
|   return 0;
| }
configure:19392: result: no
configure:19400: checking whether the linker accepts -Wl,-z,relro
configure:19419: g++ -std=c++11 -o conftest -g -O2  -DHAVE_BUILD_INFO -D__STDC_FORMAT_MACROS   -Wl,-z,relro conftest.cpp  >&5
configure:19419: $? = 0
configure:19428: result: yes
configure:19436: checking whether the linker accepts -Wl,-z,now
configure:19455: g++ -std=c++11 -o conftest -g -O2  -DHAVE_BUILD_INFO -D__STDC_FORMAT_MACROS   -Wl,-z,now conftest.cpp  >&5
configure:19455: $? = 0
configure:19464: result: yes
configure:19473: checking whether the linker accepts -fPIE -pie
configure:19492: g++ -std=c++11 -o conftest -g -O2  -DHAVE_BUILD_INFO -D__STDC_FORMAT_MACROS  -Werror -fPIE -pie conftest.cpp  >&5
configure:19492: $? = 0
configure:19502: result: yes
configure:19600: checking endian.h usability
configure:19600: g++ -std=c++11 -c -g -O2  -DHAVE_BUILD_INFO -D__STDC_FORMAT_MACROS conftest.cpp >&5
configure:19600: $? = 0
configure:19600: result: yes
configure:19600: checking endian.h presence
configure:19600: g++ -std=c++11 -E  -DHAVE_BUILD_INFO -D__STDC_FORMAT_MACROS conftest.cpp
configure:19600: $? = 0
configure:19600: result: yes
configure:19600: checking for endian.h
configure:19600: result: yes
configure:19600: checking sys/endian.h usability
configure:19600: g++ -std=c++11 -c -g -O2  -DHAVE_BUILD_INFO -D__STDC_FORMAT_MACROS conftest.cpp >&5
conftest.cpp:66:10: fatal error: sys/endian.h: No such file or directory
   66 | #include <sys/endian.h>
      |          ^~~~~~~~~~~~~~
compilation terminated.
configure:19600: $? = 1
configure: failed program was:
| /* confdefs.h */
| #define PACKAGE_NAME "Suscoin Core"
| #define PACKAGE_TARNAME "suscoin"
| #define PACKAGE_VERSION "0.18.1"
| #define PACKAGE_STRING "Suscoin Core 0.18.1"
| #define PACKAGE_BUGREPORT "https://github.com/suscoin-project/suscoin/issues"
| #define PACKAGE_URL "https://suscoin.org/"
| #define HAVE_CXX11 1
| #define STDC_HEADERS 1
| #define HAVE_SYS_TYPES_H 1
| #define HAVE_SYS_STAT_H 1
| #define HAVE_STDLIB_H 1
| #define HAVE_STRING_H 1
| #define HAVE_MEMORY_H 1
| #define HAVE_STRINGS_H 1
| #define HAVE_INTTYPES_H 1
| #define HAVE_STDINT_H 1
| #define HAVE_UNISTD_H 1
| #define HAVE_DLFCN_H 1
| #define LT_OBJDIR ".libs/"
| #define USE_ASM 1
| #define ENABLE_SSE41 1
| #define ENABLE_AVX2 1
| #define ENABLE_SHANI 1
| #define HAVE_PTHREAD_PRIO_INHERIT 1
| #define HAVE_PTHREAD 1
| #define HAVE_DECL_STRERROR_R 1
| #define HAVE_STRERROR_R 1
| #define STRERROR_R_CHAR_P 1
| #define HAVE_FUNC_ATTRIBUTE_VISIBILITY 1
| #define HAVE_ENDIAN_H 1
| /* end confdefs.h.  */
| #include <stdio.h>
| #ifdef HAVE_SYS_TYPES_H
| # include <sys/types.h>
| #endif
| #ifdef HAVE_SYS_STAT_H
| # include <sys/stat.h>
| #endif
| #ifdef STDC_HEADERS
| # include <stdlib.h>
| # include <stddef.h>
| #else
| # ifdef HAVE_STDLIB_H
| #  include <stdlib.h>
| # endif
| #endif
| #ifdef HAVE_STRING_H
| # if !defined STDC_HEADERS && defined HAVE_MEMORY_H
| #  include <memory.h>
| # endif
| # include <string.h>
| #endif
| #ifdef HAVE_STRINGS_H
| # include <strings.h>
| #endif
| #ifdef HAVE_INTTYPES_H
| # include <inttypes.h>
| #endif
| #ifdef HAVE_STDINT_H
| # include <stdint.h>
| #endif
| #ifdef HAVE_UNISTD_H
| # include <unistd.h>
| #endif
| #include <sys/endian.h>
configure:19600: result: no
configure:19600: checking sys/endian.h presence
configure:19600: g++ -std=c++11 -E  -DHAVE_BUILD_INFO -D__STDC_FORMAT_MACROS conftest.cpp
conftest.cpp:33:10: fatal error: sys/endian.h: No such file or directory
   33 | #include <sys/endian.h>
      |          ^~~~~~~~~~~~~~
compilation terminated.
configure:19600: $? = 1
configure: failed program was:
| /* confdefs.h */
| #define PACKAGE_NAME "Suscoin Core"
| #define PACKAGE_TARNAME "suscoin"
| #define PACKAGE_VERSION "0.18.1"
| #define PACKAGE_STRING "Suscoin Core 0.18.1"
| #define PACKAGE_BUGREPORT "https://github.com/suscoin-project/suscoin/issues"
| #define PACKAGE_URL "https://suscoin.org/"
| #define HAVE_CXX11 1
| #define STDC_HEADERS 1
| #define HAVE_SYS_TYPES_H 1
| #define HAVE_SYS_STAT_H 1
| #define HAVE_STDLIB_H 1
| #define HAVE_STRING_H 1
| #define HAVE_MEMORY_H 1
| #define HAVE_STRINGS_H 1
| #define HAVE_INTTYPES_H 1
| #define HAVE_STDINT_H 1
| #define HAVE_UNISTD_H 1
| #define HAVE_DLFCN_H 1
| #define LT_OBJDIR ".libs/"
| #define USE_ASM 1
| #define ENABLE_SSE41 1
| #define ENABLE_AVX2 1
| #define ENABLE_SHANI 1
| #define HAVE_PTHREAD_PRIO_INHERIT 1
| #define HAVE_PTHREAD 1
| #define HAVE_DECL_STRERROR_R 1
| #define HAVE_STRERROR_R 1
| #define STRERROR_R_CHAR_P 1
| #define HAVE_FUNC_ATTRIBUTE_VISIBILITY 1
| #define HAVE_ENDIAN_H 1
| /* end confdefs.h.  */
| #include <sys/endian.h>
configure:19600: result: no
configure:19600: checking for sys/endian.h
configure:19600: result: no
configure:19600: checking byteswap.h usability
configure:19600: g++ -std=c++11 -c -g -O2  -DHAVE_BUILD_INFO -D__STDC_FORMAT_MACROS conftest.cpp >&5
configure:19600: $? = 0
configure:19600: result: yes
configure:19600: checking byteswap.h presence
configure:19600: g++ -std=c++11 -E  -DHAVE_BUILD_INFO -D__STDC_FORMAT_MACROS conftest.cpp
configure:19600: $? = 0
configure:19600: result: yes
configure:19600: checking for byteswap.h
configure:19600: result: yes
configure:19600: checking stdio.h usability
configure:19600: g++ -std=c++11 -c -g -O2  -DHAVE_BUILD_INFO -D__STDC_FORMAT_MACROS conftest.cpp >&5
configure:19600: $? = 0
configure:19600: result: yes
configure:19600: checking stdio.h presence
configure:19600: g++ -std=c++11 -E  -DHAVE_BUILD_INFO -D__STDC_FORMAT_MACROS conftest.cpp
configure:19600: $? = 0
configure:19600: result: yes
configure:19600: checking for stdio.h
configure:19600: result: yes
configure:19600: checking for stdlib.h
configure:19600: result: yes
configure:19600: checking for unistd.h
configure:19600: result: yes
configure:19600: checking for strings.h
configure:19600: result: yes
configure:19600: checking for sys/types.h
configure:19600: result: yes
configure:19600: checking for sys/stat.h
configure:19600: result: yes
configure:19600: checking sys/select.h usability
configure:19600: g++ -std=c++11 -c -g -O2  -DHAVE_BUILD_INFO -D__STDC_FORMAT_MACROS conftest.cpp >&5
configure:19600: $? = 0
configure:19600: result: yes
configure:19600: checking sys/select.h presence
configure:19600: g++ -std=c++11 -E  -DHAVE_BUILD_INFO -D__STDC_FORMAT_MACROS conftest.cpp
configure:19600: $? = 0
configure:19600: result: yes
configure:19600: checking for sys/select.h
configure:19600: result: yes
configure:19600: checking sys/prctl.h usability
configure:19600: g++ -std=c++11 -c -g -O2  -DHAVE_BUILD_INFO -D__STDC_FORMAT_MACROS conftest.cpp >&5
configure:19600: $? = 0
configure:19600: result: yes
configure:19600: checking sys/prctl.h presence
configure:19600: g++ -std=c++11 -E  -DHAVE_BUILD_INFO -D__STDC_FORMAT_MACROS conftest.cpp
configure:19600: $? = 0
configure:19600: result: yes
configure:19600: checking for sys/prctl.h
configure:19600: result: yes
configure:19611: checking whether getifaddrs is declared
configure:19611: g++ -std=c++11 -c -g -O2  -DHAVE_BUILD_INFO -D__STDC_FORMAT_MACROS conftest.cpp >&5
configure:19611: $? = 0
configure:19611: result: yes
configure:19624: checking whether freeifaddrs is declared
configure:19624: g++ -std=c++11 -c -g -O2  -DHAVE_BUILD_INFO -D__STDC_FORMAT_MACROS conftest.cpp >&5
configure:19624: $? = 0
configure:19624: result: yes
configure:19638: checking whether strnlen is declared
configure:19638: g++ -std=c++11 -c -g -O2  -DHAVE_BUILD_INFO -D__STDC_FORMAT_MACROS conftest.cpp >&5
configure:19638: $? = 0
configure:19638: result: yes
configure:19651: checking whether daemon is declared
configure:19651: g++ -std=c++11 -c -g -O2  -DHAVE_BUILD_INFO -D__STDC_FORMAT_MACROS conftest.cpp >&5
configure:19651: $? = 0
configure:19651: result: yes
configure:19663: checking whether le16toh is declared
configure:19663: g++ -std=c++11 -c -g -O2  -DHAVE_BUILD_INFO -D__STDC_FORMAT_MACROS conftest.cpp >&5
configure:19663: $? = 0
configure:19663: result: yes
configure:19678: checking whether le32toh is declared
configure:19678: g++ -std=c++11 -c -g -O2  -DHAVE_BUILD_INFO -D__STDC_FORMAT_MACROS conftest.cpp >&5
configure:19678: $? = 0
configure:19678: result: yes
configure:19693: checking whether le64toh is declared
configure:19693: g++ -std=c++11 -c -g -O2  -DHAVE_BUILD_INFO -D__STDC_FORMAT_MACROS conftest.cpp >&5
configure:19693: $? = 0
configure:19693: result: yes
configure:19708: checking whether htole16 is declared
configure:19708: g++ -std=c++11 -c -g -O2  -DHAVE_BUILD_INFO -D__STDC_FORMAT_MACROS conftest.cpp >&5
configure:19708: $? = 0
configure:19708: result: yes
configure:19723: checking whether htole32 is declared
configure:19723: g++ -std=c++11 -c -g -O2  -DHAVE_BUILD_INFO -D__STDC_FORMAT_MACROS conftest.cpp >&5
configure:19723: $? = 0
configure:19723: result: yes
configure:19738: checking whether htole64 is declared
configure:19738: g++ -std=c++11 -c -g -O2  -DHAVE_BUILD_INFO -D__STDC_FORMAT_MACROS conftest.cpp >&5
configure:19738: $? = 0
configure:19738: result: yes
configure:19753: checking whether be16toh is declared
configure:19753: g++ -std=c++11 -c -g -O2  -DHAVE_BUILD_INFO -D__STDC_FORMAT_MACROS conftest.cpp >&5
configure:19753: $? = 0
configure:19753: result: yes
configure:19768: checking whether be32toh is declared
configure:19768: g++ -std=c++11 -c -g -O2  -DHAVE_BUILD_INFO -D__STDC_FORMAT_MACROS conftest.cpp >&5
configure:19768: $? = 0
configure:19768: result: yes
configure:19783: checking whether be64toh is declared
configure:19783: g++ -std=c++11 -c -g -O2  -DHAVE_BUILD_INFO -D__STDC_FORMAT_MACROS conftest.cpp >&5
configure:19783: $? = 0
configure:19783: result: yes
configure:19798: checking whether htobe16 is declared
configure:19798: g++ -std=c++11 -c -g -O2  -DHAVE_BUILD_INFO -D__STDC_FORMAT_MACROS conftest.cpp >&5
configure:19798: $? = 0
configure:19798: result: yes
configure:19813: checking whether htobe32 is declared
configure:19813: g++ -std=c++11 -c -g -O2  -DHAVE_BUILD_INFO -D__STDC_FORMAT_MACROS conftest.cpp >&5
configure:19813: $? = 0
configure:19813: result: yes
configure:19828: checking whether htobe64 is declared
configure:19828: g++ -std=c++11 -c -g -O2  -DHAVE_BUILD_INFO -D__STDC_FORMAT_MACROS conftest.cpp >&5
configure:19828: $? = 0
configure:19828: result: yes
configure:19845: checking whether bswap_16 is declared
configure:19845: g++ -std=c++11 -c -g -O2  -DHAVE_BUILD_INFO -D__STDC_FORMAT_MACROS conftest.cpp >&5
configure:19845: $? = 0
configure:19845: result: yes
configure:19858: checking whether bswap_32 is declared
configure:19858: g++ -std=c++11 -c -g -O2  -DHAVE_BUILD_INFO -D__STDC_FORMAT_MACROS conftest.cpp >&5
configure:19858: $? = 0
configure:19858: result: yes
configure:19871: checking whether bswap_64 is declared
configure:19871: g++ -std=c++11 -c -g -O2  -DHAVE_BUILD_INFO -D__STDC_FORMAT_MACROS conftest.cpp >&5
configure:19871: $? = 0
configure:19871: result: yes
configure:19886: checking whether __builtin_clz is declared
configure:19886: g++ -std=c++11 -c -g -O2  -DHAVE_BUILD_INFO -D__STDC_FORMAT_MACROS conftest.cpp >&5
configure:19886: $? = 0
configure:19886: result: yes
configure:19896: checking whether __builtin_clzl is declared
configure:19896: g++ -std=c++11 -c -g -O2  -DHAVE_BUILD_INFO -D__STDC_FORMAT_MACROS conftest.cpp >&5
configure:19896: $? = 0
configure:19896: result: yes
configure:19906: checking whether __builtin_clzll is declared
configure:19906: g++ -std=c++11 -c -g -O2  -DHAVE_BUILD_INFO -D__STDC_FORMAT_MACROS conftest.cpp >&5
configure:19906: $? = 0
configure:19906: result: yes
configure:19918: checking for getmemoryinfo
configure:19931: g++ -std=c++11 -c -g -O2  -DHAVE_BUILD_INFO -D__STDC_FORMAT_MACROS conftest.cpp >&5
configure:19931: $? = 0
configure:19932: result: yes
configure:19943: checking for mallopt M_ARENA_MAX
configure:19956: g++ -std=c++11 -c -g -O2  -DHAVE_BUILD_INFO -D__STDC_FORMAT_MACROS conftest.cpp >&5
configure:19956: $? = 0
configure:19957: result: yes
configure:19968: checking for visibility attribute
configure:19977: g++ -std=c++11 -o conftest -g -O2  -DHAVE_BUILD_INFO -D__STDC_FORMAT_MACROS  conftest.cpp  >&5
configure:19977: $? = 0
configure:19982: result: yes
configure:20000: checking for thread_local support
configure:20014: g++ -std=c++11 -o conftest -g -O2  -DHAVE_BUILD_INFO -D__STDC_FORMAT_MACROS  -pthread conftest.cpp  >&5
configure:20014: $? = 0
configure:20019: result: yes
configure:20034: checking for Linux getrandom syscall
configure:20049: g++ -std=c++11 -c -g -O2  -DHAVE_BUILD_INFO -D__STDC_FORMAT_MACROS conftest.cpp >&5
configure:20049: $? = 0
configure:20050: result: yes
configure:20061: checking for getentropy
configure:20074: g++ -std=c++11 -c -g -O2  -DHAVE_BUILD_INFO -D__STDC_FORMAT_MACROS conftest.cpp >&5
conftest.cpp: In function 'int main()':
conftest.cpp:73:12: warning: ignoring return value of 'int getentropy(void*, size_t)', declared with attribute warn_unused_result [-Wunused-result]
   73 |  getentropy(nullptr, 32)
      |  ~~~~~~~~~~^~~~~~~~~~~~~
configure:20074: $? = 0
configure:20075: result: yes
configure:20086: checking for getentropy via random.h
configure:20100: g++ -std=c++11 -c -g -O2  -DHAVE_BUILD_INFO -D__STDC_FORMAT_MACROS conftest.cpp >&5
conftest.cpp: In function 'int main()':
conftest.cpp:75:12: warning: ignoring return value of 'int getentropy(void*, size_t)', declared with attribute warn_unused_result [-Wunused-result]
   75 |  getentropy(nullptr, 32)
      |  ~~~~~~~~~~^~~~~~~~~~~~~
configure:20100: $? = 0
configure:20101: result: yes
configure:20112: checking for sysctl KERN_ARND
configure:20127: g++ -std=c++11 -c -g -O2  -DHAVE_BUILD_INFO -D__STDC_FORMAT_MACROS conftest.cpp >&5
In file included from conftest.cpp:72:
/usr/include/x86_64-linux-gnu/sys/sysctl.h:21:2: warning: #warning "The <sys/sysctl.h> header is deprecated and will be removed." [-Wcpp]
   21 | #warning "The <sys/sysctl.h> header is deprecated and will be removed."
      |  ^~~~~~~
conftest.cpp: In function 'int main()':
conftest.cpp:76:40: error: 'KERN_ARND' was not declared in this scope; did you mean 'KERN_RANDOM'?
   76 |  static const int name[2] = {CTL_KERN, KERN_ARND};
      |                                        ^~~~~~~~~
      |                                        KERN_RANDOM
conftest.cpp:77:12: error: invalid conversion from 'const int*' to 'int*' [-fpermissive]
   77 |     sysctl(name, 2, nullptr, nullptr, nullptr, 0);
      |            ^~~~
      |            |
      |            const int*
In file included from conftest.cpp:72:
/usr/include/x86_64-linux-gnu/sys/sysctl.h:70:25: note:   initializing argument 1 of 'int sysctl(int*, int, void*, size_t*, void*, size_t)'
   70 | extern int sysctl (int *__name, int __nlen, void *__oldval,
      |                    ~~~~~^~~~~~
conftest.cpp:77:49: warning: 'int sysctl(int*, int, void*, size_t*, void*, size_t)' is deprecated [-Wdeprecated-declarations]
   77 |     sysctl(name, 2, nullptr, nullptr, nullptr, 0);
      |                                                 ^
In file included from conftest.cpp:72:
/usr/include/x86_64-linux-gnu/sys/sysctl.h:70:12: note: declared here
   70 | extern int sysctl (int *__name, int __nlen, void *__oldval,
      |            ^~~~~~
conftest.cpp:77:49: warning: 'int sysctl(int*, int, void*, size_t*, void*, size_t)' is deprecated [-Wdeprecated-declarations]
   77 |     sysctl(name, 2, nullptr, nullptr, nullptr, 0);
      |                                                 ^
In file included from conftest.cpp:72:
/usr/include/x86_64-linux-gnu/sys/sysctl.h:70:12: note: declared here
   70 | extern int sysctl (int *__name, int __nlen, void *__oldval,
      |            ^~~~~~
configure:20127: $? = 1
configure: failed program was:
| /* confdefs.h */
| #define PACKAGE_NAME "Suscoin Core"
| #define PACKAGE_TARNAME "suscoin"
| #define PACKAGE_VERSION "0.18.1"
| #define PACKAGE_STRING "Suscoin Core 0.18.1"
| #define PACKAGE_BUGREPORT "https://github.com/suscoin-project/suscoin/issues"
| #define PACKAGE_URL "https://suscoin.org/"
| #define HAVE_CXX11 1
| #define STDC_HEADERS 1
| #define HAVE_SYS_TYPES_H 1
| #define HAVE_SYS_STAT_H 1
| #define HAVE_STDLIB_H 1
| #define HAVE_STRING_H 1
| #define HAVE_MEMORY_H 1
| #define HAVE_STRINGS_H 1
| #define HAVE_INTTYPES_H 1
| #define HAVE_STDINT_H 1
| #define HAVE_UNISTD_H 1
| #define HAVE_DLFCN_H 1
| #define LT_OBJDIR ".libs/"
| #define USE_ASM 1
| #define ENABLE_SSE41 1
| #define ENABLE_AVX2 1
| #define ENABLE_SHANI 1
| #define HAVE_PTHREAD_PRIO_INHERIT 1
| #define HAVE_PTHREAD 1
| #define HAVE_DECL_STRERROR_R 1
| #define HAVE_STRERROR_R 1
| #define STRERROR_R_CHAR_P 1
| #define HAVE_FUNC_ATTRIBUTE_VISIBILITY 1
| #define HAVE_ENDIAN_H 1
| #define HAVE_BYTESWAP_H 1
| #define HAVE_STDIO_H 1
| #define HAVE_STDLIB_H 1
| #define HAVE_UNISTD_H 1
| #define HAVE_STRINGS_H 1
| #define HAVE_SYS_TYPES_H 1
| #define HAVE_SYS_STAT_H 1
| #define HAVE_SYS_SELECT_H 1
| #define HAVE_SYS_PRCTL_H 1
| #define HAVE_DECL_GETIFADDRS 1
| #define HAVE_DECL_FREEIFADDRS 1
| #define HAVE_DECL_STRNLEN 1
| #define HAVE_DECL_DAEMON 1
| #define HAVE_DECL_LE16TOH 1
| #define HAVE_DECL_LE32TOH 1
| #define HAVE_DECL_LE64TOH 1
| #define HAVE_DECL_HTOLE16 1
| #define HAVE_DECL_HTOLE32 1
| #define HAVE_DECL_HTOLE64 1
| #define HAVE_DECL_BE16TOH 1
| #define HAVE_DECL_BE32TOH 1
| #define HAVE_DECL_BE64TOH 1
| #define HAVE_DECL_HTOBE16 1
| #define HAVE_DECL_HTOBE32 1
| #define HAVE_DECL_HTOBE64 1
| #define HAVE_DECL_BSWAP_16 1
| #define HAVE_DECL_BSWAP_32 1
| #define HAVE_DECL_BSWAP_64 1
| #define HAVE_DECL___BUILTIN_CLZ 1
| #define HAVE_DECL___BUILTIN_CLZL 1
| #define HAVE_DECL___BUILTIN_CLZLL 1
| #define HAVE_MALLOC_INFO 1
| #define HAVE_MALLOPT_ARENA_MAX 1
| #define HAVE_VISIBILITY_ATTRIBUTE 1
| #define HAVE_THREAD_LOCAL 1
| #define HAVE_SYS_GETRANDOM 1
| #define HAVE_GETENTROPY 1
| #define HAVE_GETENTROPY_RAND 1
| /* end confdefs.h.  */
| #include <sys/types.h>
|   #include <sys/sysctl.h>
| int
| main ()
| {
|  static const int name[2] = {CTL_KERN, KERN_ARND};
|     sysctl(name, 2, nullptr, nullptr, nullptr, 0);
|   ;
|   return 0;
| }
configure:20133: result: no
configure:20139: checking for if type char equals int8_t
configure:20153: g++ -std=c++11 -c -g -O2  -DHAVE_BUILD_INFO -D__STDC_FORMAT_MACROS conftest.cpp >&5
conftest.cpp: In function 'int main()':
conftest.cpp:76:44: error: static assertion failed
   76 |  static_assert(std::is_same<int8_t, char>::value, "");
      |                ~~~~~~~~~~~~~~~~~~~~~~~~~~~~^~~~~
configure:20153: $? = 1
configure: failed program was:
| /* confdefs.h */
| #define PACKAGE_NAME "Suscoin Core"
| #define PACKAGE_TARNAME "suscoin"
| #define PACKAGE_VERSION "0.18.1"
| #define PACKAGE_STRING "Suscoin Core 0.18.1"
| #define PACKAGE_BUGREPORT "https://github.com/suscoin-project/suscoin/issues"
| #define PACKAGE_URL "https://suscoin.org/"
| #define HAVE_CXX11 1
| #define STDC_HEADERS 1
| #define HAVE_SYS_TYPES_H 1
| #define HAVE_SYS_STAT_H 1
| #define HAVE_STDLIB_H 1
| #define HAVE_STRING_H 1
| #define HAVE_MEMORY_H 1
| #define HAVE_STRINGS_H 1
| #define HAVE_INTTYPES_H 1
| #define HAVE_STDINT_H 1
| #define HAVE_UNISTD_H 1
| #define HAVE_DLFCN_H 1
| #define LT_OBJDIR ".libs/"
| #define USE_ASM 1
| #define ENABLE_SSE41 1
| #define ENABLE_AVX2 1
| #define ENABLE_SHANI 1
| #define HAVE_PTHREAD_PRIO_INHERIT 1
| #define HAVE_PTHREAD 1
| #define HAVE_DECL_STRERROR_R 1
| #define HAVE_STRERROR_R 1
| #define STRERROR_R_CHAR_P 1
| #define HAVE_FUNC_ATTRIBUTE_VISIBILITY 1
| #define HAVE_ENDIAN_H 1
| #define HAVE_BYTESWAP_H 1
| #define HAVE_STDIO_H 1
| #define HAVE_STDLIB_H 1
| #define HAVE_UNISTD_H 1
| #define HAVE_STRINGS_H 1
| #define HAVE_SYS_TYPES_H 1
| #define HAVE_SYS_STAT_H 1
| #define HAVE_SYS_SELECT_H 1
| #define HAVE_SYS_PRCTL_H 1
| #define HAVE_DECL_GETIFADDRS 1
| #define HAVE_DECL_FREEIFADDRS 1
| #define HAVE_DECL_STRNLEN 1
| #define HAVE_DECL_DAEMON 1
| #define HAVE_DECL_LE16TOH 1
| #define HAVE_DECL_LE32TOH 1
| #define HAVE_DECL_LE64TOH 1
| #define HAVE_DECL_HTOLE16 1
| #define HAVE_DECL_HTOLE32 1
| #define HAVE_DECL_HTOLE64 1
| #define HAVE_DECL_BE16TOH 1
| #define HAVE_DECL_BE32TOH 1
| #define HAVE_DECL_BE64TOH 1
| #define HAVE_DECL_HTOBE16 1
| #define HAVE_DECL_HTOBE32 1
| #define HAVE_DECL_HTOBE64 1
| #define HAVE_DECL_BSWAP_16 1
| #define HAVE_DECL_BSWAP_32 1
| #define HAVE_DECL_BSWAP_64 1
| #define HAVE_DECL___BUILTIN_CLZ 1
| #define HAVE_DECL___BUILTIN_CLZL 1
| #define HAVE_DECL___BUILTIN_CLZLL 1
| #define HAVE_MALLOC_INFO 1
| #define HAVE_MALLOPT_ARENA_MAX 1
| #define HAVE_VISIBILITY_ATTRIBUTE 1
| #define HAVE_THREAD_LOCAL 1
| #define HAVE_SYS_GETRANDOM 1
| #define HAVE_GETENTROPY 1
| #define HAVE_GETENTROPY_RAND 1
| /* end confdefs.h.  */
| #include <stdint.h>
|   #include <type_traits>
| int
| main ()
| {
|  static_assert(std::is_same<int8_t, char>::value, "");
|   ;
|   return 0;
| }
configure:20159: result: no
configure:20225: checking for Berkeley DB C++ headers
configure:20255: g++ -std=c++11 -c -g -O2  -DHAVE_BUILD_INFO -D__STDC_FORMAT_MACROS conftest.cpp >&5
conftest.cpp:72:18: fatal error: bdb4.8/db_cxx.h: No such file or directory
   72 |         #include <bdb4.8/db_cxx.h>
      |                  ^~~~~~~~~~~~~~~~~
compilation terminated.
configure:20255: $? = 1
configure: failed program was:
| /* confdefs.h */
| #define PACKAGE_NAME "Suscoin Core"
| #define PACKAGE_TARNAME "suscoin"
| #define PACKAGE_VERSION "0.18.1"
| #define PACKAGE_STRING "Suscoin Core 0.18.1"
| #define PACKAGE_BUGREPORT "https://github.com/suscoin-project/suscoin/issues"
| #define PACKAGE_URL "https://suscoin.org/"
| #define HAVE_CXX11 1
| #define STDC_HEADERS 1
| #define HAVE_SYS_TYPES_H 1
| #define HAVE_SYS_STAT_H 1
| #define HAVE_STDLIB_H 1
| #define HAVE_STRING_H 1
| #define HAVE_MEMORY_H 1
| #define HAVE_STRINGS_H 1
| #define HAVE_INTTYPES_H 1
| #define HAVE_STDINT_H 1
| #define HAVE_UNISTD_H 1
| #define HAVE_DLFCN_H 1
| #define LT_OBJDIR ".libs/"
| #define USE_ASM 1
| #define ENABLE_SSE41 1
| #define ENABLE_AVX2 1
| #define ENABLE_SHANI 1
| #define HAVE_PTHREAD_PRIO_INHERIT 1
| #define HAVE_PTHREAD 1
| #define HAVE_DECL_STRERROR_R 1
| #define HAVE_STRERROR_R 1
| #define STRERROR_R_CHAR_P 1
| #define HAVE_FUNC_ATTRIBUTE_VISIBILITY 1
| #define HAVE_ENDIAN_H 1
| #define HAVE_BYTESWAP_H 1
| #define HAVE_STDIO_H 1
| #define HAVE_STDLIB_H 1
| #define HAVE_UNISTD_H 1
| #define HAVE_STRINGS_H 1
| #define HAVE_SYS_TYPES_H 1
| #define HAVE_SYS_STAT_H 1
| #define HAVE_SYS_SELECT_H 1
| #define HAVE_SYS_PRCTL_H 1
| #define HAVE_DECL_GETIFADDRS 1
| #define HAVE_DECL_FREEIFADDRS 1
| #define HAVE_DECL_STRNLEN 1
| #define HAVE_DECL_DAEMON 1
| #define HAVE_DECL_LE16TOH 1
| #define HAVE_DECL_LE32TOH 1
| #define HAVE_DECL_LE64TOH 1
| #define HAVE_DECL_HTOLE16 1
| #define HAVE_DECL_HTOLE32 1
| #define HAVE_DECL_HTOLE64 1
| #define HAVE_DECL_BE16TOH 1
| #define HAVE_DECL_BE32TOH 1
| #define HAVE_DECL_BE64TOH 1
| #define HAVE_DECL_HTOBE16 1
| #define HAVE_DECL_HTOBE32 1
| #define HAVE_DECL_HTOBE64 1
| #define HAVE_DECL_BSWAP_16 1
| #define HAVE_DECL_BSWAP_32 1
| #define HAVE_DECL_BSWAP_64 1
| #define HAVE_DECL___BUILTIN_CLZ 1
| #define HAVE_DECL___BUILTIN_CLZL 1
| #define HAVE_DECL___BUILTIN_CLZLL 1
| #define HAVE_MALLOC_INFO 1
| #define HAVE_MALLOPT_ARENA_MAX 1
| #define HAVE_VISIBILITY_ATTRIBUTE 1
| #define HAVE_THREAD_LOCAL 1
| #define HAVE_SYS_GETRANDOM 1
| #define HAVE_GETENTROPY 1
| #define HAVE_GETENTROPY_RAND 1
| /* end confdefs.h.  */
| 
|         #include <bdb4.8/db_cxx.h>
| 
| int
| main ()
| {
| 
|         #if !((DB_VERSION_MAJOR == 4 && DB_VERSION_MINOR >= 8) || DB_VERSION_MAJOR > 4)
|           #error "failed to find bdb 4.8+"
|         #endif
| 
|   ;
|   return 0;
| }
configure:20255: g++ -std=c++11 -c -g -O2  -DHAVE_BUILD_INFO -D__STDC_FORMAT_MACROS conftest.cpp >&5
conftest.cpp:72:18: fatal error: libdb4.8/db_cxx.h: No such file or directory
   72 |         #include <libdb4.8/db_cxx.h>
      |                  ^~~~~~~~~~~~~~~~~~~
compilation terminated.
configure:20255: $? = 1
configure: failed program was:
| /* confdefs.h */
| #define PACKAGE_NAME "Suscoin Core"
| #define PACKAGE_TARNAME "suscoin"
| #define PACKAGE_VERSION "0.18.1"
| #define PACKAGE_STRING "Suscoin Core 0.18.1"
| #define PACKAGE_BUGREPORT "https://github.com/suscoin-project/suscoin/issues"
| #define PACKAGE_URL "https://suscoin.org/"
| #define HAVE_CXX11 1
| #define STDC_HEADERS 1
| #define HAVE_SYS_TYPES_H 1
| #define HAVE_SYS_STAT_H 1
| #define HAVE_STDLIB_H 1
| #define HAVE_STRING_H 1
| #define HAVE_MEMORY_H 1
| #define HAVE_STRINGS_H 1
| #define HAVE_INTTYPES_H 1
| #define HAVE_STDINT_H 1
| #define HAVE_UNISTD_H 1
| #define HAVE_DLFCN_H 1
| #define LT_OBJDIR ".libs/"
| #define USE_ASM 1
| #define ENABLE_SSE41 1
| #define ENABLE_AVX2 1
| #define ENABLE_SHANI 1
| #define HAVE_PTHREAD_PRIO_INHERIT 1
| #define HAVE_PTHREAD 1
| #define HAVE_DECL_STRERROR_R 1
| #define HAVE_STRERROR_R 1
| #define STRERROR_R_CHAR_P 1
| #define HAVE_FUNC_ATTRIBUTE_VISIBILITY 1
| #define HAVE_ENDIAN_H 1
| #define HAVE_BYTESWAP_H 1
| #define HAVE_STDIO_H 1
| #define HAVE_STDLIB_H 1
| #define HAVE_UNISTD_H 1
| #define HAVE_STRINGS_H 1
| #define HAVE_SYS_TYPES_H 1
| #define HAVE_SYS_STAT_H 1
| #define HAVE_SYS_SELECT_H 1
| #define HAVE_SYS_PRCTL_H 1
| #define HAVE_DECL_GETIFADDRS 1
| #define HAVE_DECL_FREEIFADDRS 1
| #define HAVE_DECL_STRNLEN 1
| #define HAVE_DECL_DAEMON 1
| #define HAVE_DECL_LE16TOH 1
| #define HAVE_DECL_LE32TOH 1
| #define HAVE_DECL_LE64TOH 1
| #define HAVE_DECL_HTOLE16 1
| #define HAVE_DECL_HTOLE32 1
| #define HAVE_DECL_HTOLE64 1
| #define HAVE_DECL_BE16TOH 1
| #define HAVE_DECL_BE32TOH 1
| #define HAVE_DECL_BE64TOH 1
| #define HAVE_DECL_HTOBE16 1
| #define HAVE_DECL_HTOBE32 1
| #define HAVE_DECL_HTOBE64 1
| #define HAVE_DECL_BSWAP_16 1
| #define HAVE_DECL_BSWAP_32 1
| #define HAVE_DECL_BSWAP_64 1
| #define HAVE_DECL___BUILTIN_CLZ 1
| #define HAVE_DECL___BUILTIN_CLZL 1
| #define HAVE_DECL___BUILTIN_CLZLL 1
| #define HAVE_MALLOC_INFO 1
| #define HAVE_MALLOPT_ARENA_MAX 1
| #define HAVE_VISIBILITY_ATTRIBUTE 1
| #define HAVE_THREAD_LOCAL 1
| #define HAVE_SYS_GETRANDOM 1
| #define HAVE_GETENTROPY 1
| #define HAVE_GETENTROPY_RAND 1
| /* end confdefs.h.  */
| 
|         #include <libdb4.8/db_cxx.h>
| 
| int
| main ()
| {
| 
|         #if !((DB_VERSION_MAJOR == 4 && DB_VERSION_MINOR >= 8) || DB_VERSION_MAJOR > 4)
|           #error "failed to find bdb 4.8+"
|         #endif
| 
|   ;
|   return 0;
| }
configure:20255: g++ -std=c++11 -c -g -O2  -DHAVE_BUILD_INFO -D__STDC_FORMAT_MACROS conftest.cpp >&5
conftest.cpp:72:18: fatal error: db4.8/db_cxx.h: No such file or directory
   72 |         #include <db4.8/db_cxx.h>
      |                  ^~~~~~~~~~~~~~~~
compilation terminated.
configure:20255: $? = 1
configure: failed program was:
| /* confdefs.h */
| #define PACKAGE_NAME "Suscoin Core"
| #define PACKAGE_TARNAME "suscoin"
| #define PACKAGE_VERSION "0.18.1"
| #define PACKAGE_STRING "Suscoin Core 0.18.1"
| #define PACKAGE_BUGREPORT "https://github.com/suscoin-project/suscoin/issues"
| #define PACKAGE_URL "https://suscoin.org/"
| #define HAVE_CXX11 1
| #define STDC_HEADERS 1
| #define HAVE_SYS_TYPES_H 1
| #define HAVE_SYS_STAT_H 1
| #define HAVE_STDLIB_H 1
| #define HAVE_STRING_H 1
| #define HAVE_MEMORY_H 1
| #define HAVE_STRINGS_H 1
| #define HAVE_INTTYPES_H 1
| #define HAVE_STDINT_H 1
| #define HAVE_UNISTD_H 1
| #define HAVE_DLFCN_H 1
| #define LT_OBJDIR ".libs/"
| #define USE_ASM 1
| #define ENABLE_SSE41 1
| #define ENABLE_AVX2 1
| #define ENABLE_SHANI 1
| #define HAVE_PTHREAD_PRIO_INHERIT 1
| #define HAVE_PTHREAD 1
| #define HAVE_DECL_STRERROR_R 1
| #define HAVE_STRERROR_R 1
| #define STRERROR_R_CHAR_P 1
| #define HAVE_FUNC_ATTRIBUTE_VISIBILITY 1
| #define HAVE_ENDIAN_H 1
| #define HAVE_BYTESWAP_H 1
| #define HAVE_STDIO_H 1
| #define HAVE_STDLIB_H 1
| #define HAVE_UNISTD_H 1
| #define HAVE_STRINGS_H 1
| #define HAVE_SYS_TYPES_H 1
| #define HAVE_SYS_STAT_H 1
| #define HAVE_SYS_SELECT_H 1
| #define HAVE_SYS_PRCTL_H 1
| #define HAVE_DECL_GETIFADDRS 1
| #define HAVE_DECL_FREEIFADDRS 1
| #define HAVE_DECL_STRNLEN 1
| #define HAVE_DECL_DAEMON 1
| #define HAVE_DECL_LE16TOH 1
| #define HAVE_DECL_LE32TOH 1
| #define HAVE_DECL_LE64TOH 1
| #define HAVE_DECL_HTOLE16 1
| #define HAVE_DECL_HTOLE32 1
| #define HAVE_DECL_HTOLE64 1
| #define HAVE_DECL_BE16TOH 1
| #define HAVE_DECL_BE32TOH 1
| #define HAVE_DECL_BE64TOH 1
| #define HAVE_DECL_HTOBE16 1
| #define HAVE_DECL_HTOBE32 1
| #define HAVE_DECL_HTOBE64 1
| #define HAVE_DECL_BSWAP_16 1
| #define HAVE_DECL_BSWAP_32 1
| #define HAVE_DECL_BSWAP_64 1
| #define HAVE_DECL___BUILTIN_CLZ 1
| #define HAVE_DECL___BUILTIN_CLZL 1
| #define HAVE_DECL___BUILTIN_CLZLL 1
| #define HAVE_MALLOC_INFO 1
| #define HAVE_MALLOPT_ARENA_MAX 1
| #define HAVE_VISIBILITY_ATTRIBUTE 1
| #define HAVE_THREAD_LOCAL 1
| #define HAVE_SYS_GETRANDOM 1
| #define HAVE_GETENTROPY 1
| #define HAVE_GETENTROPY_RAND 1
| /* end confdefs.h.  */
| 
|         #include <db4.8/db_cxx.h>
| 
| int
| main ()
| {
| 
|         #if !((DB_VERSION_MAJOR == 4 && DB_VERSION_MINOR >= 8) || DB_VERSION_MAJOR > 4)
|           #error "failed to find bdb 4.8+"
|         #endif
| 
|   ;
|   return 0;
| }
configure:20255: g++ -std=c++11 -c -g -O2  -DHAVE_BUILD_INFO -D__STDC_FORMAT_MACROS conftest.cpp >&5
conftest.cpp:72:18: fatal error: bdb48/db_cxx.h: No such file or directory
   72 |         #include <bdb48/db_cxx.h>
      |                  ^~~~~~~~~~~~~~~~
compilation terminated.
configure:20255: $? = 1
configure: failed program was:
| /* confdefs.h */
| #define PACKAGE_NAME "Suscoin Core"
| #define PACKAGE_TARNAME "suscoin"
| #define PACKAGE_VERSION "0.18.1"
| #define PACKAGE_STRING "Suscoin Core 0.18.1"
| #define PACKAGE_BUGREPORT "https://github.com/suscoin-project/suscoin/issues"
| #define PACKAGE_URL "https://suscoin.org/"
| #define HAVE_CXX11 1
| #define STDC_HEADERS 1
| #define HAVE_SYS_TYPES_H 1
| #define HAVE_SYS_STAT_H 1
| #define HAVE_STDLIB_H 1
| #define HAVE_STRING_H 1
| #define HAVE_MEMORY_H 1
| #define HAVE_STRINGS_H 1
| #define HAVE_INTTYPES_H 1
| #define HAVE_STDINT_H 1
| #define HAVE_UNISTD_H 1
| #define HAVE_DLFCN_H 1
| #define LT_OBJDIR ".libs/"
| #define USE_ASM 1
| #define ENABLE_SSE41 1
| #define ENABLE_AVX2 1
| #define ENABLE_SHANI 1
| #define HAVE_PTHREAD_PRIO_INHERIT 1
| #define HAVE_PTHREAD 1
| #define HAVE_DECL_STRERROR_R 1
| #define HAVE_STRERROR_R 1
| #define STRERROR_R_CHAR_P 1
| #define HAVE_FUNC_ATTRIBUTE_VISIBILITY 1
| #define HAVE_ENDIAN_H 1
| #define HAVE_BYTESWAP_H 1
| #define HAVE_STDIO_H 1
| #define HAVE_STDLIB_H 1
| #define HAVE_UNISTD_H 1
| #define HAVE_STRINGS_H 1
| #define HAVE_SYS_TYPES_H 1
| #define HAVE_SYS_STAT_H 1
| #define HAVE_SYS_SELECT_H 1
| #define HAVE_SYS_PRCTL_H 1
| #define HAVE_DECL_GETIFADDRS 1
| #define HAVE_DECL_FREEIFADDRS 1
| #define HAVE_DECL_STRNLEN 1
| #define HAVE_DECL_DAEMON 1
| #define HAVE_DECL_LE16TOH 1
| #define HAVE_DECL_LE32TOH 1
| #define HAVE_DECL_LE64TOH 1
| #define HAVE_DECL_HTOLE16 1
| #define HAVE_DECL_HTOLE32 1
| #define HAVE_DECL_HTOLE64 1
| #define HAVE_DECL_BE16TOH 1
| #define HAVE_DECL_BE32TOH 1
| #define HAVE_DECL_BE64TOH 1
| #define HAVE_DECL_HTOBE16 1
| #define HAVE_DECL_HTOBE32 1
| #define HAVE_DECL_HTOBE64 1
| #define HAVE_DECL_BSWAP_16 1
| #define HAVE_DECL_BSWAP_32 1
| #define HAVE_DECL_BSWAP_64 1
| #define HAVE_DECL___BUILTIN_CLZ 1
| #define HAVE_DECL___BUILTIN_CLZL 1
| #define HAVE_DECL___BUILTIN_CLZLL 1
| #define HAVE_MALLOC_INFO 1
| #define HAVE_MALLOPT_ARENA_MAX 1
| #define HAVE_VISIBILITY_ATTRIBUTE 1
| #define HAVE_THREAD_LOCAL 1
| #define HAVE_SYS_GETRANDOM 1
| #define HAVE_GETENTROPY 1
| #define HAVE_GETENTROPY_RAND 1
| /* end confdefs.h.  */
| 
|         #include <bdb48/db_cxx.h>
| 
| int
| main ()
| {
| 
|         #if !((DB_VERSION_MAJOR == 4 && DB_VERSION_MINOR >= 8) || DB_VERSION_MAJOR > 4)
|           #error "failed to find bdb 4.8+"
|         #endif
| 
|   ;
|   return 0;
| }
configure:20255: g++ -std=c++11 -c -g -O2  -DHAVE_BUILD_INFO -D__STDC_FORMAT_MACROS conftest.cpp >&5
conftest.cpp:72:18: fatal error: libdb48/db_cxx.h: No such file or directory
   72 |         #include <libdb48/db_cxx.h>
      |                  ^~~~~~~~~~~~~~~~~~
compilation terminated.
configure:20255: $? = 1
configure: failed program was:
| /* confdefs.h */
| #define PACKAGE_NAME "Suscoin Core"
| #define PACKAGE_TARNAME "suscoin"
| #define PACKAGE_VERSION "0.18.1"
| #define PACKAGE_STRING "Suscoin Core 0.18.1"
| #define PACKAGE_BUGREPORT "https://github.com/suscoin-project/suscoin/issues"
| #define PACKAGE_URL "https://suscoin.org/"
| #define HAVE_CXX11 1
| #define STDC_HEADERS 1
| #define HAVE_SYS_TYPES_H 1
| #define HAVE_SYS_STAT_H 1
| #define HAVE_STDLIB_H 1
| #define HAVE_STRING_H 1
| #define HAVE_MEMORY_H 1
| #define HAVE_STRINGS_H 1
| #define HAVE_INTTYPES_H 1
| #define HAVE_STDINT_H 1
| #define HAVE_UNISTD_H 1
| #define HAVE_DLFCN_H 1
| #define LT_OBJDIR ".libs/"
| #define USE_ASM 1
| #define ENABLE_SSE41 1
| #define ENABLE_AVX2 1
| #define ENABLE_SHANI 1
| #define HAVE_PTHREAD_PRIO_INHERIT 1
| #define HAVE_PTHREAD 1
| #define HAVE_DECL_STRERROR_R 1
| #define HAVE_STRERROR_R 1
| #define STRERROR_R_CHAR_P 1
| #define HAVE_FUNC_ATTRIBUTE_VISIBILITY 1
| #define HAVE_ENDIAN_H 1
| #define HAVE_BYTESWAP_H 1
| #define HAVE_STDIO_H 1
| #define HAVE_STDLIB_H 1
| #define HAVE_UNISTD_H 1
| #define HAVE_STRINGS_H 1
| #define HAVE_SYS_TYPES_H 1
| #define HAVE_SYS_STAT_H 1
| #define HAVE_SYS_SELECT_H 1
| #define HAVE_SYS_PRCTL_H 1
| #define HAVE_DECL_GETIFADDRS 1
| #define HAVE_DECL_FREEIFADDRS 1
| #define HAVE_DECL_STRNLEN 1
| #define HAVE_DECL_DAEMON 1
| #define HAVE_DECL_LE16TOH 1
| #define HAVE_DECL_LE32TOH 1
| #define HAVE_DECL_LE64TOH 1
| #define HAVE_DECL_HTOLE16 1
| #define HAVE_DECL_HTOLE32 1
| #define HAVE_DECL_HTOLE64 1
| #define HAVE_DECL_BE16TOH 1
| #define HAVE_DECL_BE32TOH 1
| #define HAVE_DECL_BE64TOH 1
| #define HAVE_DECL_HTOBE16 1
| #define HAVE_DECL_HTOBE32 1
| #define HAVE_DECL_HTOBE64 1
| #define HAVE_DECL_BSWAP_16 1
| #define HAVE_DECL_BSWAP_32 1
| #define HAVE_DECL_BSWAP_64 1
| #define HAVE_DECL___BUILTIN_CLZ 1
| #define HAVE_DECL___BUILTIN_CLZL 1
| #define HAVE_DECL___BUILTIN_CLZLL 1
| #define HAVE_MALLOC_INFO 1
| #define HAVE_MALLOPT_ARENA_MAX 1
| #define HAVE_VISIBILITY_ATTRIBUTE 1
| #define HAVE_THREAD_LOCAL 1
| #define HAVE_SYS_GETRANDOM 1
| #define HAVE_GETENTROPY 1
| #define HAVE_GETENTROPY_RAND 1
| /* end confdefs.h.  */
| 
|         #include <libdb48/db_cxx.h>
| 
| int
| main ()
| {
| 
|         #if !((DB_VERSION_MAJOR == 4 && DB_VERSION_MINOR >= 8) || DB_VERSION_MAJOR > 4)
|           #error "failed to find bdb 4.8+"
|         #endif
| 
|   ;
|   return 0;
| }
configure:20255: g++ -std=c++11 -c -g -O2  -DHAVE_BUILD_INFO -D__STDC_FORMAT_MACROS conftest.cpp >&5
conftest.cpp:72:18: fatal error: db48/db_cxx.h: No such file or directory
   72 |         #include <db48/db_cxx.h>
      |                  ^~~~~~~~~~~~~~~
compilation terminated.
configure:20255: $? = 1
configure: failed program was:
| /* confdefs.h */
| #define PACKAGE_NAME "Suscoin Core"
| #define PACKAGE_TARNAME "suscoin"
| #define PACKAGE_VERSION "0.18.1"
| #define PACKAGE_STRING "Suscoin Core 0.18.1"
| #define PACKAGE_BUGREPORT "https://github.com/suscoin-project/suscoin/issues"
| #define PACKAGE_URL "https://suscoin.org/"
| #define HAVE_CXX11 1
| #define STDC_HEADERS 1
| #define HAVE_SYS_TYPES_H 1
| #define HAVE_SYS_STAT_H 1
| #define HAVE_STDLIB_H 1
| #define HAVE_STRING_H 1
| #define HAVE_MEMORY_H 1
| #define HAVE_STRINGS_H 1
| #define HAVE_INTTYPES_H 1
| #define HAVE_STDINT_H 1
| #define HAVE_UNISTD_H 1
| #define HAVE_DLFCN_H 1
| #define LT_OBJDIR ".libs/"
| #define USE_ASM 1
| #define ENABLE_SSE41 1
| #define ENABLE_AVX2 1
| #define ENABLE_SHANI 1
| #define HAVE_PTHREAD_PRIO_INHERIT 1
| #define HAVE_PTHREAD 1
| #define HAVE_DECL_STRERROR_R 1
| #define HAVE_STRERROR_R 1
| #define STRERROR_R_CHAR_P 1
| #define HAVE_FUNC_ATTRIBUTE_VISIBILITY 1
| #define HAVE_ENDIAN_H 1
| #define HAVE_BYTESWAP_H 1
| #define HAVE_STDIO_H 1
| #define HAVE_STDLIB_H 1
| #define HAVE_UNISTD_H 1
| #define HAVE_STRINGS_H 1
| #define HAVE_SYS_TYPES_H 1
| #define HAVE_SYS_STAT_H 1
| #define HAVE_SYS_SELECT_H 1
| #define HAVE_SYS_PRCTL_H 1
| #define HAVE_DECL_GETIFADDRS 1
| #define HAVE_DECL_FREEIFADDRS 1
| #define HAVE_DECL_STRNLEN 1
| #define HAVE_DECL_DAEMON 1
| #define HAVE_DECL_LE16TOH 1
| #define HAVE_DECL_LE32TOH 1
| #define HAVE_DECL_LE64TOH 1
| #define HAVE_DECL_HTOLE16 1
| #define HAVE_DECL_HTOLE32 1
| #define HAVE_DECL_HTOLE64 1
| #define HAVE_DECL_BE16TOH 1
| #define HAVE_DECL_BE32TOH 1
| #define HAVE_DECL_BE64TOH 1
| #define HAVE_DECL_HTOBE16 1
| #define HAVE_DECL_HTOBE32 1
| #define HAVE_DECL_HTOBE64 1
| #define HAVE_DECL_BSWAP_16 1
| #define HAVE_DECL_BSWAP_32 1
| #define HAVE_DECL_BSWAP_64 1
| #define HAVE_DECL___BUILTIN_CLZ 1
| #define HAVE_DECL___BUILTIN_CLZL 1
| #define HAVE_DECL___BUILTIN_CLZLL 1
| #define HAVE_MALLOC_INFO 1
| #define HAVE_MALLOPT_ARENA_MAX 1
| #define HAVE_VISIBILITY_ATTRIBUTE 1
| #define HAVE_THREAD_LOCAL 1
| #define HAVE_SYS_GETRANDOM 1
| #define HAVE_GETENTROPY 1
| #define HAVE_GETENTROPY_RAND 1
| /* end confdefs.h.  */
| 
|         #include <db48/db_cxx.h>
| 
| int
| main ()
| {
| 
|         #if !((DB_VERSION_MAJOR == 4 && DB_VERSION_MINOR >= 8) || DB_VERSION_MAJOR > 4)
|           #error "failed to find bdb 4.8+"
|         #endif
| 
|   ;
|   return 0;
| }
configure:20255: g++ -std=c++11 -c -g -O2  -DHAVE_BUILD_INFO -D__STDC_FORMAT_MACROS conftest.cpp >&5
conftest.cpp:72:18: fatal error: bdb4/db_cxx.h: No such file or directory
   72 |         #include <bdb4/db_cxx.h>
      |                  ^~~~~~~~~~~~~~~
compilation terminated.
configure:20255: $? = 1
configure: failed program was:
| /* confdefs.h */
| #define PACKAGE_NAME "Suscoin Core"
| #define PACKAGE_TARNAME "suscoin"
| #define PACKAGE_VERSION "0.18.1"
| #define PACKAGE_STRING "Suscoin Core 0.18.1"
| #define PACKAGE_BUGREPORT "https://github.com/suscoin-project/suscoin/issues"
| #define PACKAGE_URL "https://suscoin.org/"
| #define HAVE_CXX11 1
| #define STDC_HEADERS 1
| #define HAVE_SYS_TYPES_H 1
| #define HAVE_SYS_STAT_H 1
| #define HAVE_STDLIB_H 1
| #define HAVE_STRING_H 1
| #define HAVE_MEMORY_H 1
| #define HAVE_STRINGS_H 1
| #define HAVE_INTTYPES_H 1
| #define HAVE_STDINT_H 1
| #define HAVE_UNISTD_H 1
| #define HAVE_DLFCN_H 1
| #define LT_OBJDIR ".libs/"
| #define USE_ASM 1
| #define ENABLE_SSE41 1
| #define ENABLE_AVX2 1
| #define ENABLE_SHANI 1
| #define HAVE_PTHREAD_PRIO_INHERIT 1
| #define HAVE_PTHREAD 1
| #define HAVE_DECL_STRERROR_R 1
| #define HAVE_STRERROR_R 1
| #define STRERROR_R_CHAR_P 1
| #define HAVE_FUNC_ATTRIBUTE_VISIBILITY 1
| #define HAVE_ENDIAN_H 1
| #define HAVE_BYTESWAP_H 1
| #define HAVE_STDIO_H 1
| #define HAVE_STDLIB_H 1
| #define HAVE_UNISTD_H 1
| #define HAVE_STRINGS_H 1
| #define HAVE_SYS_TYPES_H 1
| #define HAVE_SYS_STAT_H 1
| #define HAVE_SYS_SELECT_H 1
| #define HAVE_SYS_PRCTL_H 1
| #define HAVE_DECL_GETIFADDRS 1
| #define HAVE_DECL_FREEIFADDRS 1
| #define HAVE_DECL_STRNLEN 1
| #define HAVE_DECL_DAEMON 1
| #define HAVE_DECL_LE16TOH 1
| #define HAVE_DECL_LE32TOH 1
| #define HAVE_DECL_LE64TOH 1
| #define HAVE_DECL_HTOLE16 1
| #define HAVE_DECL_HTOLE32 1
| #define HAVE_DECL_HTOLE64 1
| #define HAVE_DECL_BE16TOH 1
| #define HAVE_DECL_BE32TOH 1
| #define HAVE_DECL_BE64TOH 1
| #define HAVE_DECL_HTOBE16 1
| #define HAVE_DECL_HTOBE32 1
| #define HAVE_DECL_HTOBE64 1
| #define HAVE_DECL_BSWAP_16 1
| #define HAVE_DECL_BSWAP_32 1
| #define HAVE_DECL_BSWAP_64 1
| #define HAVE_DECL___BUILTIN_CLZ 1
| #define HAVE_DECL___BUILTIN_CLZL 1
| #define HAVE_DECL___BUILTIN_CLZLL 1
| #define HAVE_MALLOC_INFO 1
| #define HAVE_MALLOPT_ARENA_MAX 1
| #define HAVE_VISIBILITY_ATTRIBUTE 1
| #define HAVE_THREAD_LOCAL 1
| #define HAVE_SYS_GETRANDOM 1
| #define HAVE_GETENTROPY 1
| #define HAVE_GETENTROPY_RAND 1
| /* end confdefs.h.  */
| 
|         #include <bdb4/db_cxx.h>
| 
| int
| main ()
| {
| 
|         #if !((DB_VERSION_MAJOR == 4 && DB_VERSION_MINOR >= 8) || DB_VERSION_MAJOR > 4)
|           #error "failed to find bdb 4.8+"
|         #endif
| 
|   ;
|   return 0;
| }
configure:20255: g++ -std=c++11 -c -g -O2  -DHAVE_BUILD_INFO -D__STDC_FORMAT_MACROS conftest.cpp >&5
conftest.cpp:72:18: fatal error: libdb4/db_cxx.h: No such file or directory
   72 |         #include <libdb4/db_cxx.h>
      |                  ^~~~~~~~~~~~~~~~~
compilation terminated.
configure:20255: $? = 1
configure: failed program was:
| /* confdefs.h */
| #define PACKAGE_NAME "Suscoin Core"
| #define PACKAGE_TARNAME "suscoin"
| #define PACKAGE_VERSION "0.18.1"
| #define PACKAGE_STRING "Suscoin Core 0.18.1"
| #define PACKAGE_BUGREPORT "https://github.com/suscoin-project/suscoin/issues"
| #define PACKAGE_URL "https://suscoin.org/"
| #define HAVE_CXX11 1
| #define STDC_HEADERS 1
| #define HAVE_SYS_TYPES_H 1
| #define HAVE_SYS_STAT_H 1
| #define HAVE_STDLIB_H 1
| #define HAVE_STRING_H 1
| #define HAVE_MEMORY_H 1
| #define HAVE_STRINGS_H 1
| #define HAVE_INTTYPES_H 1
| #define HAVE_STDINT_H 1
| #define HAVE_UNISTD_H 1
| #define HAVE_DLFCN_H 1
| #define LT_OBJDIR ".libs/"
| #define USE_ASM 1
| #define ENABLE_SSE41 1
| #define ENABLE_AVX2 1
| #define ENABLE_SHANI 1
| #define HAVE_PTHREAD_PRIO_INHERIT 1
| #define HAVE_PTHREAD 1
| #define HAVE_DECL_STRERROR_R 1
| #define HAVE_STRERROR_R 1
| #define STRERROR_R_CHAR_P 1
| #define HAVE_FUNC_ATTRIBUTE_VISIBILITY 1
| #define HAVE_ENDIAN_H 1
| #define HAVE_BYTESWAP_H 1
| #define HAVE_STDIO_H 1
| #define HAVE_STDLIB_H 1
| #define HAVE_UNISTD_H 1
| #define HAVE_STRINGS_H 1
| #define HAVE_SYS_TYPES_H 1
| #define HAVE_SYS_STAT_H 1
| #define HAVE_SYS_SELECT_H 1
| #define HAVE_SYS_PRCTL_H 1
| #define HAVE_DECL_GETIFADDRS 1
| #define HAVE_DECL_FREEIFADDRS 1
| #define HAVE_DECL_STRNLEN 1
| #define HAVE_DECL_DAEMON 1
| #define HAVE_DECL_LE16TOH 1
| #define HAVE_DECL_LE32TOH 1
| #define HAVE_DECL_LE64TOH 1
| #define HAVE_DECL_HTOLE16 1
| #define HAVE_DECL_HTOLE32 1
| #define HAVE_DECL_HTOLE64 1
| #define HAVE_DECL_BE16TOH 1
| #define HAVE_DECL_BE32TOH 1
| #define HAVE_DECL_BE64TOH 1
| #define HAVE_DECL_HTOBE16 1
| #define HAVE_DECL_HTOBE32 1
| #define HAVE_DECL_HTOBE64 1
| #define HAVE_DECL_BSWAP_16 1
| #define HAVE_DECL_BSWAP_32 1
| #define HAVE_DECL_BSWAP_64 1
| #define HAVE_DECL___BUILTIN_CLZ 1
| #define HAVE_DECL___BUILTIN_CLZL 1
| #define HAVE_DECL___BUILTIN_CLZLL 1
| #define HAVE_MALLOC_INFO 1
| #define HAVE_MALLOPT_ARENA_MAX 1
| #define HAVE_VISIBILITY_ATTRIBUTE 1
| #define HAVE_THREAD_LOCAL 1
| #define HAVE_SYS_GETRANDOM 1
| #define HAVE_GETENTROPY 1
| #define HAVE_GETENTROPY_RAND 1
| /* end confdefs.h.  */
| 
|         #include <libdb4/db_cxx.h>
| 
| int
| main ()
| {
| 
|         #if !((DB_VERSION_MAJOR == 4 && DB_VERSION_MINOR >= 8) || DB_VERSION_MAJOR > 4)
|           #error "failed to find bdb 4.8+"
|         #endif
| 
|   ;
|   return 0;
| }
configure:20255: g++ -std=c++11 -c -g -O2  -DHAVE_BUILD_INFO -D__STDC_FORMAT_MACROS conftest.cpp >&5
conftest.cpp:72:18: fatal error: db4/db_cxx.h: No such file or directory
   72 |         #include <db4/db_cxx.h>
      |                  ^~~~~~~~~~~~~~
compilation terminated.
configure:20255: $? = 1
configure: failed program was:
| /* confdefs.h */
| #define PACKAGE_NAME "Suscoin Core"
| #define PACKAGE_TARNAME "suscoin"
| #define PACKAGE_VERSION "0.18.1"
| #define PACKAGE_STRING "Suscoin Core 0.18.1"
| #define PACKAGE_BUGREPORT "https://github.com/suscoin-project/suscoin/issues"
| #define PACKAGE_URL "https://suscoin.org/"
| #define HAVE_CXX11 1
| #define STDC_HEADERS 1
| #define HAVE_SYS_TYPES_H 1
| #define HAVE_SYS_STAT_H 1
| #define HAVE_STDLIB_H 1
| #define HAVE_STRING_H 1
| #define HAVE_MEMORY_H 1
| #define HAVE_STRINGS_H 1
| #define HAVE_INTTYPES_H 1
| #define HAVE_STDINT_H 1
| #define HAVE_UNISTD_H 1
| #define HAVE_DLFCN_H 1
| #define LT_OBJDIR ".libs/"
| #define USE_ASM 1
| #define ENABLE_SSE41 1
| #define ENABLE_AVX2 1
| #define ENABLE_SHANI 1
| #define HAVE_PTHREAD_PRIO_INHERIT 1
| #define HAVE_PTHREAD 1
| #define HAVE_DECL_STRERROR_R 1
| #define HAVE_STRERROR_R 1
| #define STRERROR_R_CHAR_P 1
| #define HAVE_FUNC_ATTRIBUTE_VISIBILITY 1
| #define HAVE_ENDIAN_H 1
| #define HAVE_BYTESWAP_H 1
| #define HAVE_STDIO_H 1
| #define HAVE_STDLIB_H 1
| #define HAVE_UNISTD_H 1
| #define HAVE_STRINGS_H 1
| #define HAVE_SYS_TYPES_H 1
| #define HAVE_SYS_STAT_H 1
| #define HAVE_SYS_SELECT_H 1
| #define HAVE_SYS_PRCTL_H 1
| #define HAVE_DECL_GETIFADDRS 1
| #define HAVE_DECL_FREEIFADDRS 1
| #define HAVE_DECL_STRNLEN 1
| #define HAVE_DECL_DAEMON 1
| #define HAVE_DECL_LE16TOH 1
| #define HAVE_DECL_LE32TOH 1
| #define HAVE_DECL_LE64TOH 1
| #define HAVE_DECL_HTOLE16 1
| #define HAVE_DECL_HTOLE32 1
| #define HAVE_DECL_HTOLE64 1
| #define HAVE_DECL_BE16TOH 1
| #define HAVE_DECL_BE32TOH 1
| #define HAVE_DECL_BE64TOH 1
| #define HAVE_DECL_HTOBE16 1
| #define HAVE_DECL_HTOBE32 1
| #define HAVE_DECL_HTOBE64 1
| #define HAVE_DECL_BSWAP_16 1
| #define HAVE_DECL_BSWAP_32 1
| #define HAVE_DECL_BSWAP_64 1
| #define HAVE_DECL___BUILTIN_CLZ 1
| #define HAVE_DECL___BUILTIN_CLZL 1
| #define HAVE_DECL___BUILTIN_CLZLL 1
| #define HAVE_MALLOC_INFO 1
| #define HAVE_MALLOPT_ARENA_MAX 1
| #define HAVE_VISIBILITY_ATTRIBUTE 1
| #define HAVE_THREAD_LOCAL 1
| #define HAVE_SYS_GETRANDOM 1
| #define HAVE_GETENTROPY 1
| #define HAVE_GETENTROPY_RAND 1
| /* end confdefs.h.  */
| 
|         #include <db4/db_cxx.h>
| 
| int
| main ()
| {
| 
|         #if !((DB_VERSION_MAJOR == 4 && DB_VERSION_MINOR >= 8) || DB_VERSION_MAJOR > 4)
|           #error "failed to find bdb 4.8+"
|         #endif
| 
|   ;
|   return 0;
| }
configure:20255: g++ -std=c++11 -c -g -O2  -DHAVE_BUILD_INFO -D__STDC_FORMAT_MACROS conftest.cpp >&5
conftest.cpp:72:18: fatal error: bdb5/db_cxx.h: No such file or directory
   72 |         #include <bdb5/db_cxx.h>
      |                  ^~~~~~~~~~~~~~~
compilation terminated.
configure:20255: $? = 1
configure: failed program was:
| /* confdefs.h */
| #define PACKAGE_NAME "Suscoin Core"
| #define PACKAGE_TARNAME "suscoin"
| #define PACKAGE_VERSION "0.18.1"
| #define PACKAGE_STRING "Suscoin Core 0.18.1"
| #define PACKAGE_BUGREPORT "https://github.com/suscoin-project/suscoin/issues"
| #define PACKAGE_URL "https://suscoin.org/"
| #define HAVE_CXX11 1
| #define STDC_HEADERS 1
| #define HAVE_SYS_TYPES_H 1
| #define HAVE_SYS_STAT_H 1
| #define HAVE_STDLIB_H 1
| #define HAVE_STRING_H 1
| #define HAVE_MEMORY_H 1
| #define HAVE_STRINGS_H 1
| #define HAVE_INTTYPES_H 1
| #define HAVE_STDINT_H 1
| #define HAVE_UNISTD_H 1
| #define HAVE_DLFCN_H 1
| #define LT_OBJDIR ".libs/"
| #define USE_ASM 1
| #define ENABLE_SSE41 1
| #define ENABLE_AVX2 1
| #define ENABLE_SHANI 1
| #define HAVE_PTHREAD_PRIO_INHERIT 1
| #define HAVE_PTHREAD 1
| #define HAVE_DECL_STRERROR_R 1
| #define HAVE_STRERROR_R 1
| #define STRERROR_R_CHAR_P 1
| #define HAVE_FUNC_ATTRIBUTE_VISIBILITY 1
| #define HAVE_ENDIAN_H 1
| #define HAVE_BYTESWAP_H 1
| #define HAVE_STDIO_H 1
| #define HAVE_STDLIB_H 1
| #define HAVE_UNISTD_H 1
| #define HAVE_STRINGS_H 1
| #define HAVE_SYS_TYPES_H 1
| #define HAVE_SYS_STAT_H 1
| #define HAVE_SYS_SELECT_H 1
| #define HAVE_SYS_PRCTL_H 1
| #define HAVE_DECL_GETIFADDRS 1
| #define HAVE_DECL_FREEIFADDRS 1
| #define HAVE_DECL_STRNLEN 1
| #define HAVE_DECL_DAEMON 1
| #define HAVE_DECL_LE16TOH 1
| #define HAVE_DECL_LE32TOH 1
| #define HAVE_DECL_LE64TOH 1
| #define HAVE_DECL_HTOLE16 1
| #define HAVE_DECL_HTOLE32 1
| #define HAVE_DECL_HTOLE64 1
| #define HAVE_DECL_BE16TOH 1
| #define HAVE_DECL_BE32TOH 1
| #define HAVE_DECL_BE64TOH 1
| #define HAVE_DECL_HTOBE16 1
| #define HAVE_DECL_HTOBE32 1
| #define HAVE_DECL_HTOBE64 1
| #define HAVE_DECL_BSWAP_16 1
| #define HAVE_DECL_BSWAP_32 1
| #define HAVE_DECL_BSWAP_64 1
| #define HAVE_DECL___BUILTIN_CLZ 1
| #define HAVE_DECL___BUILTIN_CLZL 1
| #define HAVE_DECL___BUILTIN_CLZLL 1
| #define HAVE_MALLOC_INFO 1
| #define HAVE_MALLOPT_ARENA_MAX 1
| #define HAVE_VISIBILITY_ATTRIBUTE 1
| #define HAVE_THREAD_LOCAL 1
| #define HAVE_SYS_GETRANDOM 1
| #define HAVE_GETENTROPY 1
| #define HAVE_GETENTROPY_RAND 1
| /* end confdefs.h.  */
| 
|         #include <bdb5/db_cxx.h>
| 
| int
| main ()
| {
| 
|         #if !((DB_VERSION_MAJOR == 4 && DB_VERSION_MINOR >= 8) || DB_VERSION_MAJOR > 4)
|           #error "failed to find bdb 4.8+"
|         #endif
| 
|   ;
|   return 0;
| }
configure:20255: g++ -std=c++11 -c -g -O2  -DHAVE_BUILD_INFO -D__STDC_FORMAT_MACROS conftest.cpp >&5
conftest.cpp:72:18: fatal error: libdb5/db_cxx.h: No such file or directory
   72 |         #include <libdb5/db_cxx.h>
      |                  ^~~~~~~~~~~~~~~~~
compilation terminated.
configure:20255: $? = 1
configure: failed program was:
| /* confdefs.h */
| #define PACKAGE_NAME "Suscoin Core"
| #define PACKAGE_TARNAME "suscoin"
| #define PACKAGE_VERSION "0.18.1"
| #define PACKAGE_STRING "Suscoin Core 0.18.1"
| #define PACKAGE_BUGREPORT "https://github.com/suscoin-project/suscoin/issues"
| #define PACKAGE_URL "https://suscoin.org/"
| #define HAVE_CXX11 1
| #define STDC_HEADERS 1
| #define HAVE_SYS_TYPES_H 1
| #define HAVE_SYS_STAT_H 1
| #define HAVE_STDLIB_H 1
| #define HAVE_STRING_H 1
| #define HAVE_MEMORY_H 1
| #define HAVE_STRINGS_H 1
| #define HAVE_INTTYPES_H 1
| #define HAVE_STDINT_H 1
| #define HAVE_UNISTD_H 1
| #define HAVE_DLFCN_H 1
| #define LT_OBJDIR ".libs/"
| #define USE_ASM 1
| #define ENABLE_SSE41 1
| #define ENABLE_AVX2 1
| #define ENABLE_SHANI 1
| #define HAVE_PTHREAD_PRIO_INHERIT 1
| #define HAVE_PTHREAD 1
| #define HAVE_DECL_STRERROR_R 1
| #define HAVE_STRERROR_R 1
| #define STRERROR_R_CHAR_P 1
| #define HAVE_FUNC_ATTRIBUTE_VISIBILITY 1
| #define HAVE_ENDIAN_H 1
| #define HAVE_BYTESWAP_H 1
| #define HAVE_STDIO_H 1
| #define HAVE_STDLIB_H 1
| #define HAVE_UNISTD_H 1
| #define HAVE_STRINGS_H 1
| #define HAVE_SYS_TYPES_H 1
| #define HAVE_SYS_STAT_H 1
| #define HAVE_SYS_SELECT_H 1
| #define HAVE_SYS_PRCTL_H 1
| #define HAVE_DECL_GETIFADDRS 1
| #define HAVE_DECL_FREEIFADDRS 1
| #define HAVE_DECL_STRNLEN 1
| #define HAVE_DECL_DAEMON 1
| #define HAVE_DECL_LE16TOH 1
| #define HAVE_DECL_LE32TOH 1
| #define HAVE_DECL_LE64TOH 1
| #define HAVE_DECL_HTOLE16 1
| #define HAVE_DECL_HTOLE32 1
| #define HAVE_DECL_HTOLE64 1
| #define HAVE_DECL_BE16TOH 1
| #define HAVE_DECL_BE32TOH 1
| #define HAVE_DECL_BE64TOH 1
| #define HAVE_DECL_HTOBE16 1
| #define HAVE_DECL_HTOBE32 1
| #define HAVE_DECL_HTOBE64 1
| #define HAVE_DECL_BSWAP_16 1
| #define HAVE_DECL_BSWAP_32 1
| #define HAVE_DECL_BSWAP_64 1
| #define HAVE_DECL___BUILTIN_CLZ 1
| #define HAVE_DECL___BUILTIN_CLZL 1
| #define HAVE_DECL___BUILTIN_CLZLL 1
| #define HAVE_MALLOC_INFO 1
| #define HAVE_MALLOPT_ARENA_MAX 1
| #define HAVE_VISIBILITY_ATTRIBUTE 1
| #define HAVE_THREAD_LOCAL 1
| #define HAVE_SYS_GETRANDOM 1
| #define HAVE_GETENTROPY 1
| #define HAVE_GETENTROPY_RAND 1
| /* end confdefs.h.  */
| 
|         #include <libdb5/db_cxx.h>
| 
| int
| main ()
| {
| 
|         #if !((DB_VERSION_MAJOR == 4 && DB_VERSION_MINOR >= 8) || DB_VERSION_MAJOR > 4)
|           #error "failed to find bdb 4.8+"
|         #endif
| 
|   ;
|   return 0;
| }
configure:20255: g++ -std=c++11 -c -g -O2  -DHAVE_BUILD_INFO -D__STDC_FORMAT_MACROS conftest.cpp >&5
conftest.cpp:72:18: fatal error: db5/db_cxx.h: No such file or directory
   72 |         #include <db5/db_cxx.h>
      |                  ^~~~~~~~~~~~~~
compilation terminated.
configure:20255: $? = 1
configure: failed program was:
| /* confdefs.h */
| #define PACKAGE_NAME "Suscoin Core"
| #define PACKAGE_TARNAME "suscoin"
| #define PACKAGE_VERSION "0.18.1"
| #define PACKAGE_STRING "Suscoin Core 0.18.1"
| #define PACKAGE_BUGREPORT "https://github.com/suscoin-project/suscoin/issues"
| #define PACKAGE_URL "https://suscoin.org/"
| #define HAVE_CXX11 1
| #define STDC_HEADERS 1
| #define HAVE_SYS_TYPES_H 1
| #define HAVE_SYS_STAT_H 1
| #define HAVE_STDLIB_H 1
| #define HAVE_STRING_H 1
| #define HAVE_MEMORY_H 1
| #define HAVE_STRINGS_H 1
| #define HAVE_INTTYPES_H 1
| #define HAVE_STDINT_H 1
| #define HAVE_UNISTD_H 1
| #define HAVE_DLFCN_H 1
| #define LT_OBJDIR ".libs/"
| #define USE_ASM 1
| #define ENABLE_SSE41 1
| #define ENABLE_AVX2 1
| #define ENABLE_SHANI 1
| #define HAVE_PTHREAD_PRIO_INHERIT 1
| #define HAVE_PTHREAD 1
| #define HAVE_DECL_STRERROR_R 1
| #define HAVE_STRERROR_R 1
| #define STRERROR_R_CHAR_P 1
| #define HAVE_FUNC_ATTRIBUTE_VISIBILITY 1
| #define HAVE_ENDIAN_H 1
| #define HAVE_BYTESWAP_H 1
| #define HAVE_STDIO_H 1
| #define HAVE_STDLIB_H 1
| #define HAVE_UNISTD_H 1
| #define HAVE_STRINGS_H 1
| #define HAVE_SYS_TYPES_H 1
| #define HAVE_SYS_STAT_H 1
| #define HAVE_SYS_SELECT_H 1
| #define HAVE_SYS_PRCTL_H 1
| #define HAVE_DECL_GETIFADDRS 1
| #define HAVE_DECL_FREEIFADDRS 1
| #define HAVE_DECL_STRNLEN 1
| #define HAVE_DECL_DAEMON 1
| #define HAVE_DECL_LE16TOH 1
| #define HAVE_DECL_LE32TOH 1
| #define HAVE_DECL_LE64TOH 1
| #define HAVE_DECL_HTOLE16 1
| #define HAVE_DECL_HTOLE32 1
| #define HAVE_DECL_HTOLE64 1
| #define HAVE_DECL_BE16TOH 1
| #define HAVE_DECL_BE32TOH 1
| #define HAVE_DECL_BE64TOH 1
| #define HAVE_DECL_HTOBE16 1
| #define HAVE_DECL_HTOBE32 1
| #define HAVE_DECL_HTOBE64 1
| #define HAVE_DECL_BSWAP_16 1
| #define HAVE_DECL_BSWAP_32 1
| #define HAVE_DECL_BSWAP_64 1
| #define HAVE_DECL___BUILTIN_CLZ 1
| #define HAVE_DECL___BUILTIN_CLZL 1
| #define HAVE_DECL___BUILTIN_CLZLL 1
| #define HAVE_MALLOC_INFO 1
| #define HAVE_MALLOPT_ARENA_MAX 1
| #define HAVE_VISIBILITY_ATTRIBUTE 1
| #define HAVE_THREAD_LOCAL 1
| #define HAVE_SYS_GETRANDOM 1
| #define HAVE_GETENTROPY 1
| #define HAVE_GETENTROPY_RAND 1
| /* end confdefs.h.  */
| 
|         #include <db5/db_cxx.h>
| 
| int
| main ()
| {
| 
|         #if !((DB_VERSION_MAJOR == 4 && DB_VERSION_MINOR >= 8) || DB_VERSION_MAJOR > 4)
|           #error "failed to find bdb 4.8+"
|         #endif
| 
|   ;
|   return 0;
| }
configure:20255: g++ -std=c++11 -c -g -O2  -DHAVE_BUILD_INFO -D__STDC_FORMAT_MACROS conftest.cpp >&5
conftest.cpp:72:18: fatal error: bdb5.3/db_cxx.h: No such file or directory
   72 |         #include <bdb5.3/db_cxx.h>
      |                  ^~~~~~~~~~~~~~~~~
compilation terminated.
configure:20255: $? = 1
configure: failed program was:
| /* confdefs.h */
| #define PACKAGE_NAME "Suscoin Core"
| #define PACKAGE_TARNAME "suscoin"
| #define PACKAGE_VERSION "0.18.1"
| #define PACKAGE_STRING "Suscoin Core 0.18.1"
| #define PACKAGE_BUGREPORT "https://github.com/suscoin-project/suscoin/issues"
| #define PACKAGE_URL "https://suscoin.org/"
| #define HAVE_CXX11 1
| #define STDC_HEADERS 1
| #define HAVE_SYS_TYPES_H 1
| #define HAVE_SYS_STAT_H 1
| #define HAVE_STDLIB_H 1
| #define HAVE_STRING_H 1
| #define HAVE_MEMORY_H 1
| #define HAVE_STRINGS_H 1
| #define HAVE_INTTYPES_H 1
| #define HAVE_STDINT_H 1
| #define HAVE_UNISTD_H 1
| #define HAVE_DLFCN_H 1
| #define LT_OBJDIR ".libs/"
| #define USE_ASM 1
| #define ENABLE_SSE41 1
| #define ENABLE_AVX2 1
| #define ENABLE_SHANI 1
| #define HAVE_PTHREAD_PRIO_INHERIT 1
| #define HAVE_PTHREAD 1
| #define HAVE_DECL_STRERROR_R 1
| #define HAVE_STRERROR_R 1
| #define STRERROR_R_CHAR_P 1
| #define HAVE_FUNC_ATTRIBUTE_VISIBILITY 1
| #define HAVE_ENDIAN_H 1
| #define HAVE_BYTESWAP_H 1
| #define HAVE_STDIO_H 1
| #define HAVE_STDLIB_H 1
| #define HAVE_UNISTD_H 1
| #define HAVE_STRINGS_H 1
| #define HAVE_SYS_TYPES_H 1
| #define HAVE_SYS_STAT_H 1
| #define HAVE_SYS_SELECT_H 1
| #define HAVE_SYS_PRCTL_H 1
| #define HAVE_DECL_GETIFADDRS 1
| #define HAVE_DECL_FREEIFADDRS 1
| #define HAVE_DECL_STRNLEN 1
| #define HAVE_DECL_DAEMON 1
| #define HAVE_DECL_LE16TOH 1
| #define HAVE_DECL_LE32TOH 1
| #define HAVE_DECL_LE64TOH 1
| #define HAVE_DECL_HTOLE16 1
| #define HAVE_DECL_HTOLE32 1
| #define HAVE_DECL_HTOLE64 1
| #define HAVE_DECL_BE16TOH 1
| #define HAVE_DECL_BE32TOH 1
| #define HAVE_DECL_BE64TOH 1
| #define HAVE_DECL_HTOBE16 1
| #define HAVE_DECL_HTOBE32 1
| #define HAVE_DECL_HTOBE64 1
| #define HAVE_DECL_BSWAP_16 1
| #define HAVE_DECL_BSWAP_32 1
| #define HAVE_DECL_BSWAP_64 1
| #define HAVE_DECL___BUILTIN_CLZ 1
| #define HAVE_DECL___BUILTIN_CLZL 1
| #define HAVE_DECL___BUILTIN_CLZLL 1
| #define HAVE_MALLOC_INFO 1
| #define HAVE_MALLOPT_ARENA_MAX 1
| #define HAVE_VISIBILITY_ATTRIBUTE 1
| #define HAVE_THREAD_LOCAL 1
| #define HAVE_SYS_GETRANDOM 1
| #define HAVE_GETENTROPY 1
| #define HAVE_GETENTROPY_RAND 1
| /* end confdefs.h.  */
| 
|         #include <bdb5.3/db_cxx.h>
| 
| int
| main ()
| {
| 
|         #if !((DB_VERSION_MAJOR == 4 && DB_VERSION_MINOR >= 8) || DB_VERSION_MAJOR > 4)
|           #error "failed to find bdb 4.8+"
|         #endif
| 
|   ;
|   return 0;
| }
configure:20255: g++ -std=c++11 -c -g -O2  -DHAVE_BUILD_INFO -D__STDC_FORMAT_MACROS conftest.cpp >&5
conftest.cpp:72:18: fatal error: libdb5.3/db_cxx.h: No such file or directory
   72 |         #include <libdb5.3/db_cxx.h>
      |                  ^~~~~~~~~~~~~~~~~~~
compilation terminated.
configure:20255: $? = 1
configure: failed program was:
| /* confdefs.h */
| #define PACKAGE_NAME "Suscoin Core"
| #define PACKAGE_TARNAME "suscoin"
| #define PACKAGE_VERSION "0.18.1"
| #define PACKAGE_STRING "Suscoin Core 0.18.1"
| #define PACKAGE_BUGREPORT "https://github.com/suscoin-project/suscoin/issues"
| #define PACKAGE_URL "https://suscoin.org/"
| #define HAVE_CXX11 1
| #define STDC_HEADERS 1
| #define HAVE_SYS_TYPES_H 1
| #define HAVE_SYS_STAT_H 1
| #define HAVE_STDLIB_H 1
| #define HAVE_STRING_H 1
| #define HAVE_MEMORY_H 1
| #define HAVE_STRINGS_H 1
| #define HAVE_INTTYPES_H 1
| #define HAVE_STDINT_H 1
| #define HAVE_UNISTD_H 1
| #define HAVE_DLFCN_H 1
| #define LT_OBJDIR ".libs/"
| #define USE_ASM 1
| #define ENABLE_SSE41 1
| #define ENABLE_AVX2 1
| #define ENABLE_SHANI 1
| #define HAVE_PTHREAD_PRIO_INHERIT 1
| #define HAVE_PTHREAD 1
| #define HAVE_DECL_STRERROR_R 1
| #define HAVE_STRERROR_R 1
| #define STRERROR_R_CHAR_P 1
| #define HAVE_FUNC_ATTRIBUTE_VISIBILITY 1
| #define HAVE_ENDIAN_H 1
| #define HAVE_BYTESWAP_H 1
| #define HAVE_STDIO_H 1
| #define HAVE_STDLIB_H 1
| #define HAVE_UNISTD_H 1
| #define HAVE_STRINGS_H 1
| #define HAVE_SYS_TYPES_H 1
| #define HAVE_SYS_STAT_H 1
| #define HAVE_SYS_SELECT_H 1
| #define HAVE_SYS_PRCTL_H 1
| #define HAVE_DECL_GETIFADDRS 1
| #define HAVE_DECL_FREEIFADDRS 1
| #define HAVE_DECL_STRNLEN 1
| #define HAVE_DECL_DAEMON 1
| #define HAVE_DECL_LE16TOH 1
| #define HAVE_DECL_LE32TOH 1
| #define HAVE_DECL_LE64TOH 1
| #define HAVE_DECL_HTOLE16 1
| #define HAVE_DECL_HTOLE32 1
| #define HAVE_DECL_HTOLE64 1
| #define HAVE_DECL_BE16TOH 1
| #define HAVE_DECL_BE32TOH 1
| #define HAVE_DECL_BE64TOH 1
| #define HAVE_DECL_HTOBE16 1
| #define HAVE_DECL_HTOBE32 1
| #define HAVE_DECL_HTOBE64 1
| #define HAVE_DECL_BSWAP_16 1
| #define HAVE_DECL_BSWAP_32 1
| #define HAVE_DECL_BSWAP_64 1
| #define HAVE_DECL___BUILTIN_CLZ 1
| #define HAVE_DECL___BUILTIN_CLZL 1
| #define HAVE_DECL___BUILTIN_CLZLL 1
| #define HAVE_MALLOC_INFO 1
| #define HAVE_MALLOPT_ARENA_MAX 1
| #define HAVE_VISIBILITY_ATTRIBUTE 1
| #define HAVE_THREAD_LOCAL 1
| #define HAVE_SYS_GETRANDOM 1
| #define HAVE_GETENTROPY 1
| #define HAVE_GETENTROPY_RAND 1
| /* end confdefs.h.  */
| 
|         #include <libdb5.3/db_cxx.h>
| 
| int
| main ()
| {
| 
|         #if !((DB_VERSION_MAJOR == 4 && DB_VERSION_MINOR >= 8) || DB_VERSION_MAJOR > 4)
|           #error "failed to find bdb 4.8+"
|         #endif
| 
|   ;
|   return 0;
| }
configure:20255: g++ -std=c++11 -c -g -O2  -DHAVE_BUILD_INFO -D__STDC_FORMAT_MACROS conftest.cpp >&5
conftest.cpp:72:18: fatal error: db5.3/db_cxx.h: No such file or directory
   72 |         #include <db5.3/db_cxx.h>
      |                  ^~~~~~~~~~~~~~~~
compilation terminated.
configure:20255: $? = 1
configure: failed program was:
| /* confdefs.h */
| #define PACKAGE_NAME "Suscoin Core"
| #define PACKAGE_TARNAME "suscoin"
| #define PACKAGE_VERSION "0.18.1"
| #define PACKAGE_STRING "Suscoin Core 0.18.1"
| #define PACKAGE_BUGREPORT "https://github.com/suscoin-project/suscoin/issues"
| #define PACKAGE_URL "https://suscoin.org/"
| #define HAVE_CXX11 1
| #define STDC_HEADERS 1
| #define HAVE_SYS_TYPES_H 1
| #define HAVE_SYS_STAT_H 1
| #define HAVE_STDLIB_H 1
| #define HAVE_STRING_H 1
| #define HAVE_MEMORY_H 1
| #define HAVE_STRINGS_H 1
| #define HAVE_INTTYPES_H 1
| #define HAVE_STDINT_H 1
| #define HAVE_UNISTD_H 1
| #define HAVE_DLFCN_H 1
| #define LT_OBJDIR ".libs/"
| #define USE_ASM 1
| #define ENABLE_SSE41 1
| #define ENABLE_AVX2 1
| #define ENABLE_SHANI 1
| #define HAVE_PTHREAD_PRIO_INHERIT 1
| #define HAVE_PTHREAD 1
| #define HAVE_DECL_STRERROR_R 1
| #define HAVE_STRERROR_R 1
| #define STRERROR_R_CHAR_P 1
| #define HAVE_FUNC_ATTRIBUTE_VISIBILITY 1
| #define HAVE_ENDIAN_H 1
| #define HAVE_BYTESWAP_H 1
| #define HAVE_STDIO_H 1
| #define HAVE_STDLIB_H 1
| #define HAVE_UNISTD_H 1
| #define HAVE_STRINGS_H 1
| #define HAVE_SYS_TYPES_H 1
| #define HAVE_SYS_STAT_H 1
| #define HAVE_SYS_SELECT_H 1
| #define HAVE_SYS_PRCTL_H 1
| #define HAVE_DECL_GETIFADDRS 1
| #define HAVE_DECL_FREEIFADDRS 1
| #define HAVE_DECL_STRNLEN 1
| #define HAVE_DECL_DAEMON 1
| #define HAVE_DECL_LE16TOH 1
| #define HAVE_DECL_LE32TOH 1
| #define HAVE_DECL_LE64TOH 1
| #define HAVE_DECL_HTOLE16 1
| #define HAVE_DECL_HTOLE32 1
| #define HAVE_DECL_HTOLE64 1
| #define HAVE_DECL_BE16TOH 1
| #define HAVE_DECL_BE32TOH 1
| #define HAVE_DECL_BE64TOH 1
| #define HAVE_DECL_HTOBE16 1
| #define HAVE_DECL_HTOBE32 1
| #define HAVE_DECL_HTOBE64 1
| #define HAVE_DECL_BSWAP_16 1
| #define HAVE_DECL_BSWAP_32 1
| #define HAVE_DECL_BSWAP_64 1
| #define HAVE_DECL___BUILTIN_CLZ 1
| #define HAVE_DECL___BUILTIN_CLZL 1
| #define HAVE_DECL___BUILTIN_CLZLL 1
| #define HAVE_MALLOC_INFO 1
| #define HAVE_MALLOPT_ARENA_MAX 1
| #define HAVE_VISIBILITY_ATTRIBUTE 1
| #define HAVE_THREAD_LOCAL 1
| #define HAVE_SYS_GETRANDOM 1
| #define HAVE_GETENTROPY 1
| #define HAVE_GETENTROPY_RAND 1
| /* end confdefs.h.  */
| 
|         #include <db5.3/db_cxx.h>
| 
| int
| main ()
| {
| 
|         #if !((DB_VERSION_MAJOR == 4 && DB_VERSION_MINOR >= 8) || DB_VERSION_MAJOR > 4)
|           #error "failed to find bdb 4.8+"
|         #endif
| 
|   ;
|   return 0;
| }
configure:20255: g++ -std=c++11 -c -g -O2  -DHAVE_BUILD_INFO -D__STDC_FORMAT_MACROS conftest.cpp >&5
conftest.cpp:72:18: fatal error: bdb/db_cxx.h: No such file or directory
   72 |         #include <bdb/db_cxx.h>
      |                  ^~~~~~~~~~~~~~
compilation terminated.
configure:20255: $? = 1
configure: failed program was:
| /* confdefs.h */
| #define PACKAGE_NAME "Suscoin Core"
| #define PACKAGE_TARNAME "suscoin"
| #define PACKAGE_VERSION "0.18.1"
| #define PACKAGE_STRING "Suscoin Core 0.18.1"
| #define PACKAGE_BUGREPORT "https://github.com/suscoin-project/suscoin/issues"
| #define PACKAGE_URL "https://suscoin.org/"
| #define HAVE_CXX11 1
| #define STDC_HEADERS 1
| #define HAVE_SYS_TYPES_H 1
| #define HAVE_SYS_STAT_H 1
| #define HAVE_STDLIB_H 1
| #define HAVE_STRING_H 1
| #define HAVE_MEMORY_H 1
| #define HAVE_STRINGS_H 1
| #define HAVE_INTTYPES_H 1
| #define HAVE_STDINT_H 1
| #define HAVE_UNISTD_H 1
| #define HAVE_DLFCN_H 1
| #define LT_OBJDIR ".libs/"
| #define USE_ASM 1
| #define ENABLE_SSE41 1
| #define ENABLE_AVX2 1
| #define ENABLE_SHANI 1
| #define HAVE_PTHREAD_PRIO_INHERIT 1
| #define HAVE_PTHREAD 1
| #define HAVE_DECL_STRERROR_R 1
| #define HAVE_STRERROR_R 1
| #define STRERROR_R_CHAR_P 1
| #define HAVE_FUNC_ATTRIBUTE_VISIBILITY 1
| #define HAVE_ENDIAN_H 1
| #define HAVE_BYTESWAP_H 1
| #define HAVE_STDIO_H 1
| #define HAVE_STDLIB_H 1
| #define HAVE_UNISTD_H 1
| #define HAVE_STRINGS_H 1
| #define HAVE_SYS_TYPES_H 1
| #define HAVE_SYS_STAT_H 1
| #define HAVE_SYS_SELECT_H 1
| #define HAVE_SYS_PRCTL_H 1
| #define HAVE_DECL_GETIFADDRS 1
| #define HAVE_DECL_FREEIFADDRS 1
| #define HAVE_DECL_STRNLEN 1
| #define HAVE_DECL_DAEMON 1
| #define HAVE_DECL_LE16TOH 1
| #define HAVE_DECL_LE32TOH 1
| #define HAVE_DECL_LE64TOH 1
| #define HAVE_DECL_HTOLE16 1
| #define HAVE_DECL_HTOLE32 1
| #define HAVE_DECL_HTOLE64 1
| #define HAVE_DECL_BE16TOH 1
| #define HAVE_DECL_BE32TOH 1
| #define HAVE_DECL_BE64TOH 1
| #define HAVE_DECL_HTOBE16 1
| #define HAVE_DECL_HTOBE32 1
| #define HAVE_DECL_HTOBE64 1
| #define HAVE_DECL_BSWAP_16 1
| #define HAVE_DECL_BSWAP_32 1
| #define HAVE_DECL_BSWAP_64 1
| #define HAVE_DECL___BUILTIN_CLZ 1
| #define HAVE_DECL___BUILTIN_CLZL 1
| #define HAVE_DECL___BUILTIN_CLZLL 1
| #define HAVE_MALLOC_INFO 1
| #define HAVE_MALLOPT_ARENA_MAX 1
| #define HAVE_VISIBILITY_ATTRIBUTE 1
| #define HAVE_THREAD_LOCAL 1
| #define HAVE_SYS_GETRANDOM 1
| #define HAVE_GETENTROPY 1
| #define HAVE_GETENTROPY_RAND 1
| /* end confdefs.h.  */
| 
|         #include <bdb/db_cxx.h>
| 
| int
| main ()
| {
| 
|         #if !((DB_VERSION_MAJOR == 4 && DB_VERSION_MINOR >= 8) || DB_VERSION_MAJOR > 4)
|           #error "failed to find bdb 4.8+"
|         #endif
| 
|   ;
|   return 0;
| }
configure:20255: g++ -std=c++11 -c -g -O2  -DHAVE_BUILD_INFO -D__STDC_FORMAT_MACROS conftest.cpp >&5
conftest.cpp:72:18: fatal error: libdb/db_cxx.h: No such file or directory
   72 |         #include <libdb/db_cxx.h>
      |                  ^~~~~~~~~~~~~~~~
compilation terminated.
configure:20255: $? = 1
configure: failed program was:
| /* confdefs.h */
| #define PACKAGE_NAME "Suscoin Core"
| #define PACKAGE_TARNAME "suscoin"
| #define PACKAGE_VERSION "0.18.1"
| #define PACKAGE_STRING "Suscoin Core 0.18.1"
| #define PACKAGE_BUGREPORT "https://github.com/suscoin-project/suscoin/issues"
| #define PACKAGE_URL "https://suscoin.org/"
| #define HAVE_CXX11 1
| #define STDC_HEADERS 1
| #define HAVE_SYS_TYPES_H 1
| #define HAVE_SYS_STAT_H 1
| #define HAVE_STDLIB_H 1
| #define HAVE_STRING_H 1
| #define HAVE_MEMORY_H 1
| #define HAVE_STRINGS_H 1
| #define HAVE_INTTYPES_H 1
| #define HAVE_STDINT_H 1
| #define HAVE_UNISTD_H 1
| #define HAVE_DLFCN_H 1
| #define LT_OBJDIR ".libs/"
| #define USE_ASM 1
| #define ENABLE_SSE41 1
| #define ENABLE_AVX2 1
| #define ENABLE_SHANI 1
| #define HAVE_PTHREAD_PRIO_INHERIT 1
| #define HAVE_PTHREAD 1
| #define HAVE_DECL_STRERROR_R 1
| #define HAVE_STRERROR_R 1
| #define STRERROR_R_CHAR_P 1
| #define HAVE_FUNC_ATTRIBUTE_VISIBILITY 1
| #define HAVE_ENDIAN_H 1
| #define HAVE_BYTESWAP_H 1
| #define HAVE_STDIO_H 1
| #define HAVE_STDLIB_H 1
| #define HAVE_UNISTD_H 1
| #define HAVE_STRINGS_H 1
| #define HAVE_SYS_TYPES_H 1
| #define HAVE_SYS_STAT_H 1
| #define HAVE_SYS_SELECT_H 1
| #define HAVE_SYS_PRCTL_H 1
| #define HAVE_DECL_GETIFADDRS 1
| #define HAVE_DECL_FREEIFADDRS 1
| #define HAVE_DECL_STRNLEN 1
| #define HAVE_DECL_DAEMON 1
| #define HAVE_DECL_LE16TOH 1
| #define HAVE_DECL_LE32TOH 1
| #define HAVE_DECL_LE64TOH 1
| #define HAVE_DECL_HTOLE16 1
| #define HAVE_DECL_HTOLE32 1
| #define HAVE_DECL_HTOLE64 1
| #define HAVE_DECL_BE16TOH 1
| #define HAVE_DECL_BE32TOH 1
| #define HAVE_DECL_BE64TOH 1
| #define HAVE_DECL_HTOBE16 1
| #define HAVE_DECL_HTOBE32 1
| #define HAVE_DECL_HTOBE64 1
| #define HAVE_DECL_BSWAP_16 1
| #define HAVE_DECL_BSWAP_32 1
| #define HAVE_DECL_BSWAP_64 1
| #define HAVE_DECL___BUILTIN_CLZ 1
| #define HAVE_DECL___BUILTIN_CLZL 1
| #define HAVE_DECL___BUILTIN_CLZLL 1
| #define HAVE_MALLOC_INFO 1
| #define HAVE_MALLOPT_ARENA_MAX 1
| #define HAVE_VISIBILITY_ATTRIBUTE 1
| #define HAVE_THREAD_LOCAL 1
| #define HAVE_SYS_GETRANDOM 1
| #define HAVE_GETENTROPY 1
| #define HAVE_GETENTROPY_RAND 1
| /* end confdefs.h.  */
| 
|         #include <libdb/db_cxx.h>
| 
| int
| main ()
| {
| 
|         #if !((DB_VERSION_MAJOR == 4 && DB_VERSION_MINOR >= 8) || DB_VERSION_MAJOR > 4)
|           #error "failed to find bdb 4.8+"
|         #endif
| 
|   ;
|   return 0;
| }
configure:20255: g++ -std=c++11 -c -g -O2  -DHAVE_BUILD_INFO -D__STDC_FORMAT_MACROS conftest.cpp >&5
conftest.cpp:72:18: fatal error: db/db_cxx.h: No such file or directory
   72 |         #include <db/db_cxx.h>
      |                  ^~~~~~~~~~~~~
compilation terminated.
configure:20255: $? = 1
configure: failed program was:
| /* confdefs.h */
| #define PACKAGE_NAME "Suscoin Core"
| #define PACKAGE_TARNAME "suscoin"
| #define PACKAGE_VERSION "0.18.1"
| #define PACKAGE_STRING "Suscoin Core 0.18.1"
| #define PACKAGE_BUGREPORT "https://github.com/suscoin-project/suscoin/issues"
| #define PACKAGE_URL "https://suscoin.org/"
| #define HAVE_CXX11 1
| #define STDC_HEADERS 1
| #define HAVE_SYS_TYPES_H 1
| #define HAVE_SYS_STAT_H 1
| #define HAVE_STDLIB_H 1
| #define HAVE_STRING_H 1
| #define HAVE_MEMORY_H 1
| #define HAVE_STRINGS_H 1
| #define HAVE_INTTYPES_H 1
| #define HAVE_STDINT_H 1
| #define HAVE_UNISTD_H 1
| #define HAVE_DLFCN_H 1
| #define LT_OBJDIR ".libs/"
| #define USE_ASM 1
| #define ENABLE_SSE41 1
| #define ENABLE_AVX2 1
| #define ENABLE_SHANI 1
| #define HAVE_PTHREAD_PRIO_INHERIT 1
| #define HAVE_PTHREAD 1
| #define HAVE_DECL_STRERROR_R 1
| #define HAVE_STRERROR_R 1
| #define STRERROR_R_CHAR_P 1
| #define HAVE_FUNC_ATTRIBUTE_VISIBILITY 1
| #define HAVE_ENDIAN_H 1
| #define HAVE_BYTESWAP_H 1
| #define HAVE_STDIO_H 1
| #define HAVE_STDLIB_H 1
| #define HAVE_UNISTD_H 1
| #define HAVE_STRINGS_H 1
| #define HAVE_SYS_TYPES_H 1
| #define HAVE_SYS_STAT_H 1
| #define HAVE_SYS_SELECT_H 1
| #define HAVE_SYS_PRCTL_H 1
| #define HAVE_DECL_GETIFADDRS 1
| #define HAVE_DECL_FREEIFADDRS 1
| #define HAVE_DECL_STRNLEN 1
| #define HAVE_DECL_DAEMON 1
| #define HAVE_DECL_LE16TOH 1
| #define HAVE_DECL_LE32TOH 1
| #define HAVE_DECL_LE64TOH 1
| #define HAVE_DECL_HTOLE16 1
| #define HAVE_DECL_HTOLE32 1
| #define HAVE_DECL_HTOLE64 1
| #define HAVE_DECL_BE16TOH 1
| #define HAVE_DECL_BE32TOH 1
| #define HAVE_DECL_BE64TOH 1
| #define HAVE_DECL_HTOBE16 1
| #define HAVE_DECL_HTOBE32 1
| #define HAVE_DECL_HTOBE64 1
| #define HAVE_DECL_BSWAP_16 1
| #define HAVE_DECL_BSWAP_32 1
| #define HAVE_DECL_BSWAP_64 1
| #define HAVE_DECL___BUILTIN_CLZ 1
| #define HAVE_DECL___BUILTIN_CLZL 1
| #define HAVE_DECL___BUILTIN_CLZLL 1
| #define HAVE_MALLOC_INFO 1
| #define HAVE_MALLOPT_ARENA_MAX 1
| #define HAVE_VISIBILITY_ATTRIBUTE 1
| #define HAVE_THREAD_LOCAL 1
| #define HAVE_SYS_GETRANDOM 1
| #define HAVE_GETENTROPY 1
| #define HAVE_GETENTROPY_RAND 1
| /* end confdefs.h.  */
| 
|         #include <db/db_cxx.h>
| 
| int
| main ()
| {
| 
|         #if !((DB_VERSION_MAJOR == 4 && DB_VERSION_MINOR >= 8) || DB_VERSION_MAJOR > 4)
|           #error "failed to find bdb 4.8+"
|         #endif
| 
|   ;
|   return 0;
| }
configure:20255: g++ -std=c++11 -c -g -O2  -DHAVE_BUILD_INFO -D__STDC_FORMAT_MACROS conftest.cpp >&5
configure:20255: $? = 0
configure:20284: g++ -std=c++11 -c -g -O2  -DHAVE_BUILD_INFO -D__STDC_FORMAT_MACROS conftest.cpp >&5
conftest.cpp:79:12: error: #error "failed to find bdb 4.8"
   79 |           #error "failed to find bdb 4.8"
      |            ^~~~~
configure:20284: $? = 1
configure: failed program was:
| /* confdefs.h */
| #define PACKAGE_NAME "Suscoin Core"
| #define PACKAGE_TARNAME "suscoin"
| #define PACKAGE_VERSION "0.18.1"
| #define PACKAGE_STRING "Suscoin Core 0.18.1"
| #define PACKAGE_BUGREPORT "https://github.com/suscoin-project/suscoin/issues"
| #define PACKAGE_URL "https://suscoin.org/"
| #define HAVE_CXX11 1
| #define STDC_HEADERS 1
| #define HAVE_SYS_TYPES_H 1
| #define HAVE_SYS_STAT_H 1
| #define HAVE_STDLIB_H 1
| #define HAVE_STRING_H 1
| #define HAVE_MEMORY_H 1
| #define HAVE_STRINGS_H 1
| #define HAVE_INTTYPES_H 1
| #define HAVE_STDINT_H 1
| #define HAVE_UNISTD_H 1
| #define HAVE_DLFCN_H 1
| #define LT_OBJDIR ".libs/"
| #define USE_ASM 1
| #define ENABLE_SSE41 1
| #define ENABLE_AVX2 1
| #define ENABLE_SHANI 1
| #define HAVE_PTHREAD_PRIO_INHERIT 1
| #define HAVE_PTHREAD 1
| #define HAVE_DECL_STRERROR_R 1
| #define HAVE_STRERROR_R 1
| #define STRERROR_R_CHAR_P 1
| #define HAVE_FUNC_ATTRIBUTE_VISIBILITY 1
| #define HAVE_ENDIAN_H 1
| #define HAVE_BYTESWAP_H 1
| #define HAVE_STDIO_H 1
| #define HAVE_STDLIB_H 1
| #define HAVE_UNISTD_H 1
| #define HAVE_STRINGS_H 1
| #define HAVE_SYS_TYPES_H 1
| #define HAVE_SYS_STAT_H 1
| #define HAVE_SYS_SELECT_H 1
| #define HAVE_SYS_PRCTL_H 1
| #define HAVE_DECL_GETIFADDRS 1
| #define HAVE_DECL_FREEIFADDRS 1
| #define HAVE_DECL_STRNLEN 1
| #define HAVE_DECL_DAEMON 1
| #define HAVE_DECL_LE16TOH 1
| #define HAVE_DECL_LE32TOH 1
| #define HAVE_DECL_LE64TOH 1
| #define HAVE_DECL_HTOLE16 1
| #define HAVE_DECL_HTOLE32 1
| #define HAVE_DECL_HTOLE64 1
| #define HAVE_DECL_BE16TOH 1
| #define HAVE_DECL_BE32TOH 1
| #define HAVE_DECL_BE64TOH 1
| #define HAVE_DECL_HTOBE16 1
| #define HAVE_DECL_HTOBE32 1
| #define HAVE_DECL_HTOBE64 1
| #define HAVE_DECL_BSWAP_16 1
| #define HAVE_DECL_BSWAP_32 1
| #define HAVE_DECL_BSWAP_64 1
| #define HAVE_DECL___BUILTIN_CLZ 1
| #define HAVE_DECL___BUILTIN_CLZL 1
| #define HAVE_DECL___BUILTIN_CLZLL 1
| #define HAVE_MALLOC_INFO 1
| #define HAVE_MALLOPT_ARENA_MAX 1
| #define HAVE_VISIBILITY_ATTRIBUTE 1
| #define HAVE_THREAD_LOCAL 1
| #define HAVE_SYS_GETRANDOM 1
| #define HAVE_GETENTROPY 1
| #define HAVE_GETENTROPY_RAND 1
| /* end confdefs.h.  */
| 
|         #include <db_cxx.h>
| 
| int
| main ()
| {
| 
|         #if !(DB_VERSION_MAJOR == 4 && DB_VERSION_MINOR == 8)
|           #error "failed to find bdb 4.8"
|         #endif
| 
|   ;
|   return 0;
| }
configure:20299: result: default
configure:20315: WARNING: Found Berkeley DB other than 4.8; wallets opened by this build will not be portable!
configure:20350: checking for main in -ldb_cxx-4.8
configure:20369: g++ -std=c++11 -o conftest -g -O2  -DHAVE_BUILD_INFO -D__STDC_FORMAT_MACROS  conftest.cpp -ldb_cxx-4.8   >&5
/usr/bin/ld: cannot find -ldb_cxx-4.8
collect2: error: ld returned 1 exit status
configure:20369: $? = 1
configure: failed program was:
| /* confdefs.h */
| #define PACKAGE_NAME "Suscoin Core"
| #define PACKAGE_TARNAME "suscoin"
| #define PACKAGE_VERSION "0.18.1"
| #define PACKAGE_STRING "Suscoin Core 0.18.1"
| #define PACKAGE_BUGREPORT "https://github.com/suscoin-project/suscoin/issues"
| #define PACKAGE_URL "https://suscoin.org/"
| #define HAVE_CXX11 1
| #define STDC_HEADERS 1
| #define HAVE_SYS_TYPES_H 1
| #define HAVE_SYS_STAT_H 1
| #define HAVE_STDLIB_H 1
| #define HAVE_STRING_H 1
| #define HAVE_MEMORY_H 1
| #define HAVE_STRINGS_H 1
| #define HAVE_INTTYPES_H 1
| #define HAVE_STDINT_H 1
| #define HAVE_UNISTD_H 1
| #define HAVE_DLFCN_H 1
| #define LT_OBJDIR ".libs/"
| #define USE_ASM 1
| #define ENABLE_SSE41 1
| #define ENABLE_AVX2 1
| #define ENABLE_SHANI 1
| #define HAVE_PTHREAD_PRIO_INHERIT 1
| #define HAVE_PTHREAD 1
| #define HAVE_DECL_STRERROR_R 1
| #define HAVE_STRERROR_R 1
| #define STRERROR_R_CHAR_P 1
| #define HAVE_FUNC_ATTRIBUTE_VISIBILITY 1
| #define HAVE_ENDIAN_H 1
| #define HAVE_BYTESWAP_H 1
| #define HAVE_STDIO_H 1
| #define HAVE_STDLIB_H 1
| #define HAVE_UNISTD_H 1
| #define HAVE_STRINGS_H 1
| #define HAVE_SYS_TYPES_H 1
| #define HAVE_SYS_STAT_H 1
| #define HAVE_SYS_SELECT_H 1
| #define HAVE_SYS_PRCTL_H 1
| #define HAVE_DECL_GETIFADDRS 1
| #define HAVE_DECL_FREEIFADDRS 1
| #define HAVE_DECL_STRNLEN 1
| #define HAVE_DECL_DAEMON 1
| #define HAVE_DECL_LE16TOH 1
| #define HAVE_DECL_LE32TOH 1
| #define HAVE_DECL_LE64TOH 1
| #define HAVE_DECL_HTOLE16 1
| #define HAVE_DECL_HTOLE32 1
| #define HAVE_DECL_HTOLE64 1
| #define HAVE_DECL_BE16TOH 1
| #define HAVE_DECL_BE32TOH 1
| #define HAVE_DECL_BE64TOH 1
| #define HAVE_DECL_HTOBE16 1
| #define HAVE_DECL_HTOBE32 1
| #define HAVE_DECL_HTOBE64 1
| #define HAVE_DECL_BSWAP_16 1
| #define HAVE_DECL_BSWAP_32 1
| #define HAVE_DECL_BSWAP_64 1
| #define HAVE_DECL___BUILTIN_CLZ 1
| #define HAVE_DECL___BUILTIN_CLZL 1
| #define HAVE_DECL___BUILTIN_CLZLL 1
| #define HAVE_MALLOC_INFO 1
| #define HAVE_MALLOPT_ARENA_MAX 1
| #define HAVE_VISIBILITY_ATTRIBUTE 1
| #define HAVE_THREAD_LOCAL 1
| #define HAVE_SYS_GETRANDOM 1
| #define HAVE_GETENTROPY 1
| #define HAVE_GETENTROPY_RAND 1
| /* end confdefs.h.  */
| 
| 
| int
| main ()
| {
| return main ();
|   ;
|   return 0;
| }
configure:20379: result: no
configure:20350: checking for main in -ldb_cxx
configure:20369: g++ -std=c++11 -o conftest -g -O2  -DHAVE_BUILD_INFO -D__STDC_FORMAT_MACROS  conftest.cpp -ldb_cxx   >&5
configure:20369: $? = 0
configure:20379: result: yes
configure:20401: checking miniupnpc/miniwget.h usability
configure:20401: g++ -std=c++11 -c -g -O2  -DHAVE_BUILD_INFO -D__STDC_FORMAT_MACROS conftest.cpp >&5
configure:20401: $? = 0
configure:20401: result: yes
configure:20401: checking miniupnpc/miniwget.h presence
configure:20401: g++ -std=c++11 -E  -DHAVE_BUILD_INFO -D__STDC_FORMAT_MACROS conftest.cpp
configure:20401: $? = 0
configure:20401: result: yes
configure:20401: checking for miniupnpc/miniwget.h
configure:20401: result: yes
configure:20406: checking for upnpDiscover in -lminiupnpc
configure:20431: g++ -std=c++11 -o conftest -g -O2  -DHAVE_BUILD_INFO -D__STDC_FORMAT_MACROS  conftest.cpp -lminiupnpc   >&5
configure:20431: $? = 0
configure:20440: result: yes
configure:20401: checking miniupnpc/miniupnpc.h usability
configure:20401: g++ -std=c++11 -c -g -O2  -DHAVE_BUILD_INFO -D__STDC_FORMAT_MACROS conftest.cpp >&5
configure:20401: $? = 0
configure:20401: result: yes
configure:20401: checking miniupnpc/miniupnpc.h presence
configure:20401: g++ -std=c++11 -E  -DHAVE_BUILD_INFO -D__STDC_FORMAT_MACROS conftest.cpp
configure:20401: $? = 0
configure:20401: result: yes
configure:20401: checking for miniupnpc/miniupnpc.h
configure:20401: result: yes
configure:20406: checking for upnpDiscover in -lminiupnpc
configure:20440: result: yes
configure:20401: checking miniupnpc/upnpcommands.h usability
configure:20401: g++ -std=c++11 -c -g -O2  -DHAVE_BUILD_INFO -D__STDC_FORMAT_MACROS conftest.cpp >&5
configure:20401: $? = 0
configure:20401: result: yes
configure:20401: checking miniupnpc/upnpcommands.h presence
configure:20401: g++ -std=c++11 -E  -DHAVE_BUILD_INFO -D__STDC_FORMAT_MACROS conftest.cpp
configure:20401: $? = 0
configure:20401: result: yes
configure:20401: checking for miniupnpc/upnpcommands.h
configure:20401: result: yes
configure:20406: checking for upnpDiscover in -lminiupnpc
configure:20440: result: yes
configure:20401: checking miniupnpc/upnperrors.h usability
configure:20401: g++ -std=c++11 -c -g -O2  -DHAVE_BUILD_INFO -D__STDC_FORMAT_MACROS conftest.cpp >&5
configure:20401: $? = 0
configure:20401: result: yes
configure:20401: checking miniupnpc/upnperrors.h presence
configure:20401: g++ -std=c++11 -E  -DHAVE_BUILD_INFO -D__STDC_FORMAT_MACROS conftest.cpp
configure:20401: $? = 0
configure:20401: result: yes
configure:20401: checking for miniupnpc/upnperrors.h
configure:20401: result: yes
configure:20406: checking for upnpDiscover in -lminiupnpc
configure:20440: result: yes
configure:20538: checking for QT5
configure:20545: $PKG_CONFIG --exists --print-errors "$qt5_modules"
configure:20548: $? = 0
configure:20562: $PKG_CONFIG --exists --print-errors "$qt5_modules"
configure:20565: $? = 0
configure:20603: result: yes
configure:20635: checking for QT_TEST
configure:20642: $PKG_CONFIG --exists --print-errors "${QT_LIB_PREFIX}Test"
configure:20645: $? = 0
configure:20659: $PKG_CONFIG --exists --print-errors "${QT_LIB_PREFIX}Test"
configure:20662: $? = 0
configure:20700: result: yes
configure:20707: checking for QT_DBUS
configure:20714: $PKG_CONFIG --exists --print-errors "${QT_LIB_PREFIX}DBus"
configure:20717: $? = 0
configure:20731: $PKG_CONFIG --exists --print-errors "${QT_LIB_PREFIX}DBus"
configure:20734: $? = 0
configure:20772: result: yes
configure:21906: checking for static Qt
configure:21932: g++ -std=c++11 -c -fPIC -g -O2 -DQT_NETWORK_LIB -DQT_WIDGETS_LIB -DQT_GUI_LIB -DQT_CORE_LIB -I/usr/include/x86_64-linux-gnu/qt5/QtNetwork -I/usr/include/x86_64-linux-gnu/qt5 -I/usr/include/x86_64-linux-gnu/qt5/QtWidgets -I/usr/include/x86_64-linux-gnu/qt5 -I/usr/include/x86_64-linux-gnu/qt5/QtGui -I/usr/include/x86_64-linux-gnu/qt5 -I/usr/include/x86_64-linux-gnu/qt5/QtCore -I/usr/include/x86_64-linux-gnu/qt5  -DHAVE_BUILD_INFO -D__STDC_FORMAT_MACROS conftest.cpp >&5
conftest.cpp:77:28: warning: extra tokens at end of #ifndef directive
   77 |         #ifndef QT_VERSION OR QT_VERSION_STR
      |                            ^~
conftest.cpp: In function 'int main()':
conftest.cpp:86:9: error: 'choke' was not declared in this scope
   86 |         choke
      |         ^~~~~
configure:21932: $? = 1
configure: failed program was:
| /* confdefs.h */
| #define PACKAGE_NAME "Suscoin Core"
| #define PACKAGE_TARNAME "suscoin"
| #define PACKAGE_VERSION "0.18.1"
| #define PACKAGE_STRING "Suscoin Core 0.18.1"
| #define PACKAGE_BUGREPORT "https://github.com/suscoin-project/suscoin/issues"
| #define PACKAGE_URL "https://suscoin.org/"
| #define HAVE_CXX11 1
| #define STDC_HEADERS 1
| #define HAVE_SYS_TYPES_H 1
| #define HAVE_SYS_STAT_H 1
| #define HAVE_STDLIB_H 1
| #define HAVE_STRING_H 1
| #define HAVE_MEMORY_H 1
| #define HAVE_STRINGS_H 1
| #define HAVE_INTTYPES_H 1
| #define HAVE_STDINT_H 1
| #define HAVE_UNISTD_H 1
| #define HAVE_DLFCN_H 1
| #define LT_OBJDIR ".libs/"
| #define USE_ASM 1
| #define ENABLE_SSE41 1
| #define ENABLE_AVX2 1
| #define ENABLE_SHANI 1
| #define HAVE_PTHREAD_PRIO_INHERIT 1
| #define HAVE_PTHREAD 1
| #define HAVE_DECL_STRERROR_R 1
| #define HAVE_STRERROR_R 1
| #define STRERROR_R_CHAR_P 1
| #define HAVE_FUNC_ATTRIBUTE_VISIBILITY 1
| #define HAVE_ENDIAN_H 1
| #define HAVE_BYTESWAP_H 1
| #define HAVE_STDIO_H 1
| #define HAVE_STDLIB_H 1
| #define HAVE_UNISTD_H 1
| #define HAVE_STRINGS_H 1
| #define HAVE_SYS_TYPES_H 1
| #define HAVE_SYS_STAT_H 1
| #define HAVE_SYS_SELECT_H 1
| #define HAVE_SYS_PRCTL_H 1
| #define HAVE_DECL_GETIFADDRS 1
| #define HAVE_DECL_FREEIFADDRS 1
| #define HAVE_DECL_STRNLEN 1
| #define HAVE_DECL_DAEMON 1
| #define HAVE_DECL_LE16TOH 1
| #define HAVE_DECL_LE32TOH 1
| #define HAVE_DECL_LE64TOH 1
| #define HAVE_DECL_HTOLE16 1
| #define HAVE_DECL_HTOLE32 1
| #define HAVE_DECL_HTOLE64 1
| #define HAVE_DECL_BE16TOH 1
| #define HAVE_DECL_BE32TOH 1
| #define HAVE_DECL_BE64TOH 1
| #define HAVE_DECL_HTOBE16 1
| #define HAVE_DECL_HTOBE32 1
| #define HAVE_DECL_HTOBE64 1
| #define HAVE_DECL_BSWAP_16 1
| #define HAVE_DECL_BSWAP_32 1
| #define HAVE_DECL_BSWAP_64 1
| #define HAVE_DECL___BUILTIN_CLZ 1
| #define HAVE_DECL___BUILTIN_CLZL 1
| #define HAVE_DECL___BUILTIN_CLZLL 1
| #define HAVE_MALLOC_INFO 1
| #define HAVE_MALLOPT_ARENA_MAX 1
| #define HAVE_VISIBILITY_ATTRIBUTE 1
| #define HAVE_THREAD_LOCAL 1
| #define HAVE_SYS_GETRANDOM 1
| #define HAVE_GETENTROPY 1
| #define HAVE_GETENTROPY_RAND 1
| #define HAVE_MINIUPNPC_MINIWGET_H 1
| #define HAVE_MINIUPNPC_MINIUPNPC_H 1
| #define HAVE_MINIUPNPC_UPNPCOMMANDS_H 1
| #define HAVE_MINIUPNPC_UPNPERRORS_H 1
| /* end confdefs.h.  */
| 
|         #include <QtCore/qconfig.h>
|         #ifndef QT_VERSION OR QT_VERSION_STR
|         #  include <QtCore/qglobal.h>
|         #endif
| 
| int
| main ()
| {
| 
|         #if !defined(QT_STATIC)
|         choke
|         #endif
| 
|   ;
|   return 0;
| }
configure:21940: result: no
configure:23776: checking whether -fPIE can be used with this Qt config
configure:23802: g++ -std=c++11 -c -fPIE -g -O2 -DQT_NETWORK_LIB -DQT_WIDGETS_LIB -DQT_GUI_LIB -DQT_CORE_LIB -I/usr/include/x86_64-linux-gnu/qt5/QtNetwork -I/usr/include/x86_64-linux-gnu/qt5 -I/usr/include/x86_64-linux-gnu/qt5/QtWidgets -I/usr/include/x86_64-linux-gnu/qt5 -I/usr/include/x86_64-linux-gnu/qt5/QtGui -I/usr/include/x86_64-linux-gnu/qt5 -I/usr/include/x86_64-linux-gnu/qt5/QtCore -I/usr/include/x86_64-linux-gnu/qt5  -DHAVE_BUILD_INFO -D__STDC_FORMAT_MACROS conftest.cpp >&5
In file included from conftest.cpp:78:
/usr/include/x86_64-linux-gnu/qt5/QtCore/qglobal.h:1187:4: error: #error "You must build your code with position independent code if Qt was built with -reduce-relocations. " "Compile your code with -fPIC (-fPIE is not enough)."
 1187 | #  error "You must build your code with position independent code if Qt was built with -reduce-relocations. "\
      |    ^~~~~
conftest.cpp: In function 'int main()':
conftest.cpp:86:9: error: 'choke' was not declared in this scope
   86 |         choke
      |         ^~~~~
configure:23802: $? = 1
configure: failed program was:
| /* confdefs.h */
| #define PACKAGE_NAME "Suscoin Core"
| #define PACKAGE_TARNAME "suscoin"
| #define PACKAGE_VERSION "0.18.1"
| #define PACKAGE_STRING "Suscoin Core 0.18.1"
| #define PACKAGE_BUGREPORT "https://github.com/suscoin-project/suscoin/issues"
| #define PACKAGE_URL "https://suscoin.org/"
| #define HAVE_CXX11 1
| #define STDC_HEADERS 1
| #define HAVE_SYS_TYPES_H 1
| #define HAVE_SYS_STAT_H 1
| #define HAVE_STDLIB_H 1
| #define HAVE_STRING_H 1
| #define HAVE_MEMORY_H 1
| #define HAVE_STRINGS_H 1
| #define HAVE_INTTYPES_H 1
| #define HAVE_STDINT_H 1
| #define HAVE_UNISTD_H 1
| #define HAVE_DLFCN_H 1
| #define LT_OBJDIR ".libs/"
| #define USE_ASM 1
| #define ENABLE_SSE41 1
| #define ENABLE_AVX2 1
| #define ENABLE_SHANI 1
| #define HAVE_PTHREAD_PRIO_INHERIT 1
| #define HAVE_PTHREAD 1
| #define HAVE_DECL_STRERROR_R 1
| #define HAVE_STRERROR_R 1
| #define STRERROR_R_CHAR_P 1
| #define HAVE_FUNC_ATTRIBUTE_VISIBILITY 1
| #define HAVE_ENDIAN_H 1
| #define HAVE_BYTESWAP_H 1
| #define HAVE_STDIO_H 1
| #define HAVE_STDLIB_H 1
| #define HAVE_UNISTD_H 1
| #define HAVE_STRINGS_H 1
| #define HAVE_SYS_TYPES_H 1
| #define HAVE_SYS_STAT_H 1
| #define HAVE_SYS_SELECT_H 1
| #define HAVE_SYS_PRCTL_H 1
| #define HAVE_DECL_GETIFADDRS 1
| #define HAVE_DECL_FREEIFADDRS 1
| #define HAVE_DECL_STRNLEN 1
| #define HAVE_DECL_DAEMON 1
| #define HAVE_DECL_LE16TOH 1
| #define HAVE_DECL_LE32TOH 1
| #define HAVE_DECL_LE64TOH 1
| #define HAVE_DECL_HTOLE16 1
| #define HAVE_DECL_HTOLE32 1
| #define HAVE_DECL_HTOLE64 1
| #define HAVE_DECL_BE16TOH 1
| #define HAVE_DECL_BE32TOH 1
| #define HAVE_DECL_BE64TOH 1
| #define HAVE_DECL_HTOBE16 1
| #define HAVE_DECL_HTOBE32 1
| #define HAVE_DECL_HTOBE64 1
| #define HAVE_DECL_BSWAP_16 1
| #define HAVE_DECL_BSWAP_32 1
| #define HAVE_DECL_BSWAP_64 1
| #define HAVE_DECL___BUILTIN_CLZ 1
| #define HAVE_DECL___BUILTIN_CLZL 1
| #define HAVE_DECL___BUILTIN_CLZLL 1
| #define HAVE_MALLOC_INFO 1
| #define HAVE_MALLOPT_ARENA_MAX 1
| #define HAVE_VISIBILITY_ATTRIBUTE 1
| #define HAVE_THREAD_LOCAL 1
| #define HAVE_SYS_GETRANDOM 1
| #define HAVE_GETENTROPY 1
| #define HAVE_GETENTROPY_RAND 1
| #define HAVE_MINIUPNPC_MINIWGET_H 1
| #define HAVE_MINIUPNPC_MINIUPNPC_H 1
| #define HAVE_MINIUPNPC_UPNPCOMMANDS_H 1
| #define HAVE_MINIUPNPC_UPNPERRORS_H 1
| /* end confdefs.h.  */
| 
|         #include <QtCore/qconfig.h>
|         #ifndef QT_VERSION
|         #  include <QtCore/qglobal.h>
|         #endif
| 
| int
| main ()
| {
| 
|         #if defined(QT_REDUCE_RELOCATIONS)
|         choke
|         #endif
| 
|   ;
|   return 0;
| }
configure:23806: result: no
configure:23876: checking for moc-qt5
configure:23909: result: no
configure:23876: checking for moc5
configure:23909: result: no
configure:23876: checking for moc
configure:23894: found /usr/lib/x86_64-linux-gnu/qt5/bin/moc
configure:23906: result: /usr/lib/x86_64-linux-gnu/qt5/bin/moc
configure:23995: checking for uic-qt5
configure:24028: result: no
configure:23995: checking for uic5
configure:24028: result: no
configure:23995: checking for uic
configure:24013: found /usr/lib/x86_64-linux-gnu/qt5/bin/uic
configure:24025: result: /usr/lib/x86_64-linux-gnu/qt5/bin/uic
configure:24114: checking for rcc-qt5
configure:24147: result: no
configure:24114: checking for rcc5
configure:24147: result: no
configure:24114: checking for rcc
configure:24132: found /usr/lib/x86_64-linux-gnu/qt5/bin/rcc
configure:24144: result: /usr/lib/x86_64-linux-gnu/qt5/bin/rcc
configure:24233: checking for lrelease-qt5
configure:24266: result: no
configure:24233: checking for lrelease5
configure:24266: result: no
configure:24233: checking for lrelease
configure:24251: found /usr/lib/x86_64-linux-gnu/qt5/bin/lrelease
configure:24263: result: /usr/lib/x86_64-linux-gnu/qt5/bin/lrelease
configure:24352: checking for lupdate-qt5
configure:24385: result: no
configure:24352: checking for lupdate5
configure:24385: result: no
configure:24352: checking for lupdate
configure:24370: found /usr/lib/x86_64-linux-gnu/qt5/bin/lupdate
configure:24382: result: /usr/lib/x86_64-linux-gnu/qt5/bin/lupdate
configure:24567: checking whether to build Suscoin Core GUI
configure:24597: result: yes (Qt5)
configure:24762: checking for boostlib >= 1.47.0 (104700)
configure:24794: g++ -std=c++11 -c -g -O2  -DHAVE_BUILD_INFO -D__STDC_FORMAT_MACROS -I/usr/include conftest.cpp >&5
configure:24794: $? = 0
configure:24796: result: yes
configure:24991: checking whether the Boost::System library is available
configure:25016: g++ -std=c++11 -c   -DHAVE_BUILD_INFO -D__STDC_FORMAT_MACROS -I/usr/include conftest.cpp >&5
configure:25016: $? = 0
configure:25031: result: yes
configure:25046: checking for exit in -lboost_system
configure:25071: g++ -std=c++11 -o conftest -g -O2  -DHAVE_BUILD_INFO -D__STDC_FORMAT_MACROS -I/usr/include  -L/usr/lib/x86_64-linux-gnu conftest.cpp -lboost_system   >&5
conftest.cpp:84:6: warning: declaration of 'char exit()' conflicts with built-in declaration 'void exit(int)' [-Wbuiltin-declaration-mismatch]
   84 | char exit ();
      |      ^~~~
configure:25071: $? = 0
configure:25081: result: yes
configure:25236: checking whether the Boost::Filesystem library is available
configure:25260: g++ -std=c++11 -c -g -O2  -DHAVE_BUILD_INFO -D__STDC_FORMAT_MACROS -I/usr/include conftest.cpp >&5
configure:25260: $? = 0
configure:25274: result: yes
configure:25285: checking for exit in -lboost_filesystem
configure:25310: g++ -std=c++11 -o conftest -g -O2  -DHAVE_BUILD_INFO -D__STDC_FORMAT_MACROS -I/usr/include  -L/usr/lib/x86_64-linux-gnu conftest.cpp -lboost_filesystem   -lboost_system >&5
conftest.cpp:85:6: warning: declaration of 'char exit()' conflicts with built-in declaration 'void exit(int)' [-Wbuiltin-declaration-mismatch]
   85 | char exit ();
      |      ^~~~
configure:25310: $? = 0
configure:25320: result: yes
configure:25470: checking whether the Boost::Thread library is available
configure:25503: g++ -std=c++11 -c -pthread -g -O2  -DHAVE_BUILD_INFO -D__STDC_FORMAT_MACROS -I/usr/include conftest.cpp >&5
configure:25503: $? = 0
configure:25518: result: yes
configure:25547: checking for exit in -lboost_thread
configure:25572: g++ -std=c++11 -o conftest -g -O2  -DHAVE_BUILD_INFO -D__STDC_FORMAT_MACROS -I/usr/include  -L/usr/lib/x86_64-linux-gnu conftest.cpp -lboost_thread   >&5
conftest.cpp:86:6: warning: declaration of 'char exit()' conflicts with built-in declaration 'void exit(int)' [-Wbuiltin-declaration-mismatch]
   86 | char exit ();
      |      ^~~~
configure:25572: $? = 0
configure:25582: result: yes
configure:25754: checking whether the Boost::Chrono library is available
configure:25778: g++ -std=c++11 -c -g -O2  -DHAVE_BUILD_INFO -D__STDC_FORMAT_MACROS -pthread -I/usr/include conftest.cpp >&5
configure:25778: $? = 0
configure:25793: result: yes
configure:25808: checking for exit in -lboost_chrono
configure:25833: g++ -std=c++11 -o conftest -g -O2  -DHAVE_BUILD_INFO -D__STDC_FORMAT_MACROS -pthread -I/usr/include  -L/usr/lib/x86_64-linux-gnu conftest.cpp -lboost_chrono   >&5
conftest.cpp:87:6: warning: declaration of 'char exit()' conflicts with built-in declaration 'void exit(int)' [-Wbuiltin-declaration-mismatch]
   87 | char exit ();
      |      ^~~~
configure:25833: $? = 0
configure:25843: result: yes
configure:26085: checking whether the Boost::Unit_Test_Framework library is available
configure:26108: g++ -std=c++11 -c -g -O2  -DHAVE_BUILD_INFO -D__STDC_FORMAT_MACROS -DBOOST_SP_USE_STD_ATOMIC -DBOOST_AC_USE_STD_ATOMIC -pthread -I/usr/include conftest.cpp >&5
configure:26108: $? = 0
configure:26122: result: yes
configure:26233: checking for dynamic linked boost test
configure:26248: g++ -std=c++11 -o conftest -g -O2  -DHAVE_BUILD_INFO -D__STDC_FORMAT_MACROS -DBOOST_SP_USE_STD_ATOMIC -DBOOST_AC_USE_STD_ATOMIC -pthread -I/usr/include  conftest.cpp  -L/usr/lib/x86_64-linux-gnu -lboost_unit_test_framework >&5
configure:26248: $? = 0
configure:26249: result: yes
configure:26275: checking for mismatched boost c++11 scoped enums
configure:26303: g++ -std=c++11 -o conftest -g -O2  -DHAVE_BUILD_INFO -D__STDC_FORMAT_MACROS -DBOOST_SP_USE_STD_ATOMIC -DBOOST_AC_USE_STD_ATOMIC -pthread -I/usr/include  conftest.cpp -L/usr/lib/x86_64-linux-gnu -lboost_system -lboost_filesystem -lboost_thread -lpthread -lboost_chrono  >&5
conftest.cpp: In function 'int main()':
conftest.cpp:98:5: error: 'choke' was not declared in this scope
   98 |     choke;
      |     ^~~~~
configure:26303: $? = 1
configure: failed program was:
| /* confdefs.h */
| #define PACKAGE_NAME "Suscoin Core"
| #define PACKAGE_TARNAME "suscoin"
| #define PACKAGE_VERSION "0.18.1"
| #define PACKAGE_STRING "Suscoin Core 0.18.1"
| #define PACKAGE_BUGREPORT "https://github.com/suscoin-project/suscoin/issues"
| #define PACKAGE_URL "https://suscoin.org/"
| #define HAVE_CXX11 1
| #define STDC_HEADERS 1
| #define HAVE_SYS_TYPES_H 1
| #define HAVE_SYS_STAT_H 1
| #define HAVE_STDLIB_H 1
| #define HAVE_STRING_H 1
| #define HAVE_MEMORY_H 1
| #define HAVE_STRINGS_H 1
| #define HAVE_INTTYPES_H 1
| #define HAVE_STDINT_H 1
| #define HAVE_UNISTD_H 1
| #define HAVE_DLFCN_H 1
| #define LT_OBJDIR ".libs/"
| #define USE_ASM 1
| #define ENABLE_SSE41 1
| #define ENABLE_AVX2 1
| #define ENABLE_SHANI 1
| #define HAVE_PTHREAD_PRIO_INHERIT 1
| #define HAVE_PTHREAD 1
| #define HAVE_DECL_STRERROR_R 1
| #define HAVE_STRERROR_R 1
| #define STRERROR_R_CHAR_P 1
| #define HAVE_FUNC_ATTRIBUTE_VISIBILITY 1
| #define HAVE_ENDIAN_H 1
| #define HAVE_BYTESWAP_H 1
| #define HAVE_STDIO_H 1
| #define HAVE_STDLIB_H 1
| #define HAVE_UNISTD_H 1
| #define HAVE_STRINGS_H 1
| #define HAVE_SYS_TYPES_H 1
| #define HAVE_SYS_STAT_H 1
| #define HAVE_SYS_SELECT_H 1
| #define HAVE_SYS_PRCTL_H 1
| #define HAVE_DECL_GETIFADDRS 1
| #define HAVE_DECL_FREEIFADDRS 1
| #define HAVE_DECL_STRNLEN 1
| #define HAVE_DECL_DAEMON 1
| #define HAVE_DECL_LE16TOH 1
| #define HAVE_DECL_LE32TOH 1
| #define HAVE_DECL_LE64TOH 1
| #define HAVE_DECL_HTOLE16 1
| #define HAVE_DECL_HTOLE32 1
| #define HAVE_DECL_HTOLE64 1
| #define HAVE_DECL_BE16TOH 1
| #define HAVE_DECL_BE32TOH 1
| #define HAVE_DECL_BE64TOH 1
| #define HAVE_DECL_HTOBE16 1
| #define HAVE_DECL_HTOBE32 1
| #define HAVE_DECL_HTOBE64 1
| #define HAVE_DECL_BSWAP_16 1
| #define HAVE_DECL_BSWAP_32 1
| #define HAVE_DECL_BSWAP_64 1
| #define HAVE_DECL___BUILTIN_CLZ 1
| #define HAVE_DECL___BUILTIN_CLZL 1
| #define HAVE_DECL___BUILTIN_CLZLL 1
| #define HAVE_MALLOC_INFO 1
| #define HAVE_MALLOPT_ARENA_MAX 1
| #define HAVE_VISIBILITY_ATTRIBUTE 1
| #define HAVE_THREAD_LOCAL 1
| #define HAVE_SYS_GETRANDOM 1
| #define HAVE_GETENTROPY 1
| #define HAVE_GETENTROPY_RAND 1
| #define HAVE_MINIUPNPC_MINIWGET_H 1
| #define HAVE_MINIUPNPC_MINIUPNPC_H 1
| #define HAVE_MINIUPNPC_UPNPCOMMANDS_H 1
| #define HAVE_MINIUPNPC_UPNPERRORS_H 1
| #define HAVE_BOOST /**/
| #define HAVE_BOOST_SYSTEM /**/
| #define HAVE_BOOST_FILESYSTEM /**/
| #define HAVE_BOOST_THREAD /**/
| #define HAVE_BOOST_CHRONO /**/
| #define HAVE_BOOST_UNIT_TEST_FRAMEWORK /**/
| /* end confdefs.h.  */
| 
|   #include <boost/config.hpp>
|   #include <boost/version.hpp>
|   #if !defined(BOOST_NO_SCOPED_ENUMS) && !defined(BOOST_NO_CXX11_SCOPED_ENUMS) && BOOST_VERSION < 105700
|   #define BOOST_NO_SCOPED_ENUMS
|   #define BOOST_NO_CXX11_SCOPED_ENUMS
|   #define CHECK
|   #endif
|   #include <boost/filesystem.hpp>
| 
| int
| main ()
| {
| 
|   #if defined(CHECK)
|     boost::filesystem::copy_file("foo", "bar");
|   #else
|     choke;
|   #endif
| 
|   ;
|   return 0;
| }
configure:26307: result: ok
configure:26339: g++ -std=c++11 -o conftest -g -O2  -DHAVE_BUILD_INFO -D__STDC_FORMAT_MACROS -DBOOST_SP_USE_STD_ATOMIC -DBOOST_AC_USE_STD_ATOMIC -pthread -I/usr/include  conftest.cpp -L/usr/lib/x86_64-linux-gnu -lboost_system -lboost_filesystem -lboost_thread -lpthread -lboost_chrono  >&5
configure:26339: $? = 0
configure:26401: checking for SSL
configure:26408: $PKG_CONFIG --exists --print-errors "libssl"
configure:26411: $? = 0
configure:26425: $PKG_CONFIG --exists --print-errors "libssl"
configure:26428: $? = 0
configure:26466: result: yes
configure:26472: checking for CRYPTO
configure:26479: $PKG_CONFIG --exists --print-errors "libcrypto"
configure:26482: $? = 0
configure:26496: $PKG_CONFIG --exists --print-errors "libcrypto"
configure:26499: $? = 0
configure:26537: result: yes
configure:26547: checking for PROTOBUF
configure:26554: $PKG_CONFIG --exists --print-errors "protobuf"
configure:26557: $? = 0
configure:26571: $PKG_CONFIG --exists --print-errors "protobuf"
configure:26574: $? = 0
configure:26612: result: yes
configure:26628: checking for QR
configure:26635: $PKG_CONFIG --exists --print-errors "libqrencode"
Package libqrencode was not found in the pkg-config search path.
Perhaps you should add the directory containing `libqrencode.pc'
to the PKG_CONFIG_PATH environment variable
No package 'libqrencode' found
configure:26638: $? = 1
configure:26652: $PKG_CONFIG --exists --print-errors "libqrencode"
Package libqrencode was not found in the pkg-config search path.
Perhaps you should add the directory containing `libqrencode.pc'
to the PKG_CONFIG_PATH environment variable
No package 'libqrencode' found
configure:26655: $? = 1
configure:26669: result: no
No package 'libqrencode' found
configure:26706: checking for EVENT
configure:26713: $PKG_CONFIG --exists --print-errors "libevent"
configure:26716: $? = 0
configure:26730: $PKG_CONFIG --exists --print-errors "libevent"
configure:26733: $? = 0
configure:26771: result: yes
configure:26778: checking for EVENT_PTHREADS
configure:26785: $PKG_CONFIG --exists --print-errors "libevent_pthreads"
configure:26788: $? = 0
configure:26802: $PKG_CONFIG --exists --print-errors "libevent_pthreads"
configure:26805: $? = 0
configure:26843: result: yes
configure:26853: checking for ZMQ
configure:26860: $PKG_CONFIG --exists --print-errors "libzmq >= 4"
configure:26863: $? = 0
configure:26877: $PKG_CONFIG --exists --print-errors "libzmq >= 4"
configure:26880: $? = 0
configure:26928: result: yes
configure:27312: checking whether EVP_MD_CTX_new is declared
configure:27312: g++ -std=c++11 -c -g -O2    -DHAVE_BUILD_INFO -D__STDC_FORMAT_MACROS conftest.cpp >&5
configure:27312: $? = 0
configure:27312: result: yes
configure:27333: checking rapidcheck.h usability
configure:27333: g++ -std=c++11 -c -g -O2  -DHAVE_BUILD_INFO -D__STDC_FORMAT_MACROS conftest.cpp >&5
conftest.cpp:117:10: fatal error: rapidcheck.h: No such file or directory
  117 | #include <rapidcheck.h>
      |          ^~~~~~~~~~~~~~
compilation terminated.
configure:27333: $? = 1
configure: failed program was:
| /* confdefs.h */
| #define PACKAGE_NAME "Suscoin Core"
| #define PACKAGE_TARNAME "suscoin"
| #define PACKAGE_VERSION "0.18.1"
| #define PACKAGE_STRING "Suscoin Core 0.18.1"
| #define PACKAGE_BUGREPORT "https://github.com/suscoin-project/suscoin/issues"
| #define PACKAGE_URL "https://suscoin.org/"
| #define HAVE_CXX11 1
| #define STDC_HEADERS 1
| #define HAVE_SYS_TYPES_H 1
| #define HAVE_SYS_STAT_H 1
| #define HAVE_STDLIB_H 1
| #define HAVE_STRING_H 1
| #define HAVE_MEMORY_H 1
| #define HAVE_STRINGS_H 1
| #define HAVE_INTTYPES_H 1
| #define HAVE_STDINT_H 1
| #define HAVE_UNISTD_H 1
| #define HAVE_DLFCN_H 1
| #define LT_OBJDIR ".libs/"
| #define USE_ASM 1
| #define ENABLE_SSE41 1
| #define ENABLE_AVX2 1
| #define ENABLE_SHANI 1
| #define HAVE_PTHREAD_PRIO_INHERIT 1
| #define HAVE_PTHREAD 1
| #define HAVE_DECL_STRERROR_R 1
| #define HAVE_STRERROR_R 1
| #define STRERROR_R_CHAR_P 1
| #define HAVE_FUNC_ATTRIBUTE_VISIBILITY 1
| #define HAVE_ENDIAN_H 1
| #define HAVE_BYTESWAP_H 1
| #define HAVE_STDIO_H 1
| #define HAVE_STDLIB_H 1
| #define HAVE_UNISTD_H 1
| #define HAVE_STRINGS_H 1
| #define HAVE_SYS_TYPES_H 1
| #define HAVE_SYS_STAT_H 1
| #define HAVE_SYS_SELECT_H 1
| #define HAVE_SYS_PRCTL_H 1
| #define HAVE_DECL_GETIFADDRS 1
| #define HAVE_DECL_FREEIFADDRS 1
| #define HAVE_DECL_STRNLEN 1
| #define HAVE_DECL_DAEMON 1
| #define HAVE_DECL_LE16TOH 1
| #define HAVE_DECL_LE32TOH 1
| #define HAVE_DECL_LE64TOH 1
| #define HAVE_DECL_HTOLE16 1
| #define HAVE_DECL_HTOLE32 1
| #define HAVE_DECL_HTOLE64 1
| #define HAVE_DECL_BE16TOH 1
| #define HAVE_DECL_BE32TOH 1
| #define HAVE_DECL_BE64TOH 1
| #define HAVE_DECL_HTOBE16 1
| #define HAVE_DECL_HTOBE32 1
| #define HAVE_DECL_HTOBE64 1
| #define HAVE_DECL_BSWAP_16 1
| #define HAVE_DECL_BSWAP_32 1
| #define HAVE_DECL_BSWAP_64 1
| #define HAVE_DECL___BUILTIN_CLZ 1
| #define HAVE_DECL___BUILTIN_CLZL 1
| #define HAVE_DECL___BUILTIN_CLZLL 1
| #define HAVE_MALLOC_INFO 1
| #define HAVE_MALLOPT_ARENA_MAX 1
| #define HAVE_VISIBILITY_ATTRIBUTE 1
| #define HAVE_THREAD_LOCAL 1
| #define HAVE_SYS_GETRANDOM 1
| #define HAVE_GETENTROPY 1
| #define HAVE_GETENTROPY_RAND 1
| #define HAVE_MINIUPNPC_MINIWGET_H 1
| #define HAVE_MINIUPNPC_MINIUPNPC_H 1
| #define HAVE_MINIUPNPC_UPNPCOMMANDS_H 1
| #define HAVE_MINIUPNPC_UPNPERRORS_H 1
| #define HAVE_BOOST /**/
| #define HAVE_BOOST_SYSTEM /**/
| #define HAVE_BOOST_FILESYSTEM /**/
| #define HAVE_BOOST_THREAD /**/
| #define HAVE_BOOST_CHRONO /**/
| #define HAVE_BOOST_UNIT_TEST_FRAMEWORK /**/
| #define HAVE_WORKING_BOOST_SLEEP_FOR 1
| #define ENABLE_ZMQ 1
| #define HAVE_DECL_EVP_MD_CTX_NEW 1
| /* end confdefs.h.  */
| #include <stdio.h>
| #ifdef HAVE_SYS_TYPES_H
| # include <sys/types.h>
| #endif
| #ifdef HAVE_SYS_STAT_H
| # include <sys/stat.h>
| #endif
| #ifdef STDC_HEADERS
| # include <stdlib.h>
| # include <stddef.h>
| #else
| # ifdef HAVE_STDLIB_H
| #  include <stdlib.h>
| # endif
| #endif
| #ifdef HAVE_STRING_H
| # if !defined STDC_HEADERS && defined HAVE_MEMORY_H
| #  include <memory.h>
| # endif
| # include <string.h>
| #endif
| #ifdef HAVE_STRINGS_H
| # include <strings.h>
| #endif
| #ifdef HAVE_INTTYPES_H
| # include <inttypes.h>
| #endif
| #ifdef HAVE_STDINT_H
| # include <stdint.h>
| #endif
| #ifdef HAVE_UNISTD_H
| # include <unistd.h>
| #endif
| #include <rapidcheck.h>
configure:27333: result: no
configure:27333: checking rapidcheck.h presence
configure:27333: g++ -std=c++11 -E  -DHAVE_BUILD_INFO -D__STDC_FORMAT_MACROS conftest.cpp
conftest.cpp:84:10: fatal error: rapidcheck.h: No such file or directory
   84 | #include <rapidcheck.h>
      |          ^~~~~~~~~~~~~~
compilation terminated.
configure:27333: $? = 1
configure: failed program was:
| /* confdefs.h */
| #define PACKAGE_NAME "Suscoin Core"
| #define PACKAGE_TARNAME "suscoin"
| #define PACKAGE_VERSION "0.18.1"
| #define PACKAGE_STRING "Suscoin Core 0.18.1"
| #define PACKAGE_BUGREPORT "https://github.com/suscoin-project/suscoin/issues"
| #define PACKAGE_URL "https://suscoin.org/"
| #define HAVE_CXX11 1
| #define STDC_HEADERS 1
| #define HAVE_SYS_TYPES_H 1
| #define HAVE_SYS_STAT_H 1
| #define HAVE_STDLIB_H 1
| #define HAVE_STRING_H 1
| #define HAVE_MEMORY_H 1
| #define HAVE_STRINGS_H 1
| #define HAVE_INTTYPES_H 1
| #define HAVE_STDINT_H 1
| #define HAVE_UNISTD_H 1
| #define HAVE_DLFCN_H 1
| #define LT_OBJDIR ".libs/"
| #define USE_ASM 1
| #define ENABLE_SSE41 1
| #define ENABLE_AVX2 1
| #define ENABLE_SHANI 1
| #define HAVE_PTHREAD_PRIO_INHERIT 1
| #define HAVE_PTHREAD 1
| #define HAVE_DECL_STRERROR_R 1
| #define HAVE_STRERROR_R 1
| #define STRERROR_R_CHAR_P 1
| #define HAVE_FUNC_ATTRIBUTE_VISIBILITY 1
| #define HAVE_ENDIAN_H 1
| #define HAVE_BYTESWAP_H 1
| #define HAVE_STDIO_H 1
| #define HAVE_STDLIB_H 1
| #define HAVE_UNISTD_H 1
| #define HAVE_STRINGS_H 1
| #define HAVE_SYS_TYPES_H 1
| #define HAVE_SYS_STAT_H 1
| #define HAVE_SYS_SELECT_H 1
| #define HAVE_SYS_PRCTL_H 1
| #define HAVE_DECL_GETIFADDRS 1
| #define HAVE_DECL_FREEIFADDRS 1
| #define HAVE_DECL_STRNLEN 1
| #define HAVE_DECL_DAEMON 1
| #define HAVE_DECL_LE16TOH 1
| #define HAVE_DECL_LE32TOH 1
| #define HAVE_DECL_LE64TOH 1
| #define HAVE_DECL_HTOLE16 1
| #define HAVE_DECL_HTOLE32 1
| #define HAVE_DECL_HTOLE64 1
| #define HAVE_DECL_BE16TOH 1
| #define HAVE_DECL_BE32TOH 1
| #define HAVE_DECL_BE64TOH 1
| #define HAVE_DECL_HTOBE16 1
| #define HAVE_DECL_HTOBE32 1
| #define HAVE_DECL_HTOBE64 1
| #define HAVE_DECL_BSWAP_16 1
| #define HAVE_DECL_BSWAP_32 1
| #define HAVE_DECL_BSWAP_64 1
| #define HAVE_DECL___BUILTIN_CLZ 1
| #define HAVE_DECL___BUILTIN_CLZL 1
| #define HAVE_DECL___BUILTIN_CLZLL 1
| #define HAVE_MALLOC_INFO 1
| #define HAVE_MALLOPT_ARENA_MAX 1
| #define HAVE_VISIBILITY_ATTRIBUTE 1
| #define HAVE_THREAD_LOCAL 1
| #define HAVE_SYS_GETRANDOM 1
| #define HAVE_GETENTROPY 1
| #define HAVE_GETENTROPY_RAND 1
| #define HAVE_MINIUPNPC_MINIWGET_H 1
| #define HAVE_MINIUPNPC_MINIUPNPC_H 1
| #define HAVE_MINIUPNPC_UPNPCOMMANDS_H 1
| #define HAVE_MINIUPNPC_UPNPERRORS_H 1
| #define HAVE_BOOST /**/
| #define HAVE_BOOST_SYSTEM /**/
| #define HAVE_BOOST_FILESYSTEM /**/
| #define HAVE_BOOST_THREAD /**/
| #define HAVE_BOOST_CHRONO /**/
| #define HAVE_BOOST_UNIT_TEST_FRAMEWORK /**/
| #define HAVE_WORKING_BOOST_SLEEP_FOR 1
| #define ENABLE_ZMQ 1
| #define HAVE_DECL_EVP_MD_CTX_NEW 1
| /* end confdefs.h.  */
| #include <rapidcheck.h>
configure:27333: result: no
configure:27333: checking for rapidcheck.h
configure:27333: result: no
configure:27584: checking for protoc
configure:27602: found /usr/bin/protoc
configure:27614: result: /usr/bin/protoc
configure:27649: checking whether to build suscoind
configure:27659: result: yes
configure:27662: checking whether to build suscoin-cli
configure:27672: result: yes
configure:27675: checking whether to build suscoin-tx
configure:27685: result: yes
configure:27688: checking whether to build suscoin-wallet
configure:27698: result: yes
configure:27701: checking whether to build libraries
configure:27718: result: yes
configure:27729: checking if ccache should be used
configure:27742: result: no
configure:27783: checking if wallet should be enabled
configure:27786: result: yes
configure:27799: checking whether to build with support for UPnP
configure:27809: result: yes
configure:27811: checking whether to build with UPnP enabled by default
configure:27819: result: no
configure:27837: checking whether to build GUI with support for D-Bus
configure:27844: result: yes
configure:27847: checking whether to build GUI with support for QR codes
configure:27853: result: no
configure:27870: WARNING: "xgettext is required to update qt translations"
configure:27874: checking whether to build test_suscoin-qt
configure:27877: result: yes
configure:27885: checking whether to build BIP70 support
configure:27900: result: yes
configure:27918: checking whether to build test_suscoin
configure:27921: result: yes
configure:27930: checking whether to enable sse2 instructions
configure:27941: result: no
configure:27945: checking whether to reduce exports
configure:27951: result: no
configure:28357: checking that generated files are newer than configure
configure:28363: result: done
configure:28523: creating ./config.status
configure:31129: result: Fixing libtool for -rpath problems.

## ---------------- ##
## Cache variables. ##
## ---------------- ##

ac_cv_build=x86_64-pc-linux-gnu
ac_cv_c_bigendian=no
ac_cv_c_compiler_gnu=yes
ac_cv_cxx_compiler_gnu=yes
ac_cv_env_ARFLAGS_set=
ac_cv_env_ARFLAGS_value=
ac_cv_env_BDB_CFLAGS_set=
ac_cv_env_BDB_CFLAGS_value=
ac_cv_env_BDB_LIBS_set=
ac_cv_env_BDB_LIBS_value=
ac_cv_env_CCC_set=
ac_cv_env_CCC_value=
ac_cv_env_CC_set=
ac_cv_env_CC_value=
ac_cv_env_CFLAGS_set=
ac_cv_env_CFLAGS_value=
ac_cv_env_CPPFLAGS_set=
ac_cv_env_CPPFLAGS_value=
ac_cv_env_CPP_set=
ac_cv_env_CPP_value=
ac_cv_env_CRYPTO_CFLAGS_set=
ac_cv_env_CRYPTO_CFLAGS_value=
ac_cv_env_CRYPTO_LIBS_set=
ac_cv_env_CRYPTO_LIBS_value=
ac_cv_env_CXXCPP_set=
ac_cv_env_CXXCPP_value=
ac_cv_env_CXXFLAGS_set=
ac_cv_env_CXXFLAGS_value=
ac_cv_env_CXX_set=
ac_cv_env_CXX_value=
ac_cv_env_EVENT_CFLAGS_set=
ac_cv_env_EVENT_CFLAGS_value=
ac_cv_env_EVENT_LIBS_set=
ac_cv_env_EVENT_LIBS_value=
ac_cv_env_EVENT_PTHREADS_CFLAGS_set=
ac_cv_env_EVENT_PTHREADS_CFLAGS_value=
ac_cv_env_EVENT_PTHREADS_LIBS_set=
ac_cv_env_EVENT_PTHREADS_LIBS_value=
ac_cv_env_LDFLAGS_set=
ac_cv_env_LDFLAGS_value=
ac_cv_env_LIBS_set=
ac_cv_env_LIBS_value=
ac_cv_env_LT_SYS_LIBRARY_PATH_set=
ac_cv_env_LT_SYS_LIBRARY_PATH_value=
ac_cv_env_OBJCXXFLAGS_set=
ac_cv_env_OBJCXXFLAGS_value=
ac_cv_env_OBJCXX_set=
ac_cv_env_OBJCXX_value=
ac_cv_env_PKG_CONFIG_LIBDIR_set=
ac_cv_env_PKG_CONFIG_LIBDIR_value=
ac_cv_env_PKG_CONFIG_PATH_set=
ac_cv_env_PKG_CONFIG_PATH_value=
ac_cv_env_PKG_CONFIG_set=
ac_cv_env_PKG_CONFIG_value=
ac_cv_env_PROTOBUF_CFLAGS_set=
ac_cv_env_PROTOBUF_CFLAGS_value=
ac_cv_env_PROTOBUF_LIBS_set=
ac_cv_env_PROTOBUF_LIBS_value=
ac_cv_env_PYTHONPATH_set=set
ac_cv_env_PYTHONPATH_value=
ac_cv_env_QR_CFLAGS_set=
ac_cv_env_QR_CFLAGS_value=
ac_cv_env_QR_LIBS_set=
ac_cv_env_QR_LIBS_value=
ac_cv_env_QT5_CFLAGS_set=
ac_cv_env_QT5_CFLAGS_value=
ac_cv_env_QT5_LIBS_set=
ac_cv_env_QT5_LIBS_value=
ac_cv_env_QTACCESSIBILITY_CFLAGS_set=
ac_cv_env_QTACCESSIBILITY_CFLAGS_value=
ac_cv_env_QTACCESSIBILITY_LIBS_set=
ac_cv_env_QTACCESSIBILITY_LIBS_value=
ac_cv_env_QTCGL_CFLAGS_set=
ac_cv_env_QTCGL_CFLAGS_value=
ac_cv_env_QTCGL_LIBS_set=
ac_cv_env_QTCGL_LIBS_value=
ac_cv_env_QTCLIPBOARD_CFLAGS_set=
ac_cv_env_QTCLIPBOARD_CFLAGS_value=
ac_cv_env_QTCLIPBOARD_LIBS_set=
ac_cv_env_QTCLIPBOARD_LIBS_value=
ac_cv_env_QTDEVICEDISCOVERY_CFLAGS_set=
ac_cv_env_QTDEVICEDISCOVERY_CFLAGS_value=
ac_cv_env_QTDEVICEDISCOVERY_LIBS_set=
ac_cv_env_QTDEVICEDISCOVERY_LIBS_value=
ac_cv_env_QTEVENTDISPATCHER_CFLAGS_set=
ac_cv_env_QTEVENTDISPATCHER_CFLAGS_value=
ac_cv_env_QTEVENTDISPATCHER_LIBS_set=
ac_cv_env_QTEVENTDISPATCHER_LIBS_value=
ac_cv_env_QTFB_CFLAGS_set=
ac_cv_env_QTFB_CFLAGS_value=
ac_cv_env_QTFB_LIBS_set=
ac_cv_env_QTFB_LIBS_value=
ac_cv_env_QTFONTDATABASE_CFLAGS_set=
ac_cv_env_QTFONTDATABASE_CFLAGS_value=
ac_cv_env_QTFONTDATABASE_LIBS_set=
ac_cv_env_QTFONTDATABASE_LIBS_value=
ac_cv_env_QTGRAPHICS_CFLAGS_set=
ac_cv_env_QTGRAPHICS_CFLAGS_value=
ac_cv_env_QTGRAPHICS_LIBS_set=
ac_cv_env_QTGRAPHICS_LIBS_value=
ac_cv_env_QTPLATFORM_CFLAGS_set=
ac_cv_env_QTPLATFORM_CFLAGS_value=
ac_cv_env_QTPLATFORM_LIBS_set=
ac_cv_env_QTPLATFORM_LIBS_value=
ac_cv_env_QTTHEME_CFLAGS_set=
ac_cv_env_QTTHEME_CFLAGS_value=
ac_cv_env_QTTHEME_LIBS_set=
ac_cv_env_QTTHEME_LIBS_value=
ac_cv_env_QTXCBQPA_CFLAGS_set=
ac_cv_env_QTXCBQPA_CFLAGS_value=
ac_cv_env_QTXCBQPA_LIBS_set=
ac_cv_env_QTXCBQPA_LIBS_value=
ac_cv_env_QT_DBUS_CFLAGS_set=
ac_cv_env_QT_DBUS_CFLAGS_value=
ac_cv_env_QT_DBUS_LIBS_set=
ac_cv_env_QT_DBUS_LIBS_value=
ac_cv_env_QT_TEST_CFLAGS_set=
ac_cv_env_QT_TEST_CFLAGS_value=
ac_cv_env_QT_TEST_LIBS_set=
ac_cv_env_QT_TEST_LIBS_value=
ac_cv_env_SSL_CFLAGS_set=
ac_cv_env_SSL_CFLAGS_value=
ac_cv_env_SSL_LIBS_set=
ac_cv_env_SSL_LIBS_value=
ac_cv_env_UNIVALUE_CFLAGS_set=
ac_cv_env_UNIVALUE_CFLAGS_value=
ac_cv_env_UNIVALUE_LIBS_set=
ac_cv_env_UNIVALUE_LIBS_value=
ac_cv_env_X11XCB_CFLAGS_set=
ac_cv_env_X11XCB_CFLAGS_value=
ac_cv_env_X11XCB_LIBS_set=
ac_cv_env_X11XCB_LIBS_value=
ac_cv_env_ZMQ_CFLAGS_set=
ac_cv_env_ZMQ_CFLAGS_value=
ac_cv_env_ZMQ_LIBS_set=
ac_cv_env_ZMQ_LIBS_value=
ac_cv_env_build_alias_set=
ac_cv_env_build_alias_value=
ac_cv_env_host_alias_set=
ac_cv_env_host_alias_value=
ac_cv_env_target_alias_set=
ac_cv_env_target_alias_value=
ac_cv_func_strerror_r=yes
ac_cv_func_strerror_r_char_p=yes
ac_cv_have_decl_EVP_MD_CTX_new=yes
ac_cv_have_decl___builtin_clz=yes
ac_cv_have_decl___builtin_clzl=yes
ac_cv_have_decl___builtin_clzll=yes
ac_cv_have_decl_be16toh=yes
ac_cv_have_decl_be32toh=yes
ac_cv_have_decl_be64toh=yes
ac_cv_have_decl_bswap_16=yes
ac_cv_have_decl_bswap_32=yes
ac_cv_have_decl_bswap_64=yes
ac_cv_have_decl_daemon=yes
ac_cv_have_decl_freeifaddrs=yes
ac_cv_have_decl_getifaddrs=yes
ac_cv_have_decl_htobe16=yes
ac_cv_have_decl_htobe32=yes
ac_cv_have_decl_htobe64=yes
ac_cv_have_decl_htole16=yes
ac_cv_have_decl_htole32=yes
ac_cv_have_decl_htole64=yes
ac_cv_have_decl_le16toh=yes
ac_cv_have_decl_le32toh=yes
ac_cv_have_decl_le64toh=yes
ac_cv_have_decl_strerror_r=yes
ac_cv_have_decl_strnlen=yes
ac_cv_header_byteswap_h=yes
ac_cv_header_dlfcn_h=yes
ac_cv_header_endian_h=yes
ac_cv_header_inttypes_h=yes
ac_cv_header_memory_h=yes
ac_cv_header_miniupnpc_miniupnpc_h=yes
ac_cv_header_miniupnpc_miniwget_h=yes
ac_cv_header_miniupnpc_upnpcommands_h=yes
ac_cv_header_miniupnpc_upnperrors_h=yes
ac_cv_header_rapidcheck_h=no
ac_cv_header_stdc=yes
ac_cv_header_stdint_h=yes
ac_cv_header_stdio_h=yes
ac_cv_header_stdlib_h=yes
ac_cv_header_string_h=yes
ac_cv_header_strings_h=yes
ac_cv_header_sys_endian_h=no
ac_cv_header_sys_prctl_h=yes
ac_cv_header_sys_select_h=yes
ac_cv_header_sys_stat_h=yes
ac_cv_header_sys_types_h=yes
ac_cv_header_unistd_h=yes
ac_cv_host=x86_64-pc-linux-gnu
ac_cv_lib_boost_chrono___exit=yes
ac_cv_lib_boost_filesystem___exit=yes
ac_cv_lib_boost_system___exit=yes
ac_cv_lib_boost_thread___exit=yes
ac_cv_lib_db_cxx_4_8___main=no
ac_cv_lib_db_cxx___main=yes
ac_cv_lib_miniupnpc_upnpDiscover=yes
ac_cv_objcxx_compiler_gnu=no
ac_cv_objext=o
ac_cv_path_EGREP='/usr/bin/grep -E'
ac_cv_path_FGREP='/usr/bin/grep -F'
ac_cv_path_GIT=/usr/bin/git
ac_cv_path_GREP=/usr/bin/grep
ac_cv_path_HEXDUMP=/usr/bin/hexdump
ac_cv_path_LRELEASE=/usr/lib/x86_64-linux-gnu/qt5/bin/lrelease
ac_cv_path_LUPDATE=/usr/lib/x86_64-linux-gnu/qt5/bin/lupdate
ac_cv_path_MOC=/usr/lib/x86_64-linux-gnu/qt5/bin/moc
ac_cv_path_PROTOC=/usr/bin/protoc
ac_cv_path_PYTHON=/usr/bin/python3
ac_cv_path_RCC=/usr/lib/x86_64-linux-gnu/qt5/bin/rcc
ac_cv_path_SED=/usr/bin/sed
ac_cv_path_UIC=/usr/lib/x86_64-linux-gnu/qt5/bin/uic
ac_cv_path_ac_pt_AR=/usr/bin/ar
ac_cv_path_ac_pt_CPPFILT=/usr/bin/c++filt
ac_cv_path_ac_pt_GCOV=/usr/bin/gcov
ac_cv_path_ac_pt_OBJCOPY=/usr/bin/objcopy
ac_cv_path_ac_pt_PKG_CONFIG=/usr/bin/pkg-config
ac_cv_path_ac_pt_RANLIB=/usr/bin/ranlib
ac_cv_path_ac_pt_READELF=/usr/bin/readelf
ac_cv_path_ac_pt_STRIP=/usr/bin/strip
ac_cv_path_install='/usr/bin/install -c'
ac_cv_path_lt_DD=/usr/bin/dd
ac_cv_path_mkdir=/usr/bin/mkdir
ac_cv_prog_AWK=gawk
ac_cv_prog_CPP='gcc -E'
ac_cv_prog_CXXCPP='g++ -std=c++11 -E'
ac_cv_prog_ac_ct_AR=ar
ac_cv_prog_ac_ct_CC=gcc
ac_cv_prog_ac_ct_CXX=g++
ac_cv_prog_ac_ct_MANIFEST_TOOL=mt
ac_cv_prog_ac_ct_OBJDUMP=objdump
ac_cv_prog_ac_ct_RANLIB=ranlib
ac_cv_prog_ac_ct_STRIP=strip
ac_cv_prog_cc_c89=
ac_cv_prog_cc_g=yes
ac_cv_prog_cxx_g=yes
ac_cv_prog_make_make_set=yes
ac_cv_prog_objcxx_g=no
ac_cv_search_clock_gettime='none required'
ac_cv_sys_file_offset_bits=no
ac_cv_sys_largefile_CC=no
am_cv_CC_dependencies_compiler_type=gcc3
am_cv_CXX_dependencies_compiler_type=gcc3
am_cv_OBJCXX_dependencies_compiler_type=gcc3
am_cv_make_support_nested_variables=yes
am_cv_prog_cc_c_o=yes
ax_cv_PTHREAD_CLANG=no
ax_cv_PTHREAD_JOINABLE_ATTR=PTHREAD_CREATE_JOINABLE
ax_cv_PTHREAD_PRIO_INHERIT=yes
ax_cv_PTHREAD_SPECIAL_FLAGS=no
ax_cv_boost_chrono=yes
ax_cv_boost_filesystem=yes
ax_cv_boost_system=yes
ax_cv_boost_thread=yes
ax_cv_boost_unit_test_framework=yes
ax_cv_check_cxxcppflags___D_FORTIFY_SOURCE_2=yes
ax_cv_check_cxxcppflags___U_FORTIFY_SOURCE=yes
ax_cv_check_cxxflags__Wall=yes
ax_cv_check_cxxflags__Wdeprecated_register=no
ax_cv_check_cxxflags__Wextra=yes
ax_cv_check_cxxflags__Wformat=yes
ax_cv_check_cxxflags__Wformat_security=yes
ax_cv_check_cxxflags__Wimplicit_fallthrough=yes
ax_cv_check_cxxflags__Wrange_loop_analysis=no
ax_cv_check_cxxflags__Wredundant_decls=yes
ax_cv_check_cxxflags__Wself_assign=no
ax_cv_check_cxxflags__Wthread_safety_analysis=no
ax_cv_check_cxxflags__Wunused_local_typedef=no
ax_cv_check_cxxflags__Wunused_parameter=yes
ax_cv_check_cxxflags__Wvla=yes
ax_cv_check_cxxflags___Werror=yes
ax_cv_check_cxxflags___Wstack_protector=yes
ax_cv_check_cxxflags___fPIC=yes
ax_cv_check_cxxflags___fstack_protector_all=yes
ax_cv_check_cxxflags___fstack_reuse_none=yes
ax_cv_check_cxxflags__mavx__mavx2=yes
ax_cv_check_cxxflags__msse4_1=yes
ax_cv_check_cxxflags__msse4_2=yes
ax_cv_check_cxxflags__msse4__msha=yes
ax_cv_check_ldflags___Wl___dynamicbase=no
ax_cv_check_ldflags___Wl___high_entropy_va=no
ax_cv_check_ldflags___Wl___large_address_aware=no
ax_cv_check_ldflags___Wl___nxcompat=no
ax_cv_check_ldflags___Wl__z_now=yes
ax_cv_check_ldflags___Wl__z_relro=yes
ax_cv_check_ldflags__fPIE__pie=yes
ax_cv_cxx_compile_cxx11__std_cpp11=yes
ax_cv_have_func_attribute_dllexport=no
ax_cv_have_func_attribute_dllimport=no
ax_cv_have_func_attribute_visibility=yes
bitcoin_cv_static_qt=no
lt_cv_ar_at_file=@
lt_cv_deplibs_check_method=pass_all
lt_cv_file_magic_cmd='$MAGIC_CMD'
lt_cv_file_magic_test_file=
lt_cv_ld_reload_flag=-r
lt_cv_nm_interface='BSD nm'
lt_cv_objdir=.libs
lt_cv_path_LD=/usr/bin/ld
lt_cv_path_LDCXX='/usr/bin/ld -m elf_x86_64'
lt_cv_path_NM='/usr/bin/nm -B'
lt_cv_path_mainfest_tool=no
lt_cv_prog_compiler_c_o=yes
lt_cv_prog_compiler_c_o_CXX=yes
lt_cv_prog_compiler_pic='-fPIC -DPIC'
lt_cv_prog_compiler_pic_CXX='-fPIC -DPIC'
lt_cv_prog_compiler_pic_works=yes
lt_cv_prog_compiler_pic_works_CXX=yes
lt_cv_prog_compiler_rtti_exceptions=no
lt_cv_prog_compiler_static_works=yes
lt_cv_prog_compiler_static_works_CXX=yes
lt_cv_prog_gnu_ld=yes
lt_cv_prog_gnu_ldcxx=yes
lt_cv_sharedlib_from_linklib_cmd='printf %s\n'
lt_cv_shlibpath_overrides_runpath=yes
lt_cv_sys_global_symbol_pipe='sed -n -e '\''s/^.*[	 ]\([ABCDGIRSTW][ABCDGIRSTW]*\)[	 ][	 ]*\([_A-Za-z][_A-Za-z0-9]*\)$/\1 \2 \2/p'\'' | sed '\''/ __gnu_lto/d'\'''
lt_cv_sys_global_symbol_to_c_name_address='sed -n -e '\''s/^: \(.*\) .*$/  {"\1", (void *) 0},/p'\'' -e '\''s/^[ABCDGIRSTW][ABCDGIRSTW]* .* \(.*\)$/  {"\1", (void *) \&\1},/p'\'''
lt_cv_sys_global_symbol_to_c_name_address_lib_prefix='sed -n -e '\''s/^: \(.*\) .*$/  {"\1", (void *) 0},/p'\'' -e '\''s/^[ABCDGIRSTW][ABCDGIRSTW]* .* \(lib.*\)$/  {"\1", (void *) \&\1},/p'\'' -e '\''s/^[ABCDGIRSTW][ABCDGIRSTW]* .* \(.*\)$/  {"lib\1", (void *) \&\1},/p'\'''
lt_cv_sys_global_symbol_to_cdecl='sed -n -e '\''s/^T .* \(.*\)$/extern int \1();/p'\'' -e '\''s/^[ABCDGIRSTW][ABCDGIRSTW]* .* \(.*\)$/extern char \1;/p'\'''
lt_cv_sys_global_symbol_to_import=
lt_cv_sys_max_cmd_len=1572864
lt_cv_to_host_file_cmd=func_convert_file_noop
lt_cv_to_tool_file_cmd=func_convert_file_noop
lt_cv_truncate_bin='/usr/bin/dd bs=4096 count=1'
pkg_cv_CRYPTO_CFLAGS=
pkg_cv_CRYPTO_LIBS=-lcrypto
pkg_cv_EVENT_CFLAGS=
pkg_cv_EVENT_LIBS=-levent
pkg_cv_EVENT_PTHREADS_CFLAGS=-pthread
pkg_cv_EVENT_PTHREADS_LIBS='-levent_pthreads -levent'
pkg_cv_PROTOBUF_CFLAGS=-pthread
pkg_cv_PROTOBUF_LIBS='-lprotobuf -pthread'
pkg_cv_QT5_CFLAGS='-DQT_NETWORK_LIB -DQT_WIDGETS_LIB -DQT_GUI_LIB -DQT_CORE_LIB -I/usr/include/x86_64-linux-gnu/qt5/QtNetwork -I/usr/include/x86_64-linux-gnu/qt5 -I/usr/include/x86_64-linux-gnu/qt5/QtWidgets -I/usr/include/x86_64-linux-gnu/qt5 -I/usr/include/x86_64-linux-gnu/qt5/QtGui -I/usr/include/x86_64-linux-gnu/qt5 -I/usr/include/x86_64-linux-gnu/qt5/QtCore -I/usr/include/x86_64-linux-gnu/qt5'
pkg_cv_QT5_LIBS='-lQt5Network -lQt5Widgets -lQt5Gui -lQt5Core'
pkg_cv_QT_DBUS_CFLAGS='-DQT_DBUS_LIB -DQT_CORE_LIB -I/usr/include/x86_64-linux-gnu/qt5/QtDBus -I/usr/include/x86_64-linux-gnu/qt5 -I/usr/include/x86_64-linux-gnu/qt5/QtCore -I/usr/include/x86_64-linux-gnu/qt5'
pkg_cv_QT_DBUS_LIBS='-lQt5DBus -lQt5Core'
pkg_cv_QT_TEST_CFLAGS='-DQT_TESTLIB_LIB -DQT_CORE_LIB -I/usr/include/x86_64-linux-gnu/qt5/QtTest -I/usr/include/x86_64-linux-gnu/qt5 -I/usr/include/x86_64-linux-gnu/qt5/QtCore -I/usr/include/x86_64-linux-gnu/qt5'
pkg_cv_QT_TEST_LIBS='-lQt5Test -lQt5Core'
pkg_cv_SSL_CFLAGS=
pkg_cv_SSL_LIBS=-lssl
pkg_cv_ZMQ_CFLAGS='-isystem /usr/include/mit-krb5 -I/usr/include/pgm-5.2'
pkg_cv_ZMQ_LIBS=-lzmq

## ----------------- ##
## Output variables. ##
## ----------------- ##

ACLOCAL='${SHELL} /mnt/e/Projekty/susCoin/litecoin/build-aux/missing aclocal-1.16'
AMDEPBACKSLASH='\'
AMDEP_FALSE='#'
AMDEP_TRUE=''
AMTAR='$${TAR-tar}'
AM_BACKSLASH='\'
AM_DEFAULT_V='$(AM_DEFAULT_VERBOSITY)'
AM_DEFAULT_VERBOSITY='0'
AM_V='$(V)'
AR='/usr/bin/ar'
ARFLAGS='cr'
AUTOCONF='${SHELL} /mnt/e/Projekty/susCoin/litecoin/build-aux/missing autoconf'
AUTOHEADER='${SHELL} /mnt/e/Projekty/susCoin/litecoin/build-aux/missing autoheader'
AUTOMAKE='${SHELL} /mnt/e/Projekty/susCoin/litecoin/build-aux/missing automake-1.16'
AVX2_CXXFLAGS='-mavx -mavx2'
AWK='gawk'
BDB_CFLAGS=''
BDB_CPPFLAGS=''
BDB_LIBS='-ldb_cxx'
BITCOIN_CLI_NAME='suscoin-cli'
BITCOIN_DAEMON_NAME='suscoind'
BITCOIN_GUI_NAME='suscoin-qt'
BITCOIN_TX_NAME='suscoin-tx'
BITCOIN_WALLET_TOOL_NAME='suscoin-wallet'
BOOST_CHRONO_LIB='-lboost_chrono'
BOOST_CPPFLAGS='-DBOOST_SP_USE_STD_ATOMIC -DBOOST_AC_USE_STD_ATOMIC -pthread -I/usr/include'
BOOST_FILESYSTEM_LIB='-lboost_filesystem'
BOOST_LDFLAGS='-L/usr/lib/x86_64-linux-gnu'
BOOST_LIBS='-L/usr/lib/x86_64-linux-gnu -lboost_system -lboost_filesystem -lboost_thread -lpthread -lboost_chrono'
BOOST_SYSTEM_LIB='-lboost_system'
BOOST_THREAD_LIB='-lboost_thread -lpthread'
BOOST_UNIT_TEST_FRAMEWORK_LIB='-lboost_unit_test_framework'
BREW=''
BUILD_BITCOIND_FALSE='#'
BUILD_BITCOIND_TRUE=''
BUILD_BITCOIN_CLI_FALSE='#'
BUILD_BITCOIN_CLI_TRUE=''
BUILD_BITCOIN_LIBS_FALSE='#'
BUILD_BITCOIN_LIBS_TRUE=''
BUILD_BITCOIN_TX_FALSE='#'
BUILD_BITCOIN_TX_TRUE=''
BUILD_BITCOIN_WALLET_FALSE='#'
BUILD_BITCOIN_WALLET_TRUE=''
BUILD_DARWIN_FALSE=''
BUILD_DARWIN_TRUE='#'
CC='gcc'
CCACHE=''
CCDEPMODE='depmode=gcc3'
CFLAGS='-g -O2'
CLIENT_VERSION_BUILD='0'
CLIENT_VERSION_IS_RELEASE='true'
CLIENT_VERSION_MAJOR='0'
CLIENT_VERSION_MINOR='18'
CLIENT_VERSION_REVISION='1'
COMPAT_LDFLAGS=''
COPYRIGHT_HOLDERS='The %s developers'
COPYRIGHT_HOLDERS_FINAL='The Suscoin Core developers'
COPYRIGHT_HOLDERS_SUBSTITUTION='Suscoin Core'
COPYRIGHT_YEAR='2020'
CPP='gcc -E'
CPPFILT='/usr/bin/c++filt'
CPPFLAGS=' -DHAVE_BUILD_INFO -D__STDC_FORMAT_MACROS'
CRYPTO_CFLAGS=''
CRYPTO_LIBS='-lcrypto'
CXX='g++ -std=c++11'
CXXCPP='g++ -std=c++11 -E'
CXXDEPMODE='depmode=gcc3'
CXXFLAGS='-g -O2'
CYGPATH_W='echo'
DEBUG_CPPFLAGS=''
DEBUG_CXXFLAGS=''
DEFS='-DHAVE_CONFIG_H'
DEPDIR='.deps'
DLLTOOL='false'
DOXYGEN=''
DSYMUTIL=''
DUMPBIN=''
ECHO_C=''
ECHO_N='-n'
ECHO_T=''
EGREP='/usr/bin/grep -E'
EMBEDDED_LEVELDB_FALSE='#'
EMBEDDED_LEVELDB_TRUE=''
EMBEDDED_UNIVALUE_FALSE='#'
EMBEDDED_UNIVALUE_TRUE=''
ENABLE_AVX2_FALSE='#'
ENABLE_AVX2_TRUE=''
ENABLE_BENCH_FALSE='#'
ENABLE_BENCH_TRUE=''
ENABLE_BIP70_FALSE='#'
ENABLE_BIP70_TRUE=''
ENABLE_FUZZ_FALSE=''
ENABLE_FUZZ_TRUE='#'
ENABLE_HWCRC32_FALSE='#'
ENABLE_HWCRC32_TRUE=''
ENABLE_MAN_FALSE='#'
ENABLE_MAN_TRUE=''
ENABLE_PROPERTY_TESTS_FALSE=''
ENABLE_PROPERTY_TESTS_TRUE='#'
ENABLE_QT_FALSE='#'
ENABLE_QT_TESTS_FALSE='#'
ENABLE_QT_TESTS_TRUE=''
ENABLE_QT_TRUE=''
ENABLE_SHANI_FALSE='#'
ENABLE_SHANI_TRUE=''
ENABLE_SSE41_FALSE='#'
ENABLE_SSE41_TRUE=''
ENABLE_TESTS_FALSE='#'
ENABLE_TESTS_TRUE=''
ENABLE_WALLET_FALSE='#'
ENABLE_WALLET_TRUE=''
ENABLE_ZMQ_FALSE='#'
ENABLE_ZMQ_TRUE=''
ERROR_CXXFLAGS=''
EVENT_CFLAGS=''
EVENT_LIBS='-levent'
EVENT_PTHREADS_CFLAGS='-pthread'
EVENT_PTHREADS_LIBS='-levent_pthreads -levent'
EXEEXT=''
EXTENDED_FUNCTIONAL_TESTS=''
FGREP='/usr/bin/grep -F'
GCOV='/usr/bin/gcov'
GENHTML=''
GENISOIMAGE=''
GIT='/usr/bin/git'
GLIBC_BACK_COMPAT_FALSE=''
GLIBC_BACK_COMPAT_TRUE='#'
GPROF_CXXFLAGS=''
GPROF_LDFLAGS=''
GREP='/usr/bin/grep'
HARDENED_CPPFLAGS=' -U_FORTIFY_SOURCE -D_FORTIFY_SOURCE=2'
HARDENED_CXXFLAGS=' -fstack-reuse=none -Wstack-protector -fstack-protector-all'
HARDENED_LDFLAGS=' -Wl,-z,relro -Wl,-z,now -pie'
HARDEN_FALSE='#'
HARDEN_TRUE=''
HAVE_CXX11='1'
HAVE_DOXYGEN_FALSE=''
HAVE_DOXYGEN_TRUE='#'
HEXDUMP='/usr/bin/hexdump'
IMAGEMAGICK_CONVERT=''
INSTALLNAMETOOL=''
INSTALL_DATA='${INSTALL} -m 644'
INSTALL_PROGRAM='${INSTALL}'
INSTALL_SCRIPT='${INSTALL}'
INSTALL_STRIP_PROGRAM='$(install_sh) -c -s'
LCOV=''
LCOV_OPTS=''
LD='/usr/bin/ld -m elf_x86_64'
LDFLAGS=''
LEVELDB_CPPFLAGS=''
LEVELDB_TARGET_FLAGS='-DOS_LINUX'
LIBLEVELDB=''
LIBMEMENV=''
LIBOBJS=''
LIBS=''
LIBTOOL='$(SHELL) $(top_builddir)/libtool'
LIBTOOL_APP_LDFLAGS=''
LIPO=''
LN_S='ln -s'
LRELEASE='/usr/lib/x86_64-linux-gnu/qt5/bin/lrelease'
LTLIBOBJS=''
LT_SYS_LIBRARY_PATH=''
LUPDATE='/usr/lib/x86_64-linux-gnu/qt5/bin/lupdate'
MAINT=''
MAINTAINER_MODE_FALSE='#'
MAINTAINER_MODE_TRUE=''
MAKEINFO='${SHELL} /mnt/e/Projekty/susCoin/litecoin/build-aux/missing makeinfo'
MAKENSIS=''
MANIFEST_TOOL=':'
MINIUPNPC_CPPFLAGS=''
MINIUPNPC_LIBS='-lminiupnpc'
MKDIR_P='/usr/bin/mkdir -p'
MOC='/usr/lib/x86_64-linux-gnu/qt5/bin/moc'
MOC_DEFS='-DHAVE_CONFIG_H -I$(srcdir)'
NM='/usr/bin/nm -B'
NMEDIT=''
NOWARN_CXXFLAGS=' -Wno-unused-parameter -Wno-implicit-fallthrough'
OBJCOPY='/usr/bin/objcopy'
OBJCXX='g++ -std=c++11'
OBJCXXDEPMODE='depmode=gcc3'
OBJCXXFLAGS=''
OBJDUMP='objdump'
OBJEXT='o'
OTOOL64=''
OTOOL=''
PACKAGE='suscoin'
PACKAGE_BUGREPORT='https://github.com/suscoin-project/suscoin/issues'
PACKAGE_NAME='Suscoin Core'
PACKAGE_STRING='Suscoin Core 0.18.1'
PACKAGE_TARNAME='suscoin'
PACKAGE_URL='https://suscoin.org/'
PACKAGE_VERSION='0.18.1'
PATH_SEPARATOR=':'
PIC_FLAGS='-fPIC'
PIE_FLAGS='-fPIE'
PKG_CONFIG='/usr/bin/pkg-config'
PKG_CONFIG_LIBDIR=''
PKG_CONFIG_PATH=''
PROTOBUF_CFLAGS='-pthread'
PROTOBUF_LIBS='-lprotobuf -pthread'
PROTOC='/usr/bin/protoc'
PTHREAD_CC='gcc'
PTHREAD_CFLAGS='-pthread'
PTHREAD_LIBS=''
PYTHON='/usr/bin/python3'
PYTHONPATH=''
QR_CFLAGS=''
QR_LIBS=''
QT5_CFLAGS='-DQT_NETWORK_LIB -DQT_WIDGETS_LIB -DQT_GUI_LIB -DQT_CORE_LIB -I/usr/include/x86_64-linux-gnu/qt5/QtNetwork -I/usr/include/x86_64-linux-gnu/qt5 -I/usr/include/x86_64-linux-gnu/qt5/QtWidgets -I/usr/include/x86_64-linux-gnu/qt5 -I/usr/include/x86_64-linux-gnu/qt5/QtGui -I/usr/include/x86_64-linux-gnu/qt5 -I/usr/include/x86_64-linux-gnu/qt5/QtCore -I/usr/include/x86_64-linux-gnu/qt5'
QT5_LIBS='-lQt5Network -lQt5Widgets -lQt5Gui -lQt5Core'
QTACCESSIBILITY_CFLAGS=''
QTACCESSIBILITY_LIBS=''
QTCGL_CFLAGS=''
QTCGL_LIBS=''
QTCLIPBOARD_CFLAGS=''
QTCLIPBOARD_LIBS=''
QTDEVICEDISCOVERY_CFLAGS=''
QTDEVICEDISCOVERY_LIBS=''
QTEVENTDISPATCHER_CFLAGS=''
QTEVENTDISPATCHER_LIBS=''
QTFB_CFLAGS=''
QTFB_LIBS=''
QTFONTDATABASE_CFLAGS=''
QTFONTDATABASE_LIBS=''
QTGRAPHICS_CFLAGS=''
QTGRAPHICS_LIBS=''
QTPLATFORM_CFLAGS=''
QTPLATFORM_LIBS=''
QTTHEME_CFLAGS=''
QTTHEME_LIBS=''
QTXCBQPA_CFLAGS=''
QTXCBQPA_LIBS=''
QT_DBUS_CFLAGS='-DQT_DBUS_LIB -DQT_CORE_LIB -I/usr/include/x86_64-linux-gnu/qt5/QtDBus -I/usr/include/x86_64-linux-gnu/qt5 -I/usr/include/x86_64-linux-gnu/qt5/QtCore -I/usr/include/x86_64-linux-gnu/qt5'
QT_DBUS_INCLUDES='-DQT_DBUS_LIB -DQT_CORE_LIB -I/usr/include/x86_64-linux-gnu/qt5/QtDBus -I/usr/include/x86_64-linux-gnu/qt5 -I/usr/include/x86_64-linux-gnu/qt5/QtCore -I/usr/include/x86_64-linux-gnu/qt5'
QT_DBUS_LIBS='-lQt5DBus -lQt5Core'
QT_INCLUDES='-DQT_NETWORK_LIB -DQT_WIDGETS_LIB -DQT_GUI_LIB -DQT_CORE_LIB -I/usr/include/x86_64-linux-gnu/qt5/QtNetwork -I/usr/include/x86_64-linux-gnu/qt5 -I/usr/include/x86_64-linux-gnu/qt5/QtWidgets -I/usr/include/x86_64-linux-gnu/qt5 -I/usr/include/x86_64-linux-gnu/qt5/QtGui -I/usr/include/x86_64-linux-gnu/qt5 -I/usr/include/x86_64-linux-gnu/qt5/QtCore -I/usr/include/x86_64-linux-gnu/qt5'
QT_LDFLAGS=''
QT_LIBS='-lQt5Network -lQt5Widgets -lQt5Gui -lQt5Core'
QT_PIE_FLAGS='-fPIC'
QT_SELECT='qt5'
QT_TEST_CFLAGS='-DQT_TESTLIB_LIB -DQT_CORE_LIB -I/usr/include/x86_64-linux-gnu/qt5/QtTest -I/usr/include/x86_64-linux-gnu/qt5 -I/usr/include/x86_64-linux-gnu/qt5/QtCore -I/usr/include/x86_64-linux-gnu/qt5'
QT_TEST_INCLUDES='-DQT_TESTLIB_LIB -DQT_CORE_LIB -I/usr/include/x86_64-linux-gnu/qt5/QtTest -I/usr/include/x86_64-linux-gnu/qt5 -I/usr/include/x86_64-linux-gnu/qt5/QtCore -I/usr/include/x86_64-linux-gnu/qt5'
QT_TEST_LIBS='-lQt5Test -lQt5Core'
QT_TRANSLATION_DIR=''
RANLIB='/usr/bin/ranlib'
RAPIDCHECK_LIBS=''
RCC='/usr/lib/x86_64-linux-gnu/qt5/bin/rcc'
READELF='/usr/bin/readelf'
RELDFLAGS=''
RSVG_CONVERT=''
SANITIZER_CXXFLAGS=''
SANITIZER_LDFLAGS=''
SED='/usr/bin/sed'
SET_MAKE=''
SHANI_CXXFLAGS='-msse4 -msha'
SHELL='/bin/bash'
SSE41_CXXFLAGS='-msse4.1'
SSE42_CXXFLAGS='-msse4.2'
SSL_CFLAGS=''
SSL_LIBS='-lssl'
STRIP='/usr/bin/strip'
TARGET_DARWIN_FALSE=''
TARGET_DARWIN_TRUE='#'
TARGET_WINDOWS_FALSE=''
TARGET_WINDOWS_TRUE='#'
TESTDEFS=' -DBOOST_TEST_DYN_LINK'
TIFFCP=''
UIC='/usr/lib/x86_64-linux-gnu/qt5/bin/uic'
UNIVALUE_CFLAGS='-I$(srcdir)/univalue/include'
UNIVALUE_LIBS='univalue/libunivalue.la'
USE_ASM_FALSE='#'
USE_ASM_TRUE=''
USE_LCOV_FALSE=''
USE_LCOV_TRUE='#'
USE_QRCODE=''
USE_QRCODE_FALSE=''
USE_QRCODE_TRUE='#'
USE_SSE2=''
USE_SSE2_FALSE=''
USE_SSE2_TRUE='#'
USE_UPNP=''
VERSION='0.18.1'
WARN_CXXFLAGS=' -Wall -Wextra -Wformat -Wvla -Wformat-security -Wredundant-decls'
WINDOWS_BITS=''
WINDRES=''
X11XCB_CFLAGS=''
X11XCB_LIBS=''
XGETTEXT=''
ZMQ_CFLAGS='-isystem /usr/include/mit-krb5 -I/usr/include/pgm-5.2'
ZMQ_LIBS='-lzmq'
ac_ct_AR='ar'
ac_ct_CC='gcc'
ac_ct_CXX='g++'
ac_ct_DUMPBIN=''
ac_ct_OBJCXX=''
am__EXEEXT_FALSE=''
am__EXEEXT_TRUE='#'
am__fastdepCC_FALSE='#'
am__fastdepCC_TRUE=''
am__fastdepCXX_FALSE='#'
am__fastdepCXX_TRUE=''
am__fastdepOBJCXX_FALSE='#'
am__fastdepOBJCXX_TRUE=''
am__include='include'
am__isrc=''
am__leading_dot='.'
am__nodep='_no'
am__quote=''
am__tar='$${TAR-tar} chof - "$$tardir"'
am__untar='$${TAR-tar} xf -'
ax_pthread_config=''
bindir='${exec_prefix}/bin'
build='x86_64-pc-linux-gnu'
build_alias=''
build_cpu='x86_64'
build_os='linux-gnu'
build_vendor='pc'
datadir='${datarootdir}'
datarootdir='${prefix}/share'
docdir='${datarootdir}/doc/${PACKAGE_TARNAME}'
dvidir='${docdir}'
exec_prefix='${prefix}'
host='x86_64-pc-linux-gnu'
host_alias=''
host_cpu='x86_64'
host_os='linux-gnu'
host_vendor='pc'
htmldir='${docdir}'
includedir='${prefix}/include'
infodir='${datarootdir}/info'
install_sh='${SHELL} /mnt/e/Projekty/susCoin/litecoin/build-aux/install-sh'
libdir='${exec_prefix}/lib'
libexecdir='${exec_prefix}/libexec'
localedir='${datarootdir}/locale'
localstatedir='${prefix}/var'
mandir='${datarootdir}/man'
mkdir_p='$(MKDIR_P)'
oldincludedir='/usr/include'
pdfdir='${docdir}'
prefix='/usr/local'
program_transform_name='s,x,x,'
psdir='${docdir}'
runstatedir='${localstatedir}/run'
sbindir='${exec_prefix}/sbin'
sharedstatedir='${prefix}/com'
subdirs=' src/univalue src/secp256k1'
sysconfdir='${prefix}/etc'
target_alias=''

## ----------- ##
## confdefs.h. ##
## ----------- ##

/* confdefs.h */
#define PACKAGE_NAME "Suscoin Core"
#define PACKAGE_TARNAME "suscoin"
#define PACKAGE_VERSION "0.18.1"
#define PACKAGE_STRING "Suscoin Core 0.18.1"
#define PACKAGE_BUGREPORT "https://github.com/suscoin-project/suscoin/issues"
#define PACKAGE_URL "https://suscoin.org/"
#define HAVE_CXX11 1
#define STDC_HEADERS 1
#define HAVE_SYS_TYPES_H 1
#define HAVE_SYS_STAT_H 1
#define HAVE_STDLIB_H 1
#define HAVE_STRING_H 1
#define HAVE_MEMORY_H 1
#define HAVE_STRINGS_H 1
#define HAVE_INTTYPES_H 1
#define HAVE_STDINT_H 1
#define HAVE_UNISTD_H 1
#define HAVE_DLFCN_H 1
#define LT_OBJDIR ".libs/"
#define USE_ASM 1
#define ENABLE_SSE41 1
#define ENABLE_AVX2 1
#define ENABLE_SHANI 1
#define HAVE_PTHREAD_PRIO_INHERIT 1
#define HAVE_PTHREAD 1
#define HAVE_DECL_STRERROR_R 1
#define HAVE_STRERROR_R 1
#define STRERROR_R_CHAR_P 1
#define HAVE_FUNC_ATTRIBUTE_VISIBILITY 1
#define HAVE_ENDIAN_H 1
#define HAVE_BYTESWAP_H 1
#define HAVE_STDIO_H 1
#define HAVE_STDLIB_H 1
#define HAVE_UNISTD_H 1
#define HAVE_STRINGS_H 1
#define HAVE_SYS_TYPES_H 1
#define HAVE_SYS_STAT_H 1
#define HAVE_SYS_SELECT_H 1
#define HAVE_SYS_PRCTL_H 1
#define HAVE_DECL_GETIFADDRS 1
#define HAVE_DECL_FREEIFADDRS 1
#define HAVE_DECL_STRNLEN 1
#define HAVE_DECL_DAEMON 1
#define HAVE_DECL_LE16TOH 1
#define HAVE_DECL_LE32TOH 1
#define HAVE_DECL_LE64TOH 1
#define HAVE_DECL_HTOLE16 1
#define HAVE_DECL_HTOLE32 1
#define HAVE_DECL_HTOLE64 1
#define HAVE_DECL_BE16TOH 1
#define HAVE_DECL_BE32TOH 1
#define HAVE_DECL_BE64TOH 1
#define HAVE_DECL_HTOBE16 1
#define HAVE_DECL_HTOBE32 1
#define HAVE_DECL_HTOBE64 1
#define HAVE_DECL_BSWAP_16 1
#define HAVE_DECL_BSWAP_32 1
#define HAVE_DECL_BSWAP_64 1
#define HAVE_DECL___BUILTIN_CLZ 1
#define HAVE_DECL___BUILTIN_CLZL 1
#define HAVE_DECL___BUILTIN_CLZLL 1
#define HAVE_MALLOC_INFO 1
#define HAVE_MALLOPT_ARENA_MAX 1
#define HAVE_VISIBILITY_ATTRIBUTE 1
#define HAVE_THREAD_LOCAL 1
#define HAVE_SYS_GETRANDOM 1
#define HAVE_GETENTROPY 1
#define HAVE_GETENTROPY_RAND 1
#define HAVE_MINIUPNPC_MINIWGET_H 1
#define HAVE_MINIUPNPC_MINIUPNPC_H 1
#define HAVE_MINIUPNPC_UPNPCOMMANDS_H 1
#define HAVE_MINIUPNPC_UPNPERRORS_H 1
#define HAVE_BOOST /**/
#define HAVE_BOOST_SYSTEM /**/
#define HAVE_BOOST_FILESYSTEM /**/
#define HAVE_BOOST_THREAD /**/
#define HAVE_BOOST_CHRONO /**/
#define HAVE_BOOST_UNIT_TEST_FRAMEWORK /**/
#define HAVE_WORKING_BOOST_SLEEP_FOR 1
#define ENABLE_ZMQ 1
#define HAVE_DECL_EVP_MD_CTX_NEW 1
#define HAVE_CONSENSUS_LIB 1
#define ENABLE_WALLET 1
#define USE_UPNP 0
#define USE_DBUS 1
#define ENABLE_BIP70 1
#define CLIENT_VERSION_MAJOR 0
#define CLIENT_VERSION_MINOR 18
#define CLIENT_VERSION_REVISION 1
#define CLIENT_VERSION_BUILD 0
#define CLIENT_VERSION_IS_RELEASE true
#define COPYRIGHT_YEAR 2020
#define COPYRIGHT_HOLDERS "The %s developers"
#define COPYRIGHT_HOLDERS_SUBSTITUTION "Suscoin Core"
#define COPYRIGHT_HOLDERS_FINAL "The Suscoin Core developers"

configure: exit 0

## ---------------------- ##
## Running config.status. ##
## ---------------------- ##

This file was extended by Suscoin Core config.status 0.18.1, which was
generated by GNU Autoconf 2.69.  Invocation command line was

  CONFIG_FILES    = 
  CONFIG_HEADERS  = 
  CONFIG_LINKS    = 
  CONFIG_COMMANDS = 
  $ ./config.status 

on DESKTOP-7K0ITBL

config.status:1467: creating libbitcoinconsensus.pc
config.status:1467: creating Makefile
config.status:1467: creating src/Makefile
config.status:1467: creating doc/man/Makefile
config.status:1467: creating share/setup.nsi
config.status:1467: creating share/qt/Info.plist
config.status:1467: creating test/config.ini
config.status:1467: creating contrib/devtools/split-debug.sh
config.status:1467: creating src/config/bitcoin-config.h
config.status:1648: src/config/bitcoin-config.h is unchanged
config.status:1727: executing depfiles commands
config.status:1804: cd src       && sed -e '/# am--include-marker/d' Makefile         | make -f - am--depfiles
make[1]: Entering directory '/mnt/e/Projekty/susCoin/litecoin/src'
make[1]: Nothing to be done for 'am--depfiles'.
make[1]: Leaving directory '/mnt/e/Projekty/susCoin/litecoin/src'
config.status:1809: $? = 0
config.status:1727: executing libtool commands

## ---------------------- ##
## Running config.status. ##
## ---------------------- ##

This file was extended by Suscoin Core config.status 0.18.1, which was
generated by GNU Autoconf 2.69.  Invocation command line was

  CONFIG_FILES    = 
  CONFIG_HEADERS  = 
  CONFIG_LINKS    = 
  CONFIG_COMMANDS = 
  $ ./config.status src/config/bitcoin-config.h

on DESKTOP-7K0ITBL

config.status:1467: creating src/config/bitcoin-config.h
config.status:1648: src/config/bitcoin-config.h is unchanged
